State shape: (4, 84, 84), dtype: float32
Environment OK!
Using CUDA: True
Episode 0 - Step 164 - Mean Reward 727.0 - Mean Length 164.0 - PG Loss 0.0 - V Loss 0.0 - Entropy 0.0 - Time Delta 26.5 - Time 2026-04-12T22:38:42
Checkpoint saved → checkpoints/2026-04-12T22-37-51/mario_ppo_ep1.chkpt
Episode 20 - Step 5878 - Mean Reward 512.238 - Mean Length 279.905 - PG Loss 0.00021 - V Loss 202.63804 - Entropy 0.23252 - Time Delta 87.119 - Time 2026-04-12T22:40:09
Episode 40 - Step 13499 - Mean Reward 428.293 - Mean Length 329.244 - PG Loss 1e-05 - V Loss 161.13123 - Entropy 0.21152 - Time Delta 103.69 - Time 2026-04-12T22:41:53
Episode 60 - Step 17503 - Mean Reward 416.328 - Mean Length 286.934 - PG Loss 6e-05 - V Loss 149.6999 - Entropy 0.17671 - Time Delta 54.106 - Time 2026-04-12T22:42:47
Episode 80 - Step 19844 - Mean Reward 405.358 - Mean Length 244.988 - PG Loss 2e-05 - V Loss 141.04675 - Entropy 0.1565 - Time Delta 31.562 - Time 2026-04-12T22:43:19
Episode 100 - Step 21794 - Mean Reward 385.56 - Mean Length 216.3 - PG Loss 4e-05 - V Loss 128.57114 - Entropy 0.1373 - Time Delta 26.775 - Time 2026-04-12T22:43:46
Episode 120 - Step 23878 - Mean Reward 362.47 - Mean Length 180.0 - PG Loss -8e-05 - V Loss 101.85801 - Entropy 0.1011 - Time Delta 28.204 - Time 2026-04-12T22:44:14
Episode 140 - Step 26287 - Mean Reward 402.86 - Mean Length 127.88 - PG Loss -7e-05 - V Loss 97.08634 - Entropy 0.08184 - Time Delta 32.805 - Time 2026-04-12T22:44:47
Episode 160 - Step 29766 - Mean Reward 458.3 - Mean Length 122.63 - PG Loss -7e-05 - V Loss 94.05582 - Entropy 0.09344 - Time Delta 47.135 - Time 2026-04-12T22:45:34
Episode 180 - Step 31938 - Mean Reward 488.86 - Mean Length 120.94 - PG Loss -0.00013 - V Loss 79.34205 - Entropy 0.08437 - Time Delta 29.659 - Time 2026-04-12T22:46:03
Episode 200 - Step 34656 - Mean Reward 549.73 - Mean Length 128.62 - PG Loss -0.00015 - V Loss 76.18967 - Entropy 0.09038 - Time Delta 37.631 - Time 2026-04-12T22:46:41
Episode 220 - Step 37205 - Mean Reward 591.73 - Mean Length 133.27 - PG Loss -0.00012 - V Loss 68.48139 - Entropy 0.09356 - Time Delta 35.55 - Time 2026-04-12T22:47:17
Episode 240 - Step 39926 - Mean Reward 604.81 - Mean Length 136.39 - PG Loss -0.00014 - V Loss 60.55425 - Entropy 0.09185 - Time Delta 37.697 - Time 2026-04-12T22:47:54
Episode 260 - Step 42006 - Mean Reward 577.27 - Mean Length 122.4 - PG Loss -0.0004 - V Loss 45.76081 - Entropy 0.08162 - Time Delta 29.531 - Time 2026-04-12T22:48:24
Episode 280 - Step 44966 - Mean Reward 620.32 - Mean Length 130.28 - PG Loss -0.00033 - V Loss 45.85726 - Entropy 0.09358 - Time Delta 41.335 - Time 2026-04-12T22:49:05
Episode 300 - Step 47858 - Mean Reward 641.98 - Mean Length 132.02 - PG Loss -0.00038 - V Loss 45.36769 - Entropy 0.10655 - Time Delta 40.541 - Time 2026-04-12T22:49:46
Episode 320 - Step 50678 - Mean Reward 662.79 - Mean Length 134.73 - PG Loss -0.00033 - V Loss 44.42957 - Entropy 0.11205 - Time Delta 38.815 - Time 2026-04-12T22:50:25
Episode 340 - Step 53701 - Mean Reward 681.31 - Mean Length 137.75 - PG Loss -0.00025 - V Loss 47.04059 - Entropy 0.12542 - Time Delta 41.893 - Time 2026-04-12T22:51:06
Episode 360 - Step 56782 - Mean Reward 702.54 - Mean Length 147.76 - PG Loss 9e-05 - V Loss 55.21165 - Entropy 0.134 - Time Delta 42.813 - Time 2026-04-12T22:51:49
Episode 380 - Step 59531 - Mean Reward 687.77 - Mean Length 145.65 - PG Loss 4e-05 - V Loss 58.1048 - Entropy 0.14667 - Time Delta 38.363 - Time 2026-04-12T22:52:28
Episode 400 - Step 62105 - Mean Reward 665.97 - Mean Length 142.47 - PG Loss 0.00018 - V Loss 56.24258 - Entropy 0.14508 - Time Delta 36.525 - Time 2026-04-12T22:53:04
Episode 420 - Step 64365 - Mean Reward 639.21 - Mean Length 136.87 - PG Loss 0.00038 - V Loss 57.57001 - Entropy 0.14686 - Time Delta 31.629 - Time 2026-04-12T22:53:36
Episode 440 - Step 66675 - Mean Reward 618.68 - Mean Length 129.74 - PG Loss 0.00038 - V Loss 52.01763 - Entropy 0.14652 - Time Delta 32.246 - Time 2026-04-12T22:54:08
Episode 460 - Step 69378 - Mean Reward 609.06 - Mean Length 125.96 - PG Loss 0.00038 - V Loss 45.58608 - Entropy 0.1425 - Time Delta 37.182 - Time 2026-04-12T22:54:45
Episode 480 - Step 72091 - Mean Reward 593.48 - Mean Length 125.6 - PG Loss 0.00046 - V Loss 46.06254 - Entropy 0.13323 - Time Delta 37.7 - Time 2026-04-12T22:55:23
Episode 500 - Step 74313 - Mean Reward 556.84 - Mean Length 122.08 - PG Loss 0.0006 - V Loss 44.81104 - Entropy 0.12446 - Time Delta 30.871 - Time 2026-04-12T22:55:54
Checkpoint saved → checkpoints/2026-04-12T22-37-51/mario_ppo_ep501.chkpt
Episode 520 - Step 75308 - Mean Reward 497.11 - Mean Length 109.43 - PG Loss 0.00167 - V Loss 39.22096 - Entropy 0.10205 - Time Delta 14.129 - Time 2026-04-12T22:56:08
Episode 540 - Step 76108 - Mean Reward 423.82 - Mean Length 94.33 - PG Loss 0.00163 - V Loss 32.24945 - Entropy 0.07215 - Time Delta 11.268 - Time 2026-04-12T22:56:19
Episode 560 - Step 78808 - Mean Reward 369.61 - Mean Length 94.3 - PG Loss 0.0014 - V Loss 31.49039 - Entropy 0.05911 - Time Delta 37.253 - Time 2026-04-12T22:56:56
Episode 580 - Step 85261 - Mean Reward 362.42 - Mean Length 131.7 - PG Loss 0.00235 - V Loss 36.39467 - Entropy 0.07643 - Time Delta 88.739 - Time 2026-04-12T22:58:25
Episode 600 - Step 89128 - Mean Reward 398.62 - Mean Length 148.15 - PG Loss 0.00214 - V Loss 42.71206 - Entropy 0.09491 - Time Delta 53.053 - Time 2026-04-12T22:59:18
Episode 620 - Step 91685 - Mean Reward 460.84 - Mean Length 163.77 - PG Loss 0.00078 - V Loss 47.4597 - Entropy 0.11721 - Time Delta 35.497 - Time 2026-04-12T22:59:54
Episode 640 - Step 93769 - Mean Reward 519.17 - Mean Length 176.61 - PG Loss 0.00077 - V Loss 52.86176 - Entropy 0.13538 - Time Delta 28.394 - Time 2026-04-12T23:00:22
Episode 660 - Step 97276 - Mean Reward 582.19 - Mean Length 184.68 - PG Loss 0.00076 - V Loss 59.76393 - Entropy 0.15146 - Time Delta 47.552 - Time 2026-04-12T23:01:10
Episode 680 - Step 99412 - Mean Reward 568.97 - Mean Length 141.51 - PG Loss -0.0003 - V Loss 50.95556 - Entropy 0.13164 - Time Delta 29.556 - Time 2026-04-12T23:01:39
Episode 700 - Step 101932 - Mean Reward 560.43 - Mean Length 128.04 - PG Loss -0.00043 - V Loss 45.0043 - Entropy 0.11945 - Time Delta 34.233 - Time 2026-04-12T23:02:13
Episode 720 - Step 104283 - Mean Reward 561.16 - Mean Length 125.98 - PG Loss -0.00035 - V Loss 43.2467 - Entropy 0.11697 - Time Delta 32.069 - Time 2026-04-12T23:02:45
Episode 740 - Step 107282 - Mean Reward 586.1 - Mean Length 135.13 - PG Loss -0.00042 - V Loss 47.09122 - Entropy 0.13094 - Time Delta 41.305 - Time 2026-04-12T23:03:27
Episode 760 - Step 109677 - Mean Reward 570.8 - Mean Length 124.01 - PG Loss -0.00032 - V Loss 39.93258 - Entropy 0.12808 - Time Delta 33.243 - Time 2026-04-12T23:04:00
Episode 780 - Step 112443 - Mean Reward 609.66 - Mean Length 130.31 - PG Loss -0.00035 - V Loss 38.12708 - Entropy 0.13128 - Time Delta 38.089 - Time 2026-04-12T23:04:38
Episode 800 - Step 115052 - Mean Reward 628.47 - Mean Length 131.2 - PG Loss -0.00028 - V Loss 35.91617 - Entropy 0.13458 - Time Delta 36.408 - Time 2026-04-12T23:05:15
Episode 820 - Step 117208 - Mean Reward 624.31 - Mean Length 129.25 - PG Loss -0.00023 - V Loss 36.24749 - Entropy 0.13705 - Time Delta 29.84 - Time 2026-04-12T23:05:44
Episode 840 - Step 119371 - Mean Reward 608.51 - Mean Length 120.89 - PG Loss -5e-05 - V Loss 34.45148 - Entropy 0.13211 - Time Delta 30.31 - Time 2026-04-12T23:06:15
Episode 860 - Step 121810 - Mean Reward 620.88 - Mean Length 121.33 - PG Loss -0.00013 - V Loss 32.12288 - Entropy 0.12678 - Time Delta 33.573 - Time 2026-04-12T23:06:48
Episode 880 - Step 125931 - Mean Reward 652.03 - Mean Length 134.88 - PG Loss -1e-05 - V Loss 43.48801 - Entropy 0.14179 - Time Delta 56.409 - Time 2026-04-12T23:07:45
Episode 900 - Step 128375 - Mean Reward 642.67 - Mean Length 133.23 - PG Loss -0.00013 - V Loss 46.05833 - Entropy 0.13949 - Time Delta 33.723 - Time 2026-04-12T23:08:18
Episode 920 - Step 131109 - Mean Reward 664.53 - Mean Length 139.01 - PG Loss -0.00016 - V Loss 48.0436 - Entropy 0.14742 - Time Delta 38.114 - Time 2026-04-12T23:08:56
Episode 940 - Step 134005 - Mean Reward 686.06 - Mean Length 146.34 - PG Loss -0.00037 - V Loss 48.22201 - Entropy 0.1454 - Time Delta 39.907 - Time 2026-04-12T23:09:36
Episode 960 - Step 137592 - Mean Reward 699.78 - Mean Length 157.82 - PG Loss -0.00036 - V Loss 55.47039 - Entropy 0.154 - Time Delta 49.1 - Time 2026-04-12T23:10:25
Episode 980 - Step 140145 - Mean Reward 630.65 - Mean Length 142.14 - PG Loss -0.00025 - V Loss 48.46932 - Entropy 0.13772 - Time Delta 35.399 - Time 2026-04-12T23:11:01
Episode 1000 - Step 142525 - Mean Reward 623.69 - Mean Length 141.5 - PG Loss -8e-05 - V Loss 46.86702 - Entropy 0.1347 - Time Delta 33.169 - Time 2026-04-12T23:11:34
Checkpoint saved → checkpoints/2026-04-12T22-37-51/mario_ppo_ep1001.chkpt
Episode 1020 - Step 144827 - Mean Reward 609.76 - Mean Length 137.18 - PG Loss -0.0001 - V Loss 44.71716 - Entropy 0.12538 - Time Delta 31.765 - Time 2026-04-12T23:12:06
Episode 1040 - Step 147268 - Mean Reward 592.27 - Mean Length 132.63 - PG Loss 6e-05 - V Loss 43.09944 - Entropy 0.12664 - Time Delta 33.696 - Time 2026-04-12T23:12:40
Episode 1060 - Step 150866 - Mean Reward 641.29 - Mean Length 132.74 - PG Loss 6e-05 - V Loss 39.85245 - Entropy 0.13455 - Time Delta 49.952 - Time 2026-04-12T23:13:29
Episode 1080 - Step 153403 - Mean Reward 665.85 - Mean Length 132.58 - PG Loss -1e-05 - V Loss 37.0353 - Entropy 0.13657 - Time Delta 35.099 - Time 2026-04-12T23:14:05
Episode 1100 - Step 155865 - Mean Reward 670.09 - Mean Length 133.4 - PG Loss -8e-05 - V Loss 37.3535 - Entropy 0.14032 - Time Delta 33.916 - Time 2026-04-12T23:14:38
Episode 1120 - Step 158878 - Mean Reward 671.85 - Mean Length 140.51 - PG Loss 2e-05 - V Loss 43.21787 - Entropy 0.15051 - Time Delta 41.999 - Time 2026-04-12T23:15:20
Episode 1140 - Step 161602 - Mean Reward 680.74 - Mean Length 143.34 - PG Loss -1e-05 - V Loss 44.11784 - Entropy 0.14903 - Time Delta 37.699 - Time 2026-04-12T23:15:58
Episode 1160 - Step 163723 - Mean Reward 610.0 - Mean Length 128.57 - PG Loss 0.00017 - V Loss 40.19756 - Entropy 0.12944 - Time Delta 29.411 - Time 2026-04-12T23:16:28
Episode 1180 - Step 166941 - Mean Reward 624.72 - Mean Length 135.38 - PG Loss 5e-05 - V Loss 48.53091 - Entropy 0.13943 - Time Delta 44.85 - Time 2026-04-12T23:17:12
Episode 1200 - Step 170373 - Mean Reward 647.98 - Mean Length 145.08 - PG Loss 0.0002 - V Loss 50.64331 - Entropy 0.14263 - Time Delta 47.241 - Time 2026-04-12T23:18:00
Episode 1220 - Step 173215 - Mean Reward 656.64 - Mean Length 143.37 - PG Loss 0.00019 - V Loss 47.53432 - Entropy 0.142 - Time Delta 39.14 - Time 2026-04-12T23:18:39
Episode 1240 - Step 175715 - Mean Reward 642.3 - Mean Length 141.13 - PG Loss 0.00024 - V Loss 45.84829 - Entropy 0.14529 - Time Delta 34.678 - Time 2026-04-12T23:19:14
Episode 1260 - Step 178260 - Mean Reward 664.98 - Mean Length 145.37 - PG Loss 0.00011 - V Loss 46.00296 - Entropy 0.15598 - Time Delta 35.61 - Time 2026-04-12T23:19:49
Episode 1280 - Step 181274 - Mean Reward 665.61 - Mean Length 143.33 - PG Loss 0.00019 - V Loss 37.86652 - Entropy 0.1541 - Time Delta 41.778 - Time 2026-04-12T23:20:31
Episode 1300 - Step 183706 - Mean Reward 638.96 - Mean Length 133.33 - PG Loss 0.00011 - V Loss 33.23555 - Entropy 0.14683 - Time Delta 33.719 - Time 2026-04-12T23:21:05
Episode 1320 - Step 186736 - Mean Reward 668.03 - Mean Length 135.21 - PG Loss 0.00033 - V Loss 32.54318 - Entropy 0.14904 - Time Delta 41.866 - Time 2026-04-12T23:21:46
Episode 1340 - Step 189695 - Mean Reward 695.05 - Mean Length 139.8 - PG Loss 0.00032 - V Loss 35.21849 - Entropy 0.15654 - Time Delta 40.828 - Time 2026-04-12T23:22:27
Episode 1360 - Step 193439 - Mean Reward 702.91 - Mean Length 151.79 - PG Loss 0.00043 - V Loss 40.69041 - Entropy 0.17072 - Time Delta 51.271 - Time 2026-04-12T23:23:19
Episode 1380 - Step 195590 - Mean Reward 671.93 - Mean Length 143.16 - PG Loss 0.00042 - V Loss 40.13507 - Entropy 0.16553 - Time Delta 30.006 - Time 2026-04-12T23:23:49
Episode 1400 - Step 198138 - Mean Reward 676.14 - Mean Length 144.32 - PG Loss 0.00038 - V Loss 40.39633 - Entropy 0.16516 - Time Delta 35.423 - Time 2026-04-12T23:24:24
Episode 1420 - Step 201679 - Mean Reward 690.56 - Mean Length 149.43 - PG Loss -2e-05 - V Loss 40.22533 - Entropy 0.17317 - Time Delta 49.246 - Time 2026-04-12T23:25:13
Episode 1440 - Step 204180 - Mean Reward 682.42 - Mean Length 144.85 - PG Loss -6e-05 - V Loss 37.69403 - Entropy 0.16567 - Time Delta 34.645 - Time 2026-04-12T23:25:48
Episode 1460 - Step 207428 - Mean Reward 695.7 - Mean Length 139.89 - PG Loss -0.00022 - V Loss 34.97329 - Entropy 0.16115 - Time Delta 44.817 - Time 2026-04-12T23:26:33
Episode 1480 - Step 209934 - Mean Reward 720.18 - Mean Length 143.44 - PG Loss -0.00029 - V Loss 33.48674 - Entropy 0.15626 - Time Delta 34.713 - Time 2026-04-12T23:27:07
Episode 1500 - Step 212925 - Mean Reward 752.65 - Mean Length 147.87 - PG Loss -0.00026 - V Loss 34.64643 - Entropy 0.15484 - Time Delta 41.28 - Time 2026-04-12T23:27:49
Checkpoint saved → checkpoints/2026-04-12T22-37-51/mario_ppo_ep1501.chkpt
Episode 1520 - Step 215372 - Mean Reward 710.89 - Mean Length 136.93 - PG Loss -0.00015 - V Loss 32.47704 - Entropy 0.13555 - Time Delta 33.899 - Time 2026-04-12T23:28:23
Episode 1540 - Step 218018 - Mean Reward 711.12 - Mean Length 138.38 - PG Loss -0.0003 - V Loss 32.97698 - Entropy 0.13484 - Time Delta 36.092 - Time 2026-04-12T23:28:59
Episode 1560 - Step 220443 - Mean Reward 684.78 - Mean Length 130.15 - PG Loss -0.00012 - V Loss 30.17731 - Entropy 0.12504 - Time Delta 33.273 - Time 2026-04-12T23:29:32
Episode 1580 - Step 223260 - Mean Reward 702.18 - Mean Length 133.26 - PG Loss 5e-05 - V Loss 30.98583 - Entropy 0.13373 - Time Delta 38.308 - Time 2026-04-12T23:30:10
Episode 1600 - Step 226592 - Mean Reward 719.36 - Mean Length 136.67 - PG Loss 0.00014 - V Loss 33.19644 - Entropy 0.14369 - Time Delta 44.647 - Time 2026-04-12T23:30:55
Episode 1620 - Step 229750 - Mean Reward 732.85 - Mean Length 143.78 - PG Loss 0.00025 - V Loss 37.17454 - Entropy 0.15701 - Time Delta 42.981 - Time 2026-04-12T23:31:38
Episode 1640 - Step 232212 - Mean Reward 718.73 - Mean Length 141.94 - PG Loss 0.00066 - V Loss 39.07437 - Entropy 0.15774 - Time Delta 33.712 - Time 2026-04-12T23:32:12
Episode 1660 - Step 235302 - Mean Reward 743.72 - Mean Length 148.59 - PG Loss 0.00059 - V Loss 40.88021 - Entropy 0.15737 - Time Delta 42.336 - Time 2026-04-12T23:32:54
Episode 1680 - Step 238353 - Mean Reward 757.67 - Mean Length 150.93 - PG Loss 0.00052 - V Loss 42.12257 - Entropy 0.15193 - Time Delta 41.759 - Time 2026-04-12T23:33:36
Episode 1700 - Step 241465 - Mean Reward 751.66 - Mean Length 148.73 - PG Loss 0.00042 - V Loss 41.35499 - Entropy 0.14645 - Time Delta 42.51 - Time 2026-04-12T23:34:18
Episode 1720 - Step 244534 - Mean Reward 773.72 - Mean Length 147.84 - PG Loss 0.00025 - V Loss 37.82557 - Entropy 0.13979 - Time Delta 41.405 - Time 2026-04-12T23:35:00
Episode 1740 - Step 247668 - Mean Reward 825.04 - Mean Length 154.56 - PG Loss 0.00019 - V Loss 36.31507 - Entropy 0.13912 - Time Delta 42.204 - Time 2026-04-12T23:35:42
Episode 1760 - Step 250185 - Mean Reward 791.2 - Mean Length 148.83 - PG Loss 5e-05 - V Loss 34.77801 - Entropy 0.13091 - Time Delta 34.375 - Time 2026-04-12T23:36:16
Episode 1780 - Step 253898 - Mean Reward 814.42 - Mean Length 155.45 - PG Loss -0.00011 - V Loss 38.8367 - Entropy 0.14065 - Time Delta 51.365 - Time 2026-04-12T23:37:08
Episode 1800 - Step 257414 - Mean Reward 823.0 - Mean Length 159.49 - PG Loss -0.0001 - V Loss 38.87098 - Entropy 0.14658 - Time Delta 48.914 - Time 2026-04-12T23:37:56
Episode 1820 - Step 260273 - Mean Reward 806.71 - Mean Length 157.39 - PG Loss 0.00058 - V Loss 40.61685 - Entropy 0.14494 - Time Delta 39.497 - Time 2026-04-12T23:38:36
Episode 1840 - Step 263396 - Mean Reward 788.05 - Mean Length 157.28 - PG Loss 0.00045 - V Loss 42.83147 - Entropy 0.14821 - Time Delta 43.638 - Time 2026-04-12T23:39:20
Episode 1860 - Step 266973 - Mean Reward 850.3 - Mean Length 167.88 - PG Loss 0.00052 - V Loss 42.93755 - Entropy 0.15447 - Time Delta 48.268 - Time 2026-04-12T23:40:08
Episode 1880 - Step 270465 - Mean Reward 843.1 - Mean Length 165.67 - PG Loss 0.00077 - V Loss 39.30579 - Entropy 0.14926 - Time Delta 46.678 - Time 2026-04-12T23:40:55
Episode 1900 - Step 273375 - Mean Reward 823.68 - Mean Length 159.61 - PG Loss 0.00081 - V Loss 36.22731 - Entropy 0.13884 - Time Delta 38.82 - Time 2026-04-12T23:41:33
Episode 1920 - Step 275842 - Mean Reward 801.05 - Mean Length 155.69 - PG Loss 4e-05 - V Loss 33.18473 - Entropy 0.1273 - Time Delta 36.55 - Time 2026-04-12T23:42:10
Episode 1940 - Step 278838 - Mean Reward 807.09 - Mean Length 154.42 - PG Loss 0.0003 - V Loss 30.39572 - Entropy 0.11839 - Time Delta 40.204 - Time 2026-04-12T23:42:50
Episode 1960 - Step 281627 - Mean Reward 769.32 - Mean Length 146.54 - PG Loss 0.00015 - V Loss 32.25838 - Entropy 0.10887 - Time Delta 38.863 - Time 2026-04-12T23:43:29
Episode 1980 - Step 283702 - Mean Reward 704.51 - Mean Length 132.37 - PG Loss -4e-05 - V Loss 28.44459 - Entropy 0.08898 - Time Delta 31.279 - Time 2026-04-12T23:44:00
Episode 2000 - Step 287017 - Mean Reward 734.28 - Mean Length 136.42 - PG Loss -6e-05 - V Loss 30.15058 - Entropy 0.0848 - Time Delta 43.964 - Time 2026-04-12T23:44:44
Checkpoint saved → checkpoints/2026-04-12T22-37-51/mario_ppo_ep2001.chkpt
Episode 2020 - Step 289688 - Mean Reward 746.34 - Mean Length 138.46 - PG Loss -0.00018 - V Loss 31.96212 - Entropy 0.08558 - Time Delta 36.225 - Time 2026-04-12T23:45:20
Episode 2040 - Step 292536 - Mean Reward 749.92 - Mean Length 136.98 - PG Loss -0.00083 - V Loss 32.44646 - Entropy 0.08212 - Time Delta 38.099 - Time 2026-04-12T23:45:59
Episode 2060 - Step 295853 - Mean Reward 771.39 - Mean Length 142.26 - PG Loss -0.00012 - V Loss 31.685 - Entropy 0.08624 - Time Delta 44.148 - Time 2026-04-12T23:46:43
Episode 2080 - Step 300365 - Mean Reward 843.7 - Mean Length 166.63 - PG Loss 0.0002 - V Loss 37.10957 - Entropy 0.0998 - Time Delta 59.991 - Time 2026-04-12T23:47:43
Episode 2100 - Step 303113 - Mean Reward 806.29 - Mean Length 160.96 - PG Loss 0.00014 - V Loss 37.93995 - Entropy 0.10427 - Time Delta 36.777 - Time 2026-04-12T23:48:19
Episode 2120 - Step 305604 - Mean Reward 796.08 - Mean Length 159.16 - PG Loss 0.00039 - V Loss 35.30419 - Entropy 0.10618 - Time Delta 33.082 - Time 2026-04-12T23:48:53
Episode 2140 - Step 311572 - Mean Reward 797.43 - Mean Length 190.36 - PG Loss 0.0046 - V Loss 37.21038 - Entropy 0.12251 - Time Delta 79.353 - Time 2026-04-12T23:50:12
Episode 2160 - Step 314642 - Mean Reward 790.27 - Mean Length 187.89 - PG Loss 0.00373 - V Loss 37.65882 - Entropy 0.116 - Time Delta 40.838 - Time 2026-04-12T23:50:53
Episode 2180 - Step 317829 - Mean Reward 773.67 - Mean Length 174.64 - PG Loss 0.00337 - V Loss 33.33009 - Entropy 0.10481 - Time Delta 42.445 - Time 2026-04-12T23:51:35
Episode 2200 - Step 320756 - Mean Reward 786.86 - Mean Length 176.43 - PG Loss 0.00326 - V Loss 32.16115 - Entropy 0.09582 - Time Delta 39.18 - Time 2026-04-12T23:52:14
Episode 2220 - Step 324452 - Mean Reward 862.98 - Mean Length 188.48 - PG Loss 0.00322 - V Loss 34.93232 - Entropy 0.09438 - Time Delta 49.256 - Time 2026-04-12T23:53:04
Episode 2240 - Step 327439 - Mean Reward 863.37 - Mean Length 158.67 - PG Loss -0.00116 - V Loss 34.15654 - Entropy 0.07704 - Time Delta 39.959 - Time 2026-04-12T23:53:44
Episode 2260 - Step 331200 - Mean Reward 860.07 - Mean Length 165.58 - PG Loss -0.0001 - V Loss 32.39407 - Entropy 0.07282 - Time Delta 49.739 - Time 2026-04-12T23:54:33
Episode 2280 - Step 334752 - Mean Reward 890.39 - Mean Length 169.23 - PG Loss -0.00011 - V Loss 34.71265 - Entropy 0.07696 - Time Delta 47.227 - Time 2026-04-12T23:55:21
Episode 2300 - Step 338320 - Mean Reward 930.01 - Mean Length 175.64 - PG Loss -0.00018 - V Loss 35.30607 - Entropy 0.0843 - Time Delta 47.612 - Time 2026-04-12T23:56:08
Episode 2320 - Step 341135 - Mean Reward 881.53 - Mean Length 166.83 - PG Loss -0.00016 - V Loss 33.70041 - Entropy 0.08258 - Time Delta 37.69 - Time 2026-04-12T23:56:46
Episode 2340 - Step 344093 - Mean Reward 883.34 - Mean Length 166.54 - PG Loss 0.00024 - V Loss 32.30004 - Entropy 0.08253 - Time Delta 39.469 - Time 2026-04-12T23:57:25
Episode 2360 - Step 347298 - Mean Reward 908.13 - Mean Length 160.98 - PG Loss -0.00043 - V Loss 31.07962 - Entropy 0.08869 - Time Delta 42.703 - Time 2026-04-12T23:58:08
Episode 2380 - Step 350099 - Mean Reward 865.14 - Mean Length 153.47 - PG Loss -0.00024 - V Loss 29.17027 - Entropy 0.08477 - Time Delta 37.286 - Time 2026-04-12T23:58:45
Episode 2400 - Step 353241 - Mean Reward 841.36 - Mean Length 149.21 - PG Loss -0.00018 - V Loss 28.79707 - Entropy 0.08272 - Time Delta 41.823 - Time 2026-04-12T23:59:27
Episode 2420 - Step 356105 - Mean Reward 845.49 - Mean Length 149.7 - PG Loss -0.00027 - V Loss 29.82166 - Entropy 0.08348 - Time Delta 38.245 - Time 2026-04-13T00:00:05
Episode 2440 - Step 358694 - Mean Reward 825.3 - Mean Length 146.01 - PG Loss -0.00023 - V Loss 28.64041 - Entropy 0.07846 - Time Delta 34.573 - Time 2026-04-13T00:00:40
Episode 2460 - Step 361584 - Mean Reward 801.24 - Mean Length 142.86 - PG Loss -6e-05 - V Loss 31.73763 - Entropy 0.08229 - Time Delta 38.78 - Time 2026-04-13T00:01:19
Episode 2480 - Step 365042 - Mean Reward 836.12 - Mean Length 149.43 - PG Loss -0.00014 - V Loss 31.58219 - Entropy 0.08996 - Time Delta 45.914 - Time 2026-04-13T00:02:05
Episode 2500 - Step 368417 - Mean Reward 847.67 - Mean Length 151.76 - PG Loss -7e-05 - V Loss 33.72773 - Entropy 0.09769 - Time Delta 45.044 - Time 2026-04-13T00:02:50
Checkpoint saved → checkpoints/2026-04-12T22-37-51/mario_ppo_ep2501.chkpt
Episode 2520 - Step 371301 - Mean Reward 842.99 - Mean Length 151.96 - PG Loss -0.00016 - V Loss 33.61125 - Entropy 0.09768 - Time Delta 38.594 - Time 2026-04-13T00:03:28
Episode 2540 - Step 373859 - Mean Reward 846.71 - Mean Length 151.65 - PG Loss -0.00037 - V Loss 32.90244 - Entropy 0.09616 - Time Delta 34.042 - Time 2026-04-13T00:04:02
Episode 2560 - Step 377074 - Mean Reward 864.18 - Mean Length 154.9 - PG Loss -0.00069 - V Loss 30.05646 - Entropy 0.0914 - Time Delta 42.751 - Time 2026-04-13T00:04:45
Episode 2580 - Step 380428 - Mean Reward 865.67 - Mean Length 153.86 - PG Loss -0.00081 - V Loss 29.76334 - Entropy 0.08925 - Time Delta 44.958 - Time 2026-04-13T00:05:30
Episode 2600 - Step 383327 - Mean Reward 839.17 - Mean Length 149.1 - PG Loss -0.00067 - V Loss 28.14389 - Entropy 0.07798 - Time Delta 38.527 - Time 2026-04-13T00:06:09
Episode 2620 - Step 385890 - Mean Reward 817.69 - Mean Length 145.89 - PG Loss -0.00059 - V Loss 28.6921 - Entropy 0.07737 - Time Delta 34.119 - Time 2026-04-13T00:06:43
Episode 2640 - Step 388921 - Mean Reward 841.31 - Mean Length 150.62 - PG Loss -0.00049 - V Loss 29.13235 - Entropy 0.08108 - Time Delta 40.413 - Time 2026-04-13T00:07:23
Episode 2660 - Step 392740 - Mean Reward 874.94 - Mean Length 156.66 - PG Loss -0.0002 - V Loss 31.4593 - Entropy 0.08738 - Time Delta 51.474 - Time 2026-04-13T00:08:15
Episode 2680 - Step 396094 - Mean Reward 875.73 - Mean Length 156.66 - PG Loss -7e-05 - V Loss 32.29051 - Entropy 0.08376 - Time Delta 44.608 - Time 2026-04-13T00:08:59
Episode 2700 - Step 399360 - Mean Reward 895.41 - Mean Length 160.33 - PG Loss -8e-05 - V Loss 33.97114 - Entropy 0.08692 - Time Delta 43.808 - Time 2026-04-13T00:09:43
Episode 2720 - Step 404574 - Mean Reward 958.2 - Mean Length 186.84 - PG Loss 0.00014 - V Loss 34.94812 - Entropy 0.09194 - Time Delta 69.08 - Time 2026-04-13T00:10:52
Episode 2740 - Step 407381 - Mean Reward 935.88 - Mean Length 184.6 - PG Loss 0.00058 - V Loss 35.57152 - Entropy 0.09488 - Time Delta 37.394 - Time 2026-04-13T00:11:29
Episode 2760 - Step 410197 - Mean Reward 884.78 - Mean Length 174.57 - PG Loss 0.00038 - V Loss 33.46239 - Entropy 0.09272 - Time Delta 37.61 - Time 2026-04-13T00:12:07
Episode 2780 - Step 413908 - Mean Reward 901.18 - Mean Length 178.14 - PG Loss 0.00035 - V Loss 32.73641 - Entropy 0.09494 - Time Delta 49.389 - Time 2026-04-13T00:12:56
Episode 2800 - Step 417097 - Mean Reward 903.08 - Mean Length 177.37 - PG Loss 0.00019 - V Loss 30.99657 - Entropy 0.09498 - Time Delta 42.596 - Time 2026-04-13T00:13:39
Episode 2820 - Step 420559 - Mean Reward 904.71 - Mean Length 159.85 - PG Loss 8e-05 - V Loss 28.82797 - Entropy 0.09272 - Time Delta 46.259 - Time 2026-04-13T00:14:25
Episode 2840 - Step 424154 - Mean Reward 970.25 - Mean Length 167.73 - PG Loss -0.00019 - V Loss 29.36843 - Entropy 0.09213 - Time Delta 47.835 - Time 2026-04-13T00:15:13
Episode 2860 - Step 427766 - Mean Reward 1019.09 - Mean Length 175.69 - PG Loss 0.00071 - V Loss 30.45498 - Entropy 0.0864 - Time Delta 48.031 - Time 2026-04-13T00:16:01
Episode 2880 - Step 431161 - Mean Reward 1005.32 - Mean Length 172.53 - PG Loss 0.00079 - V Loss 31.43101 - Entropy 0.08563 - Time Delta 45.175 - Time 2026-04-13T00:16:46
Episode 2900 - Step 434375 - Mean Reward 989.8 - Mean Length 172.78 - PG Loss 0.001 - V Loss 34.02326 - Entropy 0.08642 - Time Delta 42.795 - Time 2026-04-13T00:17:29
Episode 2920 - Step 436833 - Mean Reward 918.61 - Mean Length 162.74 - PG Loss 0.00106 - V Loss 35.48026 - Entropy 0.07932 - Time Delta 33.033 - Time 2026-04-13T00:18:02
Episode 2940 - Step 439544 - Mean Reward 860.29 - Mean Length 153.9 - PG Loss 0.00079 - V Loss 35.47155 - Entropy 0.07276 - Time Delta 36.171 - Time 2026-04-13T00:18:38
Episode 2960 - Step 442373 - Mean Reward 812.19 - Mean Length 146.07 - PG Loss -0.00029 - V Loss 34.47119 - Entropy 0.0704 - Time Delta 37.93 - Time 2026-04-13T00:19:16
Episode 2980 - Step 445491 - Mean Reward 798.15 - Mean Length 143.3 - PG Loss -0.00044 - V Loss 32.79061 - Entropy 0.06451 - Time Delta 41.488 - Time 2026-04-13T00:19:58
Episode 3000 - Step 448630 - Mean Reward 805.52 - Mean Length 142.55 - PG Loss -0.0006 - V Loss 30.51083 - Entropy 0.05923 - Time Delta 41.822 - Time 2026-04-13T00:20:40
Checkpoint saved → checkpoints/2026-04-12T22-37-51/mario_ppo_ep3001.chkpt
Episode 3020 - Step 451505 - Mean Reward 840.05 - Mean Length 146.72 - PG Loss -0.00093 - V Loss 28.16675 - Entropy 0.05998 - Time Delta 38.49 - Time 2026-04-13T00:21:18
Episode 3040 - Step 455307 - Mean Reward 856.95 - Mean Length 157.63 - PG Loss 0.00086 - V Loss 28.81666 - Entropy 0.06025 - Time Delta 50.681 - Time 2026-04-13T00:22:09
Episode 3060 - Step 458072 - Mean Reward 740.89 - Mean Length 156.99 - PG Loss 0.00105 - V Loss 32.37685 - Entropy 0.04839 - Time Delta 36.837 - Time 2026-04-13T00:22:46
Episode 3080 - Step 458872 - Mean Reward 604.22 - Mean Length 133.81 - PG Loss 0.00114 - V Loss 28.76399 - Entropy 0.0357 - Time Delta 11.211 - Time 2026-04-13T00:22:57
Episode 3100 - Step 459672 - Mean Reward 473.96 - Mean Length 110.42 - PG Loss 0.00123 - V Loss 22.41473 - Entropy 0.02267 - Time Delta 10.876 - Time 2026-04-13T00:23:08
Episode 3120 - Step 461185 - Mean Reward 365.88 - Mean Length 96.8 - PG Loss 0.00134 - V Loss 19.49955 - Entropy 0.01261 - Time Delta 20.45 - Time 2026-04-13T00:23:28
Episode 3140 - Step 463460 - Mean Reward 282.42 - Mean Length 81.53 - PG Loss 0.00073 - V Loss 17.19075 - Entropy 0.01158 - Time Delta 30.553 - Time 2026-04-13T00:23:59
Episode 3160 - Step 465245 - Mean Reward 300.8 - Mean Length 71.73 - PG Loss 0.00076 - V Loss 9.34339 - Entropy 0.01434 - Time Delta 23.83 - Time 2026-04-13T00:24:23
Episode 3180 - Step 467752 - Mean Reward 387.12 - Mean Length 88.8 - PG Loss 0.00054 - V Loss 13.32812 - Entropy 0.02235 - Time Delta 33.48 - Time 2026-04-13T00:24:56
Episode 3200 - Step 470792 - Mean Reward 490.02 - Mean Length 111.2 - PG Loss 0.00043 - V Loss 19.06421 - Entropy 0.03588 - Time Delta 40.653 - Time 2026-04-13T00:25:37
Episode 3220 - Step 473440 - Mean Reward 580.41 - Mean Length 122.55 - PG Loss 0.00058 - V Loss 22.69203 - Entropy 0.04479 - Time Delta 35.367 - Time 2026-04-13T00:26:12
Episode 3240 - Step 475971 - Mean Reward 629.12 - Mean Length 125.11 - PG Loss -0.00054 - V Loss 22.04287 - Entropy 0.04446 - Time Delta 33.827 - Time 2026-04-13T00:26:46
Episode 3260 - Step 479362 - Mean Reward 761.07 - Mean Length 141.17 - PG Loss -0.00066 - V Loss 27.0639 - Entropy 0.05774 - Time Delta 45.325 - Time 2026-04-13T00:27:31
Episode 3280 - Step 482917 - Mean Reward 829.3 - Mean Length 151.65 - PG Loss -0.00042 - V Loss 28.48756 - Entropy 0.06307 - Time Delta 47.276 - Time 2026-04-13T00:28:18
Episode 3300 - Step 486495 - Mean Reward 879.97 - Mean Length 157.03 - PG Loss -0.00067 - V Loss 30.13908 - Entropy 0.0662 - Time Delta 47.716 - Time 2026-04-13T00:29:06
Episode 3320 - Step 490030 - Mean Reward 935.03 - Mean Length 165.9 - PG Loss -0.00066 - V Loss 31.38259 - Entropy 0.07356 - Time Delta 47.252 - Time 2026-04-13T00:29:53
Episode 3340 - Step 493575 - Mean Reward 1003.89 - Mean Length 176.04 - PG Loss -0.00047 - V Loss 33.1555 - Entropy 0.07896 - Time Delta 47.354 - Time 2026-04-13T00:30:41
Episode 3360 - Step 496793 - Mean Reward 984.62 - Mean Length 174.31 - PG Loss -0.00059 - V Loss 32.89946 - Entropy 0.07518 - Time Delta 42.917 - Time 2026-04-13T00:31:24
Episode 3380 - Step 500023 - Mean Reward 969.82 - Mean Length 171.06 - PG Loss -0.00037 - V Loss 31.67607 - Entropy 0.07297 - Time Delta 42.964 - Time 2026-04-13T00:32:07
Episode 3400 - Step 501874 - Mean Reward 874.47 - Mean Length 153.79 - PG Loss -0.00017 - V Loss 29.86116 - Entropy 0.06202 - Time Delta 24.899 - Time 2026-04-13T00:32:32
Episode 3420 - Step 505020 - Mean Reward 858.7 - Mean Length 149.9 - PG Loss -0.00011 - V Loss 27.84695 - Entropy 0.05625 - Time Delta 41.958 - Time 2026-04-13T00:33:14
Episode 3440 - Step 508034 - Mean Reward 824.28 - Mean Length 144.59 - PG Loss -1e-05 - V Loss 27.51956 - Entropy 0.0528 - Time Delta 40.231 - Time 2026-04-13T00:33:54
Episode 3460 - Step 511145 - Mean Reward 826.89 - Mean Length 143.52 - PG Loss 0.00017 - V Loss 27.23431 - Entropy 0.0506 - Time Delta 41.447 - Time 2026-04-13T00:34:35
Episode 3480 - Step 514371 - Mean Reward 818.26 - Mean Length 143.48 - PG Loss -0.00021 - V Loss 26.88214 - Entropy 0.05238 - Time Delta 42.969 - Time 2026-04-13T00:35:18
Episode 3500 - Step 517904 - Mean Reward 926.72 - Mean Length 160.3 - PG Loss -0.00047 - V Loss 26.97487 - Entropy 0.05796 - Time Delta 47.08 - Time 2026-04-13T00:36:05
Checkpoint saved → checkpoints/2026-04-12T22-37-51/mario_ppo_ep3501.chkpt
Episode 3520 - Step 521147 - Mean Reward 932.63 - Mean Length 161.27 - PG Loss -0.00058 - V Loss 27.76795 - Entropy 0.05677 - Time Delta 43.26 - Time 2026-04-13T00:36:49
Episode 3540 - Step 524883 - Mean Reward 981.8 - Mean Length 168.49 - PG Loss -0.00077 - V Loss 29.01417 - Entropy 0.05899 - Time Delta 50.332 - Time 2026-04-13T00:37:39
Episode 3560 - Step 528548 - Mean Reward 1025.87 - Mean Length 174.03 - PG Loss -0.00084 - V Loss 28.161 - Entropy 0.06036 - Time Delta 48.893 - Time 2026-04-13T00:38:28
Episode 3580 - Step 532472 - Mean Reward 1081.67 - Mean Length 181.01 - PG Loss -0.00062 - V Loss 28.00347 - Entropy 0.05863 - Time Delta 52.323 - Time 2026-04-13T00:39:20
Episode 3600 - Step 535577 - Mean Reward 1026.31 - Mean Length 176.73 - PG Loss 8e-05 - V Loss 31.16523 - Entropy 0.06625 - Time Delta 41.786 - Time 2026-04-13T00:40:02
Episode 3620 - Step 539545 - Mean Reward 1059.22 - Mean Length 183.98 - PG Loss 3e-05 - V Loss 32.38489 - Entropy 0.06931 - Time Delta 52.822 - Time 2026-04-13T00:40:55
Episode 3640 - Step 543325 - Mean Reward 1040.22 - Mean Length 184.42 - PG Loss 0.0001 - V Loss 37.49796 - Entropy 0.06839 - Time Delta 50.789 - Time 2026-04-13T00:41:45
Episode 3660 - Step 545467 - Mean Reward 940.07 - Mean Length 169.19 - PG Loss -1e-05 - V Loss 37.91469 - Entropy 0.06271 - Time Delta 28.707 - Time 2026-04-13T00:42:14
Episode 3680 - Step 548839 - Mean Reward 901.5 - Mean Length 163.67 - PG Loss -0.00012 - V Loss 38.46825 - Entropy 0.05998 - Time Delta 44.903 - Time 2026-04-13T00:42:59
Episode 3700 - Step 552770 - Mean Reward 861.05 - Mean Length 171.93 - PG Loss -0.00045 - V Loss 37.08189 - Entropy 0.04541 - Time Delta 52.699 - Time 2026-04-13T00:43:52
Episode 3720 - Step 553570 - Mean Reward 682.58 - Mean Length 140.25 - PG Loss -0.00034 - V Loss 33.48135 - Entropy 0.03146 - Time Delta 11.142 - Time 2026-04-13T00:44:03
Episode 3740 - Step 554370 - Mean Reward 526.89 - Mean Length 110.45 - PG Loss -0.00029 - V Loss 22.30969 - Entropy 0.01888 - Time Delta 10.934 - Time 2026-04-13T00:44:14
Episode 3760 - Step 556397 - Mean Reward 498.16 - Mean Length 109.3 - PG Loss -0.00035 - V Loss 21.23907 - Entropy 0.01755 - Time Delta 27.259 - Time 2026-04-13T00:44:41
Episode 3780 - Step 560527 - Mean Reward 447.76 - Mean Length 116.88 - PG Loss -0.0007 - V Loss 21.09159 - Entropy 0.01597 - Time Delta 55.338 - Time 2026-04-13T00:45:36
Episode 3800 - Step 561327 - Mean Reward 376.89 - Mean Length 85.57 - PG Loss -0.00065 - V Loss 15.81802 - Entropy 0.01173 - Time Delta 11.099 - Time 2026-04-13T00:45:48
Episode 3820 - Step 562127 - Mean Reward 376.89 - Mean Length 85.57 - PG Loss -0.00065 - V Loss 13.63035 - Entropy 0.01175 - Time Delta 10.869 - Time 2026-04-13T00:45:58
Episode 3840 - Step 562927 - Mean Reward 376.89 - Mean Length 85.57 - PG Loss -0.00065 - V Loss 13.76119 - Entropy 0.01182 - Time Delta 11.107 - Time 2026-04-13T00:46:10
Episode 3860 - Step 563727 - Mean Reward 328.95 - Mean Length 73.3 - PG Loss -0.00037 - V Loss 9.91742 - Entropy 0.00717 - Time Delta 11.296 - Time 2026-04-13T00:46:21
Episode 3880 - Step 564527 - Mean Reward 231.0 - Mean Length 40.0 - PG Loss 2e-05 - V Loss 4.73171 - Entropy 0.00032 - Time Delta 10.886 - Time 2026-04-13T00:46:32
Episode 3900 - Step 565327 - Mean Reward 231.0 - Mean Length 40.0 - PG Loss 0.0 - V Loss 2.32478 - Entropy 0.00031 - Time Delta 11.084 - Time 2026-04-13T00:46:43
Episode 3920 - Step 566127 - Mean Reward 231.0 - Mean Length 40.0 - PG Loss 0.0 - V Loss 1.4986 - Entropy 0.00032 - Time Delta 11.156 - Time 2026-04-13T00:46:54
Episode 3940 - Step 566927 - Mean Reward 231.0 - Mean Length 40.0 - PG Loss 0.0 - V Loss 0.58358 - Entropy 0.00034 - Time Delta 11.225 - Time 2026-04-13T00:47:05
Episode 3960 - Step 567727 - Mean Reward 231.0 - Mean Length 40.0 - PG Loss 0.0 - V Loss 0.24657 - Entropy 0.00031 - Time Delta 10.918 - Time 2026-04-13T00:47:16
Episode 3980 - Step 568527 - Mean Reward 231.0 - Mean Length 40.0 - PG Loss -0.0 - V Loss 0.19231 - Entropy 0.00038 - Time Delta 11.089 - Time 2026-04-13T00:47:27
Episode 4000 - Step 569327 - Mean Reward 231.0 - Mean Length 40.0 - PG Loss -0.0 - V Loss 0.11177 - Entropy 0.00034 - Time Delta 11.031 - Time 2026-04-13T00:47:38
Checkpoint saved → checkpoints/2026-04-12T22-37-51/mario_ppo_ep4001.chkpt
Episode 4020 - Step 570127 - Mean Reward 231.0 - Mean Length 40.0 - PG Loss 0.0 - V Loss 0.10344 - Entropy 0.00042 - Time Delta 11.42 - Time 2026-04-13T00:47:50
Episode 4040 - Step 570927 - Mean Reward 231.0 - Mean Length 40.0 - PG Loss -0.0 - V Loss 0.07759 - Entropy 0.00043 - Time Delta 11.216 - Time 2026-04-13T00:48:01
Episode 4060 - Step 571727 - Mean Reward 231.0 - Mean Length 40.0 - PG Loss -0.0 - V Loss 0.06999 - Entropy 0.00043 - Time Delta 10.915 - Time 2026-04-13T00:48:12
Episode 4080 - Step 572527 - Mean Reward 231.0 - Mean Length 40.0 - PG Loss -0.0 - V Loss 0.05925 - Entropy 0.00039 - Time Delta 11.134 - Time 2026-04-13T00:48:23
Episode 4100 - Step 573327 - Mean Reward 231.0 - Mean Length 40.0 - PG Loss -0.0 - V Loss 0.06027 - Entropy 0.00036 - Time Delta 13.456 - Time 2026-04-13T00:48:36
Episode 4120 - Step 574127 - Mean Reward 231.0 - Mean Length 40.0 - PG Loss -0.0 - V Loss 0.05288 - Entropy 0.0003 - Time Delta 16.886 - Time 2026-04-13T00:48:53
Episode 4140 - Step 574927 - Mean Reward 231.0 - Mean Length 40.0 - PG Loss -0.0 - V Loss 0.0408 - Entropy 0.00023 - Time Delta 10.861 - Time 2026-04-13T00:49:04
Episode 4160 - Step 575727 - Mean Reward 231.0 - Mean Length 40.0 - PG Loss -0.0 - V Loss 0.04207 - Entropy 0.00024 - Time Delta 11.049 - Time 2026-04-13T00:49:15
Episode 4180 - Step 576527 - Mean Reward 231.0 - Mean Length 40.0 - PG Loss -0.0 - V Loss 0.04196 - Entropy 0.00028 - Time Delta 11.324 - Time 2026-04-13T00:49:26
Episode 4200 - Step 577327 - Mean Reward 231.0 - Mean Length 40.0 - PG Loss -0.0 - V Loss 0.04266 - Entropy 0.00031 - Time Delta 10.821 - Time 2026-04-13T00:49:37
Episode 4220 - Step 578127 - Mean Reward 231.0 - Mean Length 40.0 - PG Loss -0.0 - V Loss 0.05386 - Entropy 0.00038 - Time Delta 11.021 - Time 2026-04-13T00:49:48
Episode 4240 - Step 578927 - Mean Reward 231.0 - Mean Length 40.0 - PG Loss -0.0 - V Loss 0.05223 - Entropy 0.00044 - Time Delta 17.39 - Time 2026-04-13T00:50:06
Episode 4260 - Step 579727 - Mean Reward 231.0 - Mean Length 40.0 - PG Loss -0.0 - V Loss 0.05668 - Entropy 0.00052 - Time Delta 11.03 - Time 2026-04-13T00:50:17
Episode 4280 - Step 580527 - Mean Reward 231.0 - Mean Length 40.0 - PG Loss -0.0 - V Loss 0.05015 - Entropy 0.00047 - Time Delta 10.813 - Time 2026-04-13T00:50:28
Episode 4300 - Step 581327 - Mean Reward 231.0 - Mean Length 40.0 - PG Loss -0.0 - V Loss 0.05997 - Entropy 0.00048 - Time Delta 11.009 - Time 2026-04-13T00:50:39
Episode 4320 - Step 582127 - Mean Reward 231.0 - Mean Length 40.0 - PG Loss -0.0 - V Loss 0.04631 - Entropy 0.00036 - Time Delta 10.798 - Time 2026-04-13T00:50:49
Episode 4340 - Step 582927 - Mean Reward 231.0 - Mean Length 40.0 - PG Loss -0.0 - V Loss 0.05303 - Entropy 0.00031 - Time Delta 11.048 - Time 2026-04-13T00:51:00
Episode 4360 - Step 583727 - Mean Reward 231.0 - Mean Length 40.0 - PG Loss -0.0 - V Loss 0.05317 - Entropy 0.00021 - Time Delta 11.017 - Time 2026-04-13T00:51:11
Episode 4380 - Step 584527 - Mean Reward 231.0 - Mean Length 40.0 - PG Loss -0.0 - V Loss 0.05229 - Entropy 0.00018 - Time Delta 10.924 - Time 2026-04-13T00:51:22
Episode 4400 - Step 585327 - Mean Reward 231.0 - Mean Length 40.0 - PG Loss -0.0 - V Loss 0.04068 - Entropy 0.00021 - Time Delta 11.047 - Time 2026-04-13T00:51:33
Episode 4420 - Step 586127 - Mean Reward 231.0 - Mean Length 40.0 - PG Loss -1e-05 - V Loss 0.05078 - Entropy 0.00028 - Time Delta 10.804 - Time 2026-04-13T00:51:44
Episode 4440 - Step 586927 - Mean Reward 231.0 - Mean Length 40.0 - PG Loss -1e-05 - V Loss 0.04736 - Entropy 0.00048 - Time Delta 11.012 - Time 2026-04-13T00:51:55
Episode 4460 - Step 587727 - Mean Reward 231.0 - Mean Length 40.0 - PG Loss -1e-05 - V Loss 0.03825 - Entropy 0.00057 - Time Delta 10.795 - Time 2026-04-13T00:52:06
Episode 4480 - Step 588527 - Mean Reward 231.0 - Mean Length 40.0 - PG Loss -1e-05 - V Loss 0.03959 - Entropy 0.00066 - Time Delta 11.074 - Time 2026-04-13T00:52:17
Episode 4500 - Step 589327 - Mean Reward 231.0 - Mean Length 40.0 - PG Loss -0.0 - V Loss 0.03673 - Entropy 0.00065 - Time Delta 11.059 - Time 2026-04-13T00:52:28
Checkpoint saved → checkpoints/2026-04-12T22-37-51/mario_ppo_ep4501.chkpt
Episode 4520 - Step 590127 - Mean Reward 231.0 - Mean Length 40.0 - PG Loss -0.0 - V Loss 0.0251 - Entropy 0.00062 - Time Delta 11.518 - Time 2026-04-13T00:52:40
Episode 4540 - Step 590927 - Mean Reward 231.0 - Mean Length 40.0 - PG Loss 0.0 - V Loss 0.02923 - Entropy 0.00069 - Time Delta 11.067 - Time 2026-04-13T00:52:51
Episode 4560 - Step 591727 - Mean Reward 231.0 - Mean Length 40.0 - PG Loss 0.0 - V Loss 0.03186 - Entropy 0.00062 - Time Delta 10.993 - Time 2026-04-13T00:53:02
Episode 4580 - Step 592527 - Mean Reward 231.0 - Mean Length 40.0 - PG Loss 0.0 - V Loss 0.03412 - Entropy 0.00061 - Time Delta 11.117 - Time 2026-04-13T00:53:13
Episode 4600 - Step 593327 - Mean Reward 231.0 - Mean Length 40.0 - PG Loss 0.0 - V Loss 0.0333 - Entropy 0.00057 - Time Delta 10.875 - Time 2026-04-13T00:53:24
Episode 4620 - Step 594127 - Mean Reward 231.0 - Mean Length 40.0 - PG Loss 0.0 - V Loss 0.03828 - Entropy 0.00063 - Time Delta 11.082 - Time 2026-04-13T00:53:35
Episode 4640 - Step 594927 - Mean Reward 231.0 - Mean Length 40.0 - PG Loss -0.0 - V Loss 0.03151 - Entropy 0.00039 - Time Delta 10.849 - Time 2026-04-13T00:53:46
Episode 4660 - Step 595727 - Mean Reward 231.0 - Mean Length 40.0 - PG Loss -0.0 - V Loss 0.03393 - Entropy 0.00048 - Time Delta 11.051 - Time 2026-04-13T00:53:57
Episode 4680 - Step 596527 - Mean Reward 231.0 - Mean Length 40.0 - PG Loss -0.0 - V Loss 0.03213 - Entropy 0.00067 - Time Delta 11.055 - Time 2026-04-13T00:54:08
Episode 4700 - Step 597327 - Mean Reward 231.0 - Mean Length 40.0 - PG Loss -0.0 - V Loss 0.03181 - Entropy 0.00083 - Time Delta 10.859 - Time 2026-04-13T00:54:19
Episode 4720 - Step 598127 - Mean Reward 231.0 - Mean Length 40.0 - PG Loss -2e-05 - V Loss 0.0315 - Entropy 0.00113 - Time Delta 11.049 - Time 2026-04-13T00:54:30
Episode 4740 - Step 598927 - Mean Reward 231.0 - Mean Length 40.0 - PG Loss -2e-05 - V Loss 0.03153 - Entropy 0.00138 - Time Delta 10.928 - Time 2026-04-13T00:54:41
Episode 4760 - Step 599727 - Mean Reward 231.0 - Mean Length 40.0 - PG Loss -2e-05 - V Loss 0.03171 - Entropy 0.00165 - Time Delta 11.024 - Time 2026-04-13T00:54:52
Episode 4780 - Step 600527 - Mean Reward 231.0 - Mean Length 40.0 - PG Loss -2e-05 - V Loss 0.02763 - Entropy 0.00173 - Time Delta 10.786 - Time 2026-04-13T00:55:02
Episode 4800 - Step 601327 - Mean Reward 231.0 - Mean Length 40.0 - PG Loss -2e-05 - V Loss 0.03121 - Entropy 0.00235 - Time Delta 11.036 - Time 2026-04-13T00:55:13
Episode 4820 - Step 602127 - Mean Reward 231.0 - Mean Length 40.0 - PG Loss 4e-05 - V Loss 0.03282 - Entropy 0.00302 - Time Delta 11.036 - Time 2026-04-13T00:55:24
Episode 4840 - Step 602927 - Mean Reward 231.0 - Mean Length 40.0 - PG Loss 3e-05 - V Loss 0.03246 - Entropy 0.00296 - Time Delta 10.82 - Time 2026-04-13T00:55:35
Episode 4860 - Step 603727 - Mean Reward 231.0 - Mean Length 40.0 - PG Loss 4e-05 - V Loss 0.02981 - Entropy 0.0027 - Time Delta 11.037 - Time 2026-04-13T00:55:46
Episode 4880 - Step 604527 - Mean Reward 231.0 - Mean Length 40.0 - PG Loss -0.00011 - V Loss 0.0287 - Entropy 0.00331 - Time Delta 10.8 - Time 2026-04-13T00:55:57
Episode 4900 - Step 605331 - Mean Reward 230.92 - Mean Length 40.04 - PG Loss 0.00023 - V Loss 0.08696 - Entropy 0.00995 - Time Delta 11.061 - Time 2026-04-13T00:56:08
Episode 4920 - Step 606864 - Mean Reward 233.31 - Mean Length 47.37 - PG Loss 0.00041 - V Loss 2.52313 - Entropy 0.01501 - Time Delta 20.691 - Time 2026-04-13T00:56:29
Episode 4940 - Step 609023 - Mean Reward 297.98 - Mean Length 60.96 - PG Loss 0.00026 - V Loss 8.12697 - Entropy 0.02147 - Time Delta 28.832 - Time 2026-04-13T00:56:58
Episode 4960 - Step 614881 - Mean Reward 519.02 - Mean Length 111.54 - PG Loss 0.00026 - V Loss 16.75207 - Entropy 0.03305 - Time Delta 77.61 - Time 2026-04-13T00:58:15
Episode 4980 - Step 618733 - Mean Reward 702.35 - Mean Length 142.06 - PG Loss 0.0 - V Loss 22.74887 - Entropy 0.04327 - Time Delta 51.326 - Time 2026-04-13T00:59:07
Episode 5000 - Step 623022 - Mean Reward 910.58 - Mean Length 176.91 - PG Loss -0.00017 - V Loss 27.74777 - Entropy 0.04747 - Time Delta 56.903 - Time 2026-04-13T01:00:04
Checkpoint saved → checkpoints/2026-04-12T22-37-51/mario_ppo_ep5001.chkpt
Episode 5020 - Step 627392 - Mean Reward 1135.23 - Mean Length 205.28 - PG Loss -0.00025 - V Loss 30.12724 - Entropy 0.0545 - Time Delta 58.522 - Time 2026-04-13T01:01:02
Episode 5040 - Step 633046 - Mean Reward 1261.01 - Mean Length 240.23 - PG Loss -0.00026 - V Loss 35.92634 - Entropy 0.06115 - Time Delta 75.214 - Time 2026-04-13T01:02:17
Episode 5060 - Step 636734 - Mean Reward 1198.65 - Mean Length 218.53 - PG Loss -0.00071 - V Loss 34.08506 - Entropy 0.05681 - Time Delta 48.993 - Time 2026-04-13T01:03:06
Episode 5080 - Step 642098 - Mean Reward 1180.9 - Mean Length 233.65 - PG Loss -0.00087 - V Loss 36.22602 - Entropy 0.0556 - Time Delta 71.078 - Time 2026-04-13T01:04:17
Episode 5100 - Step 647868 - Mean Reward 1165.37 - Mean Length 248.46 - PG Loss -0.00151 - V Loss 38.6717 - Entropy 0.05443 - Time Delta 76.64 - Time 2026-04-13T01:05:34
Episode 5120 - Step 652137 - Mean Reward 1144.71 - Mean Length 247.45 - PG Loss -0.0019 - V Loss 39.69586 - Entropy 0.05326 - Time Delta 57.037 - Time 2026-04-13T01:06:31
Episode 5140 - Step 656211 - Mean Reward 1158.48 - Mean Length 231.65 - PG Loss -0.00159 - V Loss 32.80633 - Entropy 0.04984 - Time Delta 54.479 - Time 2026-04-13T01:07:25
Episode 5160 - Step 659654 - Mean Reward 1165.77 - Mean Length 229.2 - PG Loss -0.00128 - V Loss 30.82558 - Entropy 0.05163 - Time Delta 45.919 - Time 2026-04-13T01:08:11
Episode 5180 - Step 663072 - Mean Reward 1165.15 - Mean Length 209.74 - PG Loss -0.00102 - V Loss 27.28646 - Entropy 0.05087 - Time Delta 45.816 - Time 2026-04-13T01:08:57
Episode 5200 - Step 667360 - Mean Reward 1186.27 - Mean Length 194.92 - PG Loss -0.0005 - V Loss 24.16348 - Entropy 0.04936 - Time Delta 57.256 - Time 2026-04-13T01:09:54
Episode 5220 - Step 671674 - Mean Reward 1205.01 - Mean Length 195.37 - PG Loss -0.00034 - V Loss 22.5282 - Entropy 0.04827 - Time Delta 57.534 - Time 2026-04-13T01:10:52
Episode 5240 - Step 677363 - Mean Reward 1090.89 - Mean Length 211.52 - PG Loss -0.00066 - V Loss 23.99481 - Entropy 0.0432 - Time Delta 74.863 - Time 2026-04-13T01:12:07
Episode 5260 - Step 678163 - Mean Reward 924.92 - Mean Length 185.09 - PG Loss -0.00051 - V Loss 22.78379 - Entropy 0.03433 - Time Delta 11.033 - Time 2026-04-13T01:12:18
Episode 5280 - Step 678963 - Mean Reward 759.96 - Mean Length 158.91 - PG Loss -0.00021 - V Loss 20.45686 - Entropy 0.02509 - Time Delta 11.157 - Time 2026-04-13T01:12:29
Episode 5300 - Step 679763 - Mean Reward 546.22 - Mean Length 124.03 - PG Loss -0.00025 - V Loss 16.84828 - Entropy 0.01611 - Time Delta 11.6 - Time 2026-04-13T01:12:41
Episode 5320 - Step 680563 - Mean Reward 321.1 - Mean Length 88.89 - PG Loss -0.00017 - V Loss 13.77429 - Entropy 0.00521 - Time Delta 11.569 - Time 2026-04-13T01:12:52
Episode 5340 - Step 681363 - Mean Reward 231.0 - Mean Length 40.0 - PG Loss -0.0 - V Loss 8.03965 - Entropy 0.00034 - Time Delta 11.216 - Time 2026-04-13T01:13:03
Episode 5360 - Step 682163 - Mean Reward 231.0 - Mean Length 40.0 - PG Loss -0.0 - V Loss 4.72306 - Entropy 4e-05 - Time Delta 11.498 - Time 2026-04-13T01:13:15
Episode 5380 - Step 682963 - Mean Reward 231.0 - Mean Length 40.0 - PG Loss -0.0 - V Loss 2.49087 - Entropy 4e-05 - Time Delta 11.208 - Time 2026-04-13T01:13:26
Episode 5400 - Step 683763 - Mean Reward 231.0 - Mean Length 40.0 - PG Loss -0.0 - V Loss 1.73253 - Entropy 7e-05 - Time Delta 11.435 - Time 2026-04-13T01:13:38
Episode 5420 - Step 684563 - Mean Reward 231.0 - Mean Length 40.0 - PG Loss -0.0 - V Loss 0.59902 - Entropy 0.0001 - Time Delta 11.394 - Time 2026-04-13T01:13:49
Episode 5440 - Step 685363 - Mean Reward 231.0 - Mean Length 40.0 - PG Loss -0.0 - V Loss 0.35577 - Entropy 0.00011 - Time Delta 11.145 - Time 2026-04-13T01:14:00
Episode 5460 - Step 686163 - Mean Reward 231.0 - Mean Length 40.0 - PG Loss -0.0 - V Loss 0.09201 - Entropy 0.00015 - Time Delta 11.505 - Time 2026-04-13T01:14:12
Episode 5480 - Step 686963 - Mean Reward 231.0 - Mean Length 40.0 - PG Loss -0.0 - V Loss 0.05424 - Entropy 0.00017 - Time Delta 11.153 - Time 2026-04-13T01:14:23
Episode 5500 - Step 687763 - Mean Reward 231.0 - Mean Length 40.0 - PG Loss -0.0 - V Loss 0.0448 - Entropy 0.00019 - Time Delta 11.639 - Time 2026-04-13T01:14:34
Checkpoint saved → checkpoints/2026-04-12T22-37-51/mario_ppo_ep5501.chkpt
Episode 5520 - Step 688563 - Mean Reward 231.0 - Mean Length 40.0 - PG Loss -0.0 - V Loss 0.04263 - Entropy 0.00018 - Time Delta 11.418 - Time 2026-04-13T01:14:46
Episode 5540 - Step 689363 - Mean Reward 231.0 - Mean Length 40.0 - PG Loss -0.0 - V Loss 0.04594 - Entropy 0.00024 - Time Delta 11.475 - Time 2026-04-13T01:14:57
Episode 5560 - Step 690163 - Mean Reward 231.0 - Mean Length 40.0 - PG Loss -0.0 - V Loss 0.03316 - Entropy 0.00023 - Time Delta 11.254 - Time 2026-04-13T01:15:09
Episode 5580 - Step 690963 - Mean Reward 231.0 - Mean Length 40.0 - PG Loss -0.0 - V Loss 0.03553 - Entropy 0.00029 - Time Delta 11.507 - Time 2026-04-13T01:15:20
Episode 5600 - Step 691763 - Mean Reward 231.0 - Mean Length 40.0 - PG Loss -0.0 - V Loss 0.03199 - Entropy 0.00035 - Time Delta 11.498 - Time 2026-04-13T01:15:32
Episode 5620 - Step 692563 - Mean Reward 231.0 - Mean Length 40.0 - PG Loss -0.0 - V Loss 0.03359 - Entropy 0.00037 - Time Delta 11.232 - Time 2026-04-13T01:15:43
Episode 5640 - Step 693363 - Mean Reward 231.0 - Mean Length 40.0 - PG Loss -0.0 - V Loss 0.03442 - Entropy 0.00034 - Time Delta 11.536 - Time 2026-04-13T01:15:54
Episode 5660 - Step 694163 - Mean Reward 231.0 - Mean Length 40.0 - PG Loss -0.0 - V Loss 0.03509 - Entropy 0.00033 - Time Delta 11.155 - Time 2026-04-13T01:16:06
Episode 5680 - Step 694963 - Mean Reward 231.0 - Mean Length 40.0 - PG Loss -1e-05 - V Loss 0.03755 - Entropy 0.00028 - Time Delta 11.385 - Time 2026-04-13T01:16:17
Episode 5700 - Step 695763 - Mean Reward 231.0 - Mean Length 40.0 - PG Loss -0.0 - V Loss 0.03457 - Entropy 0.0002 - Time Delta 11.164 - Time 2026-04-13T01:16:28
Episode 5720 - Step 696563 - Mean Reward 231.0 - Mean Length 40.0 - PG Loss -0.0 - V Loss 0.03296 - Entropy 0.00019 - Time Delta 11.442 - Time 2026-04-13T01:16:39
Episode 5740 - Step 697363 - Mean Reward 231.0 - Mean Length 40.0 - PG Loss -0.0 - V Loss 0.02888 - Entropy 0.00015 - Time Delta 11.59 - Time 2026-04-13T01:16:51
Episode 5760 - Step 698163 - Mean Reward 231.0 - Mean Length 40.0 - PG Loss -0.0 - V Loss 0.02757 - Entropy 0.00014 - Time Delta 11.211 - Time 2026-04-13T01:17:02
Episode 5780 - Step 698963 - Mean Reward 231.0 - Mean Length 40.0 - PG Loss -0.0 - V Loss 0.02135 - Entropy 0.00011 - Time Delta 11.435 - Time 2026-04-13T01:17:14
Episode 5800 - Step 699763 - Mean Reward 231.0 - Mean Length 40.0 - PG Loss -0.0 - V Loss 0.02149 - Entropy 0.0001 - Time Delta 11.309 - Time 2026-04-13T01:17:25
Episode 5820 - Step 700563 - Mean Reward 231.0 - Mean Length 40.0 - PG Loss -0.0 - V Loss 0.02799 - Entropy 0.0001 - Time Delta 11.534 - Time 2026-04-13T01:17:37
Episode 5840 - Step 701363 - Mean Reward 231.0 - Mean Length 40.0 - PG Loss -0.0 - V Loss 0.02445 - Entropy 9e-05 - Time Delta 11.213 - Time 2026-04-13T01:17:48
Episode 5860 - Step 702163 - Mean Reward 231.0 - Mean Length 40.0 - PG Loss -0.0 - V Loss 0.02515 - Entropy 0.00011 - Time Delta 11.443 - Time 2026-04-13T01:17:59
Episode 5880 - Step 702963 - Mean Reward 231.0 - Mean Length 40.0 - PG Loss -0.0 - V Loss 0.02461 - Entropy 0.00012 - Time Delta 11.184 - Time 2026-04-13T01:18:10
Episode 5900 - Step 703763 - Mean Reward 231.0 - Mean Length 40.0 - PG Loss -0.0 - V Loss 0.02375 - Entropy 0.00016 - Time Delta 11.439 - Time 2026-04-13T01:18:22
Episode 5920 - Step 704563 - Mean Reward 231.0 - Mean Length 40.0 - PG Loss -0.0 - V Loss 0.01877 - Entropy 0.00018 - Time Delta 11.428 - Time 2026-04-13T01:18:33
Episode 5940 - Step 705363 - Mean Reward 231.0 - Mean Length 40.0 - PG Loss -0.0 - V Loss 0.01991 - Entropy 0.00019 - Time Delta 11.211 - Time 2026-04-13T01:18:44
Episode 5960 - Step 706163 - Mean Reward 231.0 - Mean Length 40.0 - PG Loss -0.0 - V Loss 0.01877 - Entropy 0.0002 - Time Delta 11.603 - Time 2026-04-13T01:18:56
Episode 5980 - Step 706963 - Mean Reward 231.0 - Mean Length 40.0 - PG Loss -0.0 - V Loss 0.01641 - Entropy 0.0002 - Time Delta 11.218 - Time 2026-04-13T01:19:07
Episode 6000 - Step 707763 - Mean Reward 231.0 - Mean Length 40.0 - PG Loss -0.0 - V Loss 0.01836 - Entropy 0.00019 - Time Delta 11.572 - Time 2026-04-13T01:19:19
Checkpoint saved → checkpoints/2026-04-12T22-37-51/mario_ppo_ep6001.chkpt
Episode 6020 - Step 708563 - Mean Reward 231.0 - Mean Length 40.0 - PG Loss -0.0 - V Loss 0.01409 - Entropy 0.00016 - Time Delta 11.337 - Time 2026-04-13T01:19:30
Episode 6040 - Step 709363 - Mean Reward 231.0 - Mean Length 40.0 - PG Loss -0.0 - V Loss 0.0142 - Entropy 0.00017 - Time Delta 11.559 - Time 2026-04-13T01:19:42
Episode 6060 - Step 710163 - Mean Reward 231.0 - Mean Length 40.0 - PG Loss -0.0 - V Loss 0.01425 - Entropy 0.00016 - Time Delta 11.357 - Time 2026-04-13T01:19:53
Episode 6080 - Step 710963 - Mean Reward 231.0 - Mean Length 40.0 - PG Loss -0.0 - V Loss 0.01503 - Entropy 0.00016 - Time Delta 11.254 - Time 2026-04-13T01:20:04
Episode 6100 - Step 711763 - Mean Reward 231.0 - Mean Length 40.0 - PG Loss -0.0 - V Loss 0.01267 - Entropy 0.00016 - Time Delta 11.458 - Time 2026-04-13T01:20:16
Episode 6120 - Step 712563 - Mean Reward 231.0 - Mean Length 40.0 - PG Loss -0.0 - V Loss 0.0124 - Entropy 0.00014 - Time Delta 11.192 - Time 2026-04-13T01:20:27
Episode 6140 - Step 713363 - Mean Reward 231.0 - Mean Length 40.0 - PG Loss -0.0 - V Loss 0.01277 - Entropy 0.00012 - Time Delta 11.338 - Time 2026-04-13T01:20:38
Episode 6160 - Step 714163 - Mean Reward 231.0 - Mean Length 40.0 - PG Loss -0.0 - V Loss 0.01195 - Entropy 8e-05 - Time Delta 11.188 - Time 2026-04-13T01:20:50
Episode 6180 - Step 714963 - Mean Reward 231.0 - Mean Length 40.0 - PG Loss -0.0 - V Loss 0.01688 - Entropy 6e-05 - Time Delta 11.3 - Time 2026-04-13T01:21:01
Episode 6200 - Step 715763 - Mean Reward 231.0 - Mean Length 40.0 - PG Loss -0.0 - V Loss 0.01573 - Entropy 3e-05 - Time Delta 11.122 - Time 2026-04-13T01:21:12
Episode 6220 - Step 716563 - Mean Reward 231.0 - Mean Length 40.0 - PG Loss -0.0 - V Loss 0.01618 - Entropy 4e-05 - Time Delta 11.421 - Time 2026-04-13T01:21:23
Episode 6240 - Step 717363 - Mean Reward 231.0 - Mean Length 40.0 - PG Loss -0.0 - V Loss 0.01311 - Entropy 4e-05 - Time Delta 11.394 - Time 2026-04-13T01:21:35
Episode 6260 - Step 718163 - Mean Reward 231.0 - Mean Length 40.0 - PG Loss -0.0 - V Loss 0.01128 - Entropy 4e-05 - Time Delta 11.174 - Time 2026-04-13T01:21:46
Episode 6280 - Step 718963 - Mean Reward 231.0 - Mean Length 40.0 - PG Loss -0.0 - V Loss 0.00891 - Entropy 4e-05 - Time Delta 11.413 - Time 2026-04-13T01:21:57
Episode 6300 - Step 719763 - Mean Reward 231.0 - Mean Length 40.0 - PG Loss -0.0 - V Loss 0.01374 - Entropy 4e-05 - Time Delta 11.185 - Time 2026-04-13T01:22:09
Episode 6320 - Step 720563 - Mean Reward 231.0 - Mean Length 40.0 - PG Loss -0.0 - V Loss 0.02028 - Entropy 5e-05 - Time Delta 11.408 - Time 2026-04-13T01:22:20
Episode 6340 - Step 721363 - Mean Reward 231.0 - Mean Length 40.0 - PG Loss -0.0 - V Loss 0.02217 - Entropy 4e-05 - Time Delta 11.305 - Time 2026-04-13T01:22:31
Episode 6360 - Step 722163 - Mean Reward 231.0 - Mean Length 40.0 - PG Loss -0.0 - V Loss 0.031 - Entropy 4e-05 - Time Delta 11.451 - Time 2026-04-13T01:22:43
Episode 6380 - Step 722963 - Mean Reward 231.0 - Mean Length 40.0 - PG Loss -0.0 - V Loss 0.03137 - Entropy 4e-05 - Time Delta 11.448 - Time 2026-04-13T01:22:54
Episode 6400 - Step 723763 - Mean Reward 231.0 - Mean Length 40.0 - PG Loss -0.0 - V Loss 0.02617 - Entropy 4e-05 - Time Delta 11.193 - Time 2026-04-13T01:23:05
Episode 6420 - Step 724563 - Mean Reward 231.0 - Mean Length 40.0 - PG Loss -0.0 - V Loss 0.02141 - Entropy 5e-05 - Time Delta 11.42 - Time 2026-04-13T01:23:17
Episode 6440 - Step 725363 - Mean Reward 231.0 - Mean Length 40.0 - PG Loss -0.0 - V Loss 0.02028 - Entropy 5e-05 - Time Delta 11.423 - Time 2026-04-13T01:23:28
Episode 6460 - Step 726163 - Mean Reward 231.0 - Mean Length 40.0 - PG Loss -0.0 - V Loss 0.01419 - Entropy 6e-05 - Time Delta 11.701 - Time 2026-04-13T01:23:40
Episode 6480 - Step 726963 - Mean Reward 231.0 - Mean Length 40.0 - PG Loss -0.0 - V Loss 0.01075 - Entropy 6e-05 - Time Delta 11.222 - Time 2026-04-13T01:23:51
Episode 6500 - Step 727763 - Mean Reward 231.0 - Mean Length 40.0 - PG Loss -0.0 - V Loss 0.01204 - Entropy 7e-05 - Time Delta 11.471 - Time 2026-04-13T01:24:03
Checkpoint saved → checkpoints/2026-04-12T22-37-51/mario_ppo_ep6501.chkpt
Episode 6520 - Step 728563 - Mean Reward 231.0 - Mean Length 40.0 - PG Loss -0.0 - V Loss 0.01564 - Entropy 6e-05 - Time Delta 11.391 - Time 2026-04-13T01:24:14
Episode 6540 - Step 729363 - Mean Reward 231.0 - Mean Length 40.0 - PG Loss -0.0 - V Loss 0.02271 - Entropy 8e-05 - Time Delta 11.44 - Time 2026-04-13T01:24:25
Episode 6560 - Step 730163 - Mean Reward 231.0 - Mean Length 40.0 - PG Loss -0.0 - V Loss 0.02751 - Entropy 9e-05 - Time Delta 11.398 - Time 2026-04-13T01:24:37
Episode 6580 - Step 730963 - Mean Reward 231.0 - Mean Length 40.0 - PG Loss -0.0 - V Loss 0.03242 - Entropy 9e-05 - Time Delta 11.141 - Time 2026-04-13T01:24:48
Episode 6600 - Step 731763 - Mean Reward 231.0 - Mean Length 40.0 - PG Loss -0.0 - V Loss 0.03441 - Entropy 9e-05 - Time Delta 11.304 - Time 2026-04-13T01:24:59
Episode 6620 - Step 732563 - Mean Reward 231.0 - Mean Length 40.0 - PG Loss -0.0 - V Loss 0.02859 - Entropy 9e-05 - Time Delta 11.063 - Time 2026-04-13T01:25:10
Episode 6640 - Step 733363 - Mean Reward 231.0 - Mean Length 40.0 - PG Loss -0.0 - V Loss 0.02075 - Entropy 0.0001 - Time Delta 11.329 - Time 2026-04-13T01:25:22
Episode 6660 - Step 734163 - Mean Reward 231.0 - Mean Length 40.0 - PG Loss -0.0 - V Loss 0.01316 - Entropy 9e-05 - Time Delta 11.144 - Time 2026-04-13T01:25:33
Episode 6680 - Step 734963 - Mean Reward 231.0 - Mean Length 40.0 - PG Loss -0.00031 - V Loss 0.00765 - Entropy 0.00225 - Time Delta 11.421 - Time 2026-04-13T01:25:44
Episode 6700 - Step 735763 - Mean Reward 231.0 - Mean Length 40.0 - PG Loss 0.00014 - V Loss 0.01273 - Entropy 0.00263 - Time Delta 11.549 - Time 2026-04-13T01:25:56
Episode 6720 - Step 736563 - Mean Reward 231.0 - Mean Length 40.0 - PG Loss 0.00015 - V Loss 0.01612 - Entropy 0.00277 - Time Delta 11.19 - Time 2026-04-13T01:26:07
Episode 6740 - Step 737363 - Mean Reward 231.0 - Mean Length 40.0 - PG Loss 0.00011 - V Loss 0.01999 - Entropy 0.00634 - Time Delta 11.418 - Time 2026-04-13T01:26:18
Episode 6760 - Step 738163 - Mean Reward 231.0 - Mean Length 40.0 - PG Loss 0.00015 - V Loss 0.02361 - Entropy 0.00844 - Time Delta 11.178 - Time 2026-04-13T01:26:30
Episode 6780 - Step 738963 - Mean Reward 231.0 - Mean Length 40.0 - PG Loss 0.00047 - V Loss 0.0282 - Entropy 0.00868 - Time Delta 11.414 - Time 2026-04-13T01:26:41
Episode 6800 - Step 739763 - Mean Reward 231.0 - Mean Length 40.0 - PG Loss 6e-05 - V Loss 0.02109 - Entropy 0.00909 - Time Delta 11.201 - Time 2026-04-13T01:26:52
Episode 6820 - Step 740563 - Mean Reward 231.0 - Mean Length 40.0 - PG Loss 2e-05 - V Loss 0.02131 - Entropy 0.01025 - Time Delta 11.44 - Time 2026-04-13T01:27:04
Episode 6840 - Step 741363 - Mean Reward 231.0 - Mean Length 40.0 - PG Loss 7e-05 - V Loss 0.01816 - Entropy 0.00869 - Time Delta 11.195 - Time 2026-04-13T01:27:15
Episode 6860 - Step 742163 - Mean Reward 231.0 - Mean Length 40.0 - PG Loss 0.00016 - V Loss 0.01971 - Entropy 0.00844 - Time Delta 11.525 - Time 2026-04-13T01:27:26
Episode 6880 - Step 742963 - Mean Reward 231.0 - Mean Length 40.0 - PG Loss 0.00014 - V Loss 0.01575 - Entropy 0.00621 - Time Delta 11.694 - Time 2026-04-13T01:27:38
Episode 6900 - Step 743763 - Mean Reward 231.0 - Mean Length 40.0 - PG Loss 0.0001 - V Loss 0.0133 - Entropy 0.00547 - Time Delta 11.359 - Time 2026-04-13T01:27:49
Episode 6920 - Step 744563 - Mean Reward 231.0 - Mean Length 40.0 - PG Loss 0.00012 - V Loss 0.01519 - Entropy 0.00439 - Time Delta 11.515 - Time 2026-04-13T01:28:01
Episode 6940 - Step 745363 - Mean Reward 231.0 - Mean Length 40.0 - PG Loss 0.00011 - V Loss 0.01709 - Entropy 0.00249 - Time Delta 11.243 - Time 2026-04-13T01:28:12
Episode 6960 - Step 746163 - Mean Reward 231.0 - Mean Length 40.0 - PG Loss -2e-05 - V Loss 0.01819 - Entropy 0.0015 - Time Delta 11.485 - Time 2026-04-13T01:28:24
Episode 6980 - Step 746963 - Mean Reward 231.0 - Mean Length 40.0 - PG Loss -2e-05 - V Loss 0.02038 - Entropy 0.00177 - Time Delta 11.206 - Time 2026-04-13T01:28:35
Episode 7000 - Step 747763 - Mean Reward 231.0 - Mean Length 40.0 - PG Loss -4e-05 - V Loss 0.02678 - Entropy 0.00252 - Time Delta 11.371 - Time 2026-04-13T01:28:46
Checkpoint saved → checkpoints/2026-04-12T22-37-51/mario_ppo_ep7001.chkpt
Episode 7020 - Step 748563 - Mean Reward 231.0 - Mean Length 40.0 - PG Loss 5e-05 - V Loss 0.02765 - Entropy 0.00334 - Time Delta 11.464 - Time 2026-04-13T01:28:58
Episode 7040 - Step 749363 - Mean Reward 231.0 - Mean Length 40.0 - PG Loss 5e-05 - V Loss 0.02848 - Entropy 0.00382 - Time Delta 11.271 - Time 2026-04-13T01:29:09
Episode 7060 - Step 750163 - Mean Reward 231.0 - Mean Length 40.0 - PG Loss 0.00012 - V Loss 0.02563 - Entropy 0.00348 - Time Delta 11.393 - Time 2026-04-13T01:29:20
Episode 7080 - Step 750963 - Mean Reward 231.0 - Mean Length 40.0 - PG Loss 0.00013 - V Loss 0.0254 - Entropy 0.00305 - Time Delta 11.174 - Time 2026-04-13T01:29:32
Episode 7100 - Step 751763 - Mean Reward 231.0 - Mean Length 40.0 - PG Loss 0.00015 - V Loss 0.02166 - Entropy 0.00226 - Time Delta 11.375 - Time 2026-04-13T01:29:43
Episode 7120 - Step 752563 - Mean Reward 231.0 - Mean Length 40.0 - PG Loss 6e-05 - V Loss 0.01562 - Entropy 0.00124 - Time Delta 11.137 - Time 2026-04-13T01:29:54
Episode 7140 - Step 753363 - Mean Reward 231.0 - Mean Length 40.0 - PG Loss 7e-05 - V Loss 0.013 - Entropy 0.00064 - Time Delta 11.389 - Time 2026-04-13T01:30:05
Episode 7160 - Step 754163 - Mean Reward 231.0 - Mean Length 40.0 - PG Loss -0.0 - V Loss 0.00956 - Entropy 0.00011 - Time Delta 11.241 - Time 2026-04-13T01:30:17
Episode 7180 - Step 754963 - Mean Reward 231.0 - Mean Length 40.0 - PG Loss -0.0 - V Loss 0.00686 - Entropy 0.00011 - Time Delta 11.416 - Time 2026-04-13T01:30:28
Episode 7200 - Step 755763 - Mean Reward 231.0 - Mean Length 40.0 - PG Loss -0.0 - V Loss 0.00449 - Entropy 0.0001 - Time Delta 11.547 - Time 2026-04-13T01:30:40
Episode 7220 - Step 756563 - Mean Reward 231.0 - Mean Length 40.0 - PG Loss -0.0 - V Loss 0.00371 - Entropy 9e-05 - Time Delta 11.218 - Time 2026-04-13T01:30:51
Episode 7240 - Step 757363 - Mean Reward 231.0 - Mean Length 40.0 - PG Loss -0.0 - V Loss 0.00276 - Entropy 8e-05 - Time Delta 11.436 - Time 2026-04-13T01:31:02
Episode 7260 - Step 758163 - Mean Reward 231.0 - Mean Length 40.0 - PG Loss -0.0 - V Loss 0.00272 - Entropy 8e-05 - Time Delta 11.198 - Time 2026-04-13T01:31:13
Episode 7280 - Step 758963 - Mean Reward 231.0 - Mean Length 40.0 - PG Loss -0.0 - V Loss 0.0027 - Entropy 9e-05 - Time Delta 11.427 - Time 2026-04-13T01:31:25
Episode 7300 - Step 759763 - Mean Reward 231.0 - Mean Length 40.0 - PG Loss -0.0 - V Loss 0.00236 - Entropy 8e-05 - Time Delta 11.449 - Time 2026-04-13T01:31:36
Episode 7320 - Step 760563 - Mean Reward 231.0 - Mean Length 40.0 - PG Loss -0.0 - V Loss 0.00264 - Entropy 0.0001 - Time Delta 26.609 - Time 2026-04-13T01:32:03
Episode 7340 - Step 761363 - Mean Reward 231.0 - Mean Length 40.0 - PG Loss -0.0 - V Loss 0.00264 - Entropy 0.0001 - Time Delta 12.869 - Time 2026-04-13T01:32:16
Episode 7360 - Step 762163 - Mean Reward 231.0 - Mean Length 40.0 - PG Loss -0.0 - V Loss 0.00265 - Entropy 0.0001 - Time Delta 11.198 - Time 2026-04-13T01:32:27
Episode 7380 - Step 762963 - Mean Reward 231.0 - Mean Length 40.0 - PG Loss -0.0 - V Loss 0.00262 - Entropy 9e-05 - Time Delta 11.082 - Time 2026-04-13T01:32:38
Episode 7400 - Step 763763 - Mean Reward 231.0 - Mean Length 40.0 - PG Loss -0.0 - V Loss 0.00266 - Entropy 8e-05 - Time Delta 10.867 - Time 2026-04-13T01:32:49
Episode 7420 - Step 764563 - Mean Reward 231.0 - Mean Length 40.0 - PG Loss -0.0 - V Loss 0.00271 - Entropy 7e-05 - Time Delta 11.092 - Time 2026-04-13T01:33:00
Episode 7440 - Step 765363 - Mean Reward 231.0 - Mean Length 40.0 - PG Loss -0.0 - V Loss 0.00234 - Entropy 6e-05 - Time Delta 10.838 - Time 2026-04-13T01:33:11
Episode 7460 - Step 766163 - Mean Reward 231.0 - Mean Length 40.0 - PG Loss -0.0 - V Loss 0.00268 - Entropy 7e-05 - Time Delta 11.138 - Time 2026-04-13T01:33:22
Episode 7480 - Step 766963 - Mean Reward 231.0 - Mean Length 40.0 - PG Loss -0.0 - V Loss 0.00246 - Entropy 6e-05 - Time Delta 10.847 - Time 2026-04-13T01:33:33
Episode 7500 - Step 767763 - Mean Reward 231.0 - Mean Length 40.0 - PG Loss -0.0 - V Loss 0.00316 - Entropy 7e-05 - Time Delta 11.083 - Time 2026-04-13T01:33:44
Checkpoint saved → checkpoints/2026-04-12T22-37-51/mario_ppo_ep7501.chkpt
Episode 7520 - Step 768563 - Mean Reward 231.0 - Mean Length 40.0 - PG Loss -0.0 - V Loss 0.0032 - Entropy 7e-05 - Time Delta 12.028 - Time 2026-04-13T01:33:56
Episode 7540 - Step 769363 - Mean Reward 231.0 - Mean Length 40.0 - PG Loss -0.0 - V Loss 0.00323 - Entropy 7e-05 - Time Delta 10.846 - Time 2026-04-13T01:34:07
Episode 7560 - Step 770163 - Mean Reward 231.0 - Mean Length 40.0 - PG Loss -0.0 - V Loss 0.00319 - Entropy 7e-05 - Time Delta 11.086 - Time 2026-04-13T01:34:18
Episode 7580 - Step 770963 - Mean Reward 231.0 - Mean Length 40.0 - PG Loss -0.0 - V Loss 0.00311 - Entropy 7e-05 - Time Delta 10.865 - Time 2026-04-13T01:34:29
Episode 7600 - Step 771763 - Mean Reward 231.0 - Mean Length 40.0 - PG Loss -0.0 - V Loss 0.00278 - Entropy 7e-05 - Time Delta 11.096 - Time 2026-04-13T01:34:40
Episode 7620 - Step 772563 - Mean Reward 231.0 - Mean Length 40.0 - PG Loss -0.0 - V Loss 0.00242 - Entropy 6e-05 - Time Delta 10.853 - Time 2026-04-13T01:34:51
Episode 7640 - Step 773363 - Mean Reward 231.0 - Mean Length 40.0 - PG Loss -0.0 - V Loss 0.00273 - Entropy 7e-05 - Time Delta 11.114 - Time 2026-04-13T01:35:02
Episode 7660 - Step 774163 - Mean Reward 231.0 - Mean Length 40.0 - PG Loss -0.0 - V Loss 0.00557 - Entropy 7e-05 - Time Delta 11.123 - Time 2026-04-13T01:35:13
Episode 7680 - Step 774963 - Mean Reward 231.0 - Mean Length 40.0 - PG Loss -0.0 - V Loss 0.00838 - Entropy 7e-05 - Time Delta 10.879 - Time 2026-04-13T01:35:24
Episode 7700 - Step 775763 - Mean Reward 231.0 - Mean Length 40.0 - PG Loss -0.0 - V Loss 0.01816 - Entropy 7e-05 - Time Delta 11.214 - Time 2026-04-13T01:35:35
Episode 7720 - Step 776563 - Mean Reward 231.0 - Mean Length 40.0 - PG Loss -0.0 - V Loss 0.0186 - Entropy 7e-05 - Time Delta 10.864 - Time 2026-04-13T01:35:46
Episode 7740 - Step 777363 - Mean Reward 231.0 - Mean Length 40.0 - PG Loss -0.0 - V Loss 0.02184 - Entropy 7e-05 - Time Delta 11.121 - Time 2026-04-13T01:35:57
Episode 7760 - Step 778163 - Mean Reward 231.0 - Mean Length 40.0 - PG Loss -0.0 - V Loss 0.02298 - Entropy 6e-05 - Time Delta 10.913 - Time 2026-04-13T01:36:08
Episode 7780 - Step 778963 - Mean Reward 231.0 - Mean Length 40.0 - PG Loss -0.0 - V Loss 0.02777 - Entropy 8e-05 - Time Delta 11.09 - Time 2026-04-13T01:36:19
Episode 7800 - Step 779763 - Mean Reward 231.0 - Mean Length 40.0 - PG Loss -0.0 - V Loss 0.02027 - Entropy 7e-05 - Time Delta 10.87 - Time 2026-04-13T01:36:30
Episode 7820 - Step 780563 - Mean Reward 231.0 - Mean Length 40.0 - PG Loss -0.0 - V Loss 0.02549 - Entropy 9e-05 - Time Delta 11.173 - Time 2026-04-13T01:36:41
Episode 7840 - Step 781363 - Mean Reward 231.0 - Mean Length 40.0 - PG Loss -0.0 - V Loss 0.02737 - Entropy 9e-05 - Time Delta 11.109 - Time 2026-04-13T01:36:52
Episode 7860 - Step 782163 - Mean Reward 231.0 - Mean Length 40.0 - PG Loss -0.0 - V Loss 0.02573 - Entropy 9e-05 - Time Delta 10.877 - Time 2026-04-13T01:37:03
Episode 7880 - Step 782963 - Mean Reward 231.0 - Mean Length 40.0 - PG Loss -0.0 - V Loss 0.02785 - Entropy 9e-05 - Time Delta 11.097 - Time 2026-04-13T01:37:14
Episode 7900 - Step 783763 - Mean Reward 231.0 - Mean Length 40.0 - PG Loss -0.0 - V Loss 0.02908 - Entropy 9e-05 - Time Delta 10.872 - Time 2026-04-13T01:37:25
Episode 7920 - Step 784563 - Mean Reward 231.0 - Mean Length 40.0 - PG Loss -0.0 - V Loss 0.02942 - Entropy 9e-05 - Time Delta 11.136 - Time 2026-04-13T01:37:36
Episode 7940 - Step 785363 - Mean Reward 231.0 - Mean Length 40.0 - PG Loss -0.0 - V Loss 0.02659 - Entropy 8e-05 - Time Delta 10.875 - Time 2026-04-13T01:37:47
Episode 7960 - Step 786163 - Mean Reward 231.0 - Mean Length 40.0 - PG Loss -1e-05 - V Loss 0.02937 - Entropy 8e-05 - Time Delta 11.097 - Time 2026-04-13T01:37:58
Episode 7980 - Step 786963 - Mean Reward 231.0 - Mean Length 40.0 - PG Loss -1e-05 - V Loss 0.02497 - Entropy 8e-05 - Time Delta 11.236 - Time 2026-04-13T01:38:09
Episode 8000 - Step 787763 - Mean Reward 231.0 - Mean Length 40.0 - PG Loss -1e-05 - V Loss 0.0235 - Entropy 7e-05 - Time Delta 10.834 - Time 2026-04-13T01:38:20
Checkpoint saved → checkpoints/2026-04-12T22-37-51/mario_ppo_ep8001.chkpt
Episode 8020 - Step 788563 - Mean Reward 231.0 - Mean Length 40.0 - PG Loss -1e-05 - V Loss 0.02259 - Entropy 6e-05 - Time Delta 11.17 - Time 2026-04-13T01:38:31
Episode 8040 - Step 789363 - Mean Reward 231.0 - Mean Length 40.0 - PG Loss -1e-05 - V Loss 0.02241 - Entropy 6e-05 - Time Delta 10.836 - Time 2026-04-13T01:38:42
Episode 8060 - Step 790163 - Mean Reward 231.0 - Mean Length 40.0 - PG Loss -0.0 - V Loss 0.0223 - Entropy 6e-05 - Time Delta 11.078 - Time 2026-04-13T01:38:53
Episode 8080 - Step 790963 - Mean Reward 231.0 - Mean Length 40.0 - PG Loss -0.0 - V Loss 0.01935 - Entropy 5e-05 - Time Delta 10.853 - Time 2026-04-13T01:39:04
Episode 8100 - Step 791763 - Mean Reward 231.0 - Mean Length 40.0 - PG Loss -0.0 - V Loss 0.02199 - Entropy 5e-05 - Time Delta 11.08 - Time 2026-04-13T01:39:15
Episode 8120 - Step 792563 - Mean Reward 231.0 - Mean Length 40.0 - PG Loss -0.0 - V Loss 0.01922 - Entropy 5e-05 - Time Delta 10.96 - Time 2026-04-13T01:39:26
Episode 8140 - Step 793363 - Mean Reward 231.0 - Mean Length 40.0 - PG Loss -0.0 - V Loss 0.02114 - Entropy 5e-05 - Time Delta 11.099 - Time 2026-04-13T01:39:37
Episode 8160 - Step 794163 - Mean Reward 231.0 - Mean Length 40.0 - PG Loss -0.0 - V Loss 0.02534 - Entropy 5e-05 - Time Delta 11.128 - Time 2026-04-13T01:39:48
Episode 8180 - Step 794963 - Mean Reward 231.0 - Mean Length 40.0 - PG Loss -0.0 - V Loss 0.02421 - Entropy 5e-05 - Time Delta 10.908 - Time 2026-04-13T01:39:59
Episode 8200 - Step 795763 - Mean Reward 231.0 - Mean Length 40.0 - PG Loss -0.0 - V Loss 0.02118 - Entropy 5e-05 - Time Delta 11.121 - Time 2026-04-13T01:40:10
Episode 8220 - Step 796563 - Mean Reward 231.0 - Mean Length 40.0 - PG Loss -0.0 - V Loss 0.01972 - Entropy 5e-05 - Time Delta 10.815 - Time 2026-04-13T01:40:21
Episode 8240 - Step 797363 - Mean Reward 231.0 - Mean Length 40.0 - PG Loss -0.0 - V Loss 0.01717 - Entropy 5e-05 - Time Delta 11.008 - Time 2026-04-13T01:40:32
Episode 8260 - Step 798163 - Mean Reward 231.0 - Mean Length 40.0 - PG Loss 0.0 - V Loss 0.00841 - Entropy 5e-05 - Time Delta 10.797 - Time 2026-04-13T01:40:43
Episode 8280 - Step 798963 - Mean Reward 231.0 - Mean Length 40.0 - PG Loss -0.0 - V Loss 0.00864 - Entropy 6e-05 - Time Delta 11.115 - Time 2026-04-13T01:40:54
Episode 8300 - Step 799763 - Mean Reward 231.0 - Mean Length 40.0 - PG Loss -0.0 - V Loss 0.01 - Entropy 6e-05 - Time Delta 11.033 - Time 2026-04-13T01:41:05
Episode 8320 - Step 800563 - Mean Reward 231.0 - Mean Length 40.0 - PG Loss -0.0 - V Loss 0.01023 - Entropy 7e-05 - Time Delta 10.8 - Time 2026-04-13T01:41:16
Episode 8340 - Step 801363 - Mean Reward 231.0 - Mean Length 40.0 - PG Loss -0.0 - V Loss 0.01102 - Entropy 8e-05 - Time Delta 11.033 - Time 2026-04-13T01:41:27
Episode 8360 - Step 802163 - Mean Reward 231.0 - Mean Length 40.0 - PG Loss -0.0 - V Loss 0.01111 - Entropy 9e-05 - Time Delta 10.852 - Time 2026-04-13T01:41:38
Episode 8380 - Step 802963 - Mean Reward 231.0 - Mean Length 40.0 - PG Loss -0.0 - V Loss 0.0115 - Entropy 0.00012 - Time Delta 11.026 - Time 2026-04-13T01:41:49
Episode 8400 - Step 803763 - Mean Reward 231.0 - Mean Length 40.0 - PG Loss -0.0 - V Loss 0.00975 - Entropy 0.00012 - Time Delta 10.82 - Time 2026-04-13T01:42:00
Episode 8420 - Step 804563 - Mean Reward 231.0 - Mean Length 40.0 - PG Loss -0.0 - V Loss 0.01447 - Entropy 0.00015 - Time Delta 11.042 - Time 2026-04-13T01:42:11
Episode 8440 - Step 805363 - Mean Reward 231.0 - Mean Length 40.0 - PG Loss -0.0 - V Loss 0.01323 - Entropy 0.00014 - Time Delta 10.831 - Time 2026-04-13T01:42:22
Episode 8460 - Step 806163 - Mean Reward 231.0 - Mean Length 40.0 - PG Loss -0.0 - V Loss 0.01474 - Entropy 0.00016 - Time Delta 11.07 - Time 2026-04-13T01:42:33
Episode 8480 - Step 806963 - Mean Reward 231.0 - Mean Length 40.0 - PG Loss -0.0 - V Loss 0.0146 - Entropy 0.00016 - Time Delta 11.127 - Time 2026-04-13T01:42:44
Episode 8500 - Step 807763 - Mean Reward 231.0 - Mean Length 40.0 - PG Loss -0.0 - V Loss 0.01383 - Entropy 0.00015 - Time Delta 10.794 - Time 2026-04-13T01:42:55
Checkpoint saved → checkpoints/2026-04-12T22-37-51/mario_ppo_ep8501.chkpt
Episode 8520 - Step 808563 - Mean Reward 231.0 - Mean Length 40.0 - PG Loss -0.0 - V Loss 0.00974 - Entropy 0.00014 - Time Delta 11.107 - Time 2026-04-13T01:43:06
Episode 8540 - Step 809363 - Mean Reward 231.0 - Mean Length 40.0 - PG Loss -0.0 - V Loss 0.00912 - Entropy 0.00013 - Time Delta 10.81 - Time 2026-04-13T01:43:17
Episode 8560 - Step 810163 - Mean Reward 231.0 - Mean Length 40.0 - PG Loss -0.0 - V Loss 0.00861 - Entropy 0.0001 - Time Delta 11.066 - Time 2026-04-13T01:43:28
Episode 8580 - Step 810963 - Mean Reward 231.0 - Mean Length 40.0 - PG Loss -0.0 - V Loss 0.00764 - Entropy 7e-05 - Time Delta 10.837 - Time 2026-04-13T01:43:38
Episode 8600 - Step 811763 - Mean Reward 231.0 - Mean Length 40.0 - PG Loss -0.0 - V Loss 0.01148 - Entropy 6e-05 - Time Delta 11.058 - Time 2026-04-13T01:43:50
Episode 8620 - Step 812563 - Mean Reward 231.0 - Mean Length 40.0 - PG Loss -0.0 - V Loss 0.01268 - Entropy 2e-05 - Time Delta 11.075 - Time 2026-04-13T01:44:01
Episode 8640 - Step 813363 - Mean Reward 231.0 - Mean Length 40.0 - PG Loss 0.0 - V Loss 0.0135 - Entropy 1e-05 - Time Delta 10.833 - Time 2026-04-13T01:44:11
Episode 8660 - Step 814163 - Mean Reward 231.0 - Mean Length 40.0 - PG Loss 0.0 - V Loss 0.01405 - Entropy 1e-05 - Time Delta 11.056 - Time 2026-04-13T01:44:22
Episode 8680 - Step 814963 - Mean Reward 231.0 - Mean Length 40.0 - PG Loss 0.0 - V Loss 0.01355 - Entropy 1e-05 - Time Delta 10.904 - Time 2026-04-13T01:44:33
Episode 8700 - Step 815763 - Mean Reward 231.0 - Mean Length 40.0 - PG Loss -0.0 - V Loss 0.01024 - Entropy 1e-05 - Time Delta 10.999 - Time 2026-04-13T01:44:44
Episode 8720 - Step 816563 - Mean Reward 231.0 - Mean Length 40.0 - PG Loss -0.0 - V Loss 0.01064 - Entropy 1e-05 - Time Delta 10.785 - Time 2026-04-13T01:44:55
Episode 8740 - Step 817363 - Mean Reward 231.0 - Mean Length 40.0 - PG Loss -0.0 - V Loss 0.01663 - Entropy 1e-05 - Time Delta 11.017 - Time 2026-04-13T01:45:06
Episode 8760 - Step 818163 - Mean Reward 231.0 - Mean Length 40.0 - PG Loss -0.0 - V Loss 0.01693 - Entropy 1e-05 - Time Delta 10.801 - Time 2026-04-13T01:45:17
Episode 8780 - Step 818963 - Mean Reward 231.0 - Mean Length 40.0 - PG Loss -0.0 - V Loss 0.01937 - Entropy 2e-05 - Time Delta 10.992 - Time 2026-04-13T01:45:28
Episode 8800 - Step 819763 - Mean Reward 231.0 - Mean Length 40.0 - PG Loss -0.0 - V Loss 0.02145 - Entropy 2e-05 - Time Delta 11.028 - Time 2026-04-13T01:45:39
Episode 8820 - Step 820563 - Mean Reward 231.0 - Mean Length 40.0 - PG Loss -0.0 - V Loss 0.01971 - Entropy 2e-05 - Time Delta 10.795 - Time 2026-04-13T01:45:50
Episode 8840 - Step 821363 - Mean Reward 231.0 - Mean Length 40.0 - PG Loss -0.0 - V Loss 0.01275 - Entropy 2e-05 - Time Delta 11.033 - Time 2026-04-13T01:46:01
Episode 8860 - Step 822163 - Mean Reward 231.0 - Mean Length 40.0 - PG Loss -0.0 - V Loss 0.01002 - Entropy 2e-05 - Time Delta 10.919 - Time 2026-04-13T01:46:12
Episode 8880 - Step 822963 - Mean Reward 231.0 - Mean Length 40.0 - PG Loss -0.0 - V Loss 0.00764 - Entropy 3e-05 - Time Delta 11.05 - Time 2026-04-13T01:46:23
Episode 8900 - Step 823763 - Mean Reward 231.0 - Mean Length 40.0 - PG Loss -0.0 - V Loss 0.00423 - Entropy 3e-05 - Time Delta 10.849 - Time 2026-04-13T01:46:34
Episode 8920 - Step 824563 - Mean Reward 231.0 - Mean Length 40.0 - PG Loss -0.0 - V Loss 0.00299 - Entropy 3e-05 - Time Delta 11.064 - Time 2026-04-13T01:46:45
Episode 8940 - Step 825363 - Mean Reward 231.0 - Mean Length 40.0 - PG Loss -0.0 - V Loss 0.00272 - Entropy 3e-05 - Time Delta 11.03 - Time 2026-04-13T01:46:56
Episode 8960 - Step 826163 - Mean Reward 231.0 - Mean Length 40.0 - PG Loss -0.0 - V Loss 0.00269 - Entropy 3e-05 - Time Delta 10.833 - Time 2026-04-13T01:47:07
Episode 8980 - Step 826963 - Mean Reward 231.0 - Mean Length 40.0 - PG Loss -0.0 - V Loss 0.00261 - Entropy 4e-05 - Time Delta 11.007 - Time 2026-04-13T01:47:18
Episode 9000 - Step 827763 - Mean Reward 231.0 - Mean Length 40.0 - PG Loss -0.0 - V Loss 0.00248 - Entropy 4e-05 - Time Delta 10.794 - Time 2026-04-13T01:47:28
Checkpoint saved → checkpoints/2026-04-12T22-37-51/mario_ppo_ep9001.chkpt
Episode 9020 - Step 828563 - Mean Reward 231.0 - Mean Length 40.0 - PG Loss -0.0 - V Loss 0.00236 - Entropy 4e-05 - Time Delta 11.122 - Time 2026-04-13T01:47:40
Episode 9040 - Step 829363 - Mean Reward 231.0 - Mean Length 40.0 - PG Loss -0.0 - V Loss 0.00201 - Entropy 3e-05 - Time Delta 10.807 - Time 2026-04-13T01:47:50
Episode 9060 - Step 830163 - Mean Reward 231.0 - Mean Length 40.0 - PG Loss -0.0 - V Loss 0.00231 - Entropy 4e-05 - Time Delta 11.127 - Time 2026-04-13T01:48:01
Episode 9080 - Step 830963 - Mean Reward 231.0 - Mean Length 40.0 - PG Loss -0.0 - V Loss 0.00202 - Entropy 4e-05 - Time Delta 10.814 - Time 2026-04-13T01:48:12
Episode 9100 - Step 831763 - Mean Reward 231.0 - Mean Length 40.0 - PG Loss -0.0 - V Loss 0.0023 - Entropy 5e-05 - Time Delta 11.035 - Time 2026-04-13T01:48:23
Episode 9120 - Step 832563 - Mean Reward 231.0 - Mean Length 40.0 - PG Loss -0.0 - V Loss 0.00229 - Entropy 5e-05 - Time Delta 11.021 - Time 2026-04-13T01:48:34
Episode 9140 - Step 833363 - Mean Reward 231.0 - Mean Length 40.0 - PG Loss -0.0 - V Loss 0.00231 - Entropy 5e-05 - Time Delta 10.797 - Time 2026-04-13T01:48:45
Episode 9160 - Step 834163 - Mean Reward 231.0 - Mean Length 40.0 - PG Loss -0.0 - V Loss 0.00228 - Entropy 7e-05 - Time Delta 11.048 - Time 2026-04-13T01:48:56
Episode 9180 - Step 834963 - Mean Reward 231.0 - Mean Length 40.0 - PG Loss -0.0 - V Loss 0.00227 - Entropy 8e-05 - Time Delta 10.769 - Time 2026-04-13T01:49:07
Episode 9200 - Step 835763 - Mean Reward 231.0 - Mean Length 40.0 - PG Loss -0.0 - V Loss 0.00226 - Entropy 0.00013 - Time Delta 11.074 - Time 2026-04-13T01:49:18
Episode 9220 - Step 836563 - Mean Reward 231.0 - Mean Length 40.0 - PG Loss -0.0 - V Loss 0.00194 - Entropy 0.00015 - Time Delta 10.805 - Time 2026-04-13T01:49:29
Episode 9240 - Step 837363 - Mean Reward 231.0 - Mean Length 40.0 - PG Loss -0.0 - V Loss 0.00219 - Entropy 0.00022 - Time Delta 10.998 - Time 2026-04-13T01:49:40
Episode 9260 - Step 838163 - Mean Reward 231.0 - Mean Length 40.0 - PG Loss 0.0 - V Loss 0.00228 - Entropy 0.00042 - Time Delta 11.127 - Time 2026-04-13T01:49:51
Episode 9280 - Step 838963 - Mean Reward 231.0 - Mean Length 40.0 - PG Loss -0.0 - V Loss 0.00229 - Entropy 0.00048 - Time Delta 10.782 - Time 2026-04-13T01:50:02
Episode 9300 - Step 841728 - Mean Reward 230.08 - Mean Length 59.65 - PG Loss 2e-05 - V Loss 5.72292 - Entropy 0.00074 - Time Delta 37.043 - Time 2026-04-13T01:50:39
Episode 9320 - Step 842528 - Mean Reward 230.08 - Mean Length 59.65 - PG Loss 2e-05 - V Loss 5.72737 - Entropy 0.00072 - Time Delta 10.823 - Time 2026-04-13T01:50:50
Episode 9340 - Step 843328 - Mean Reward 230.08 - Mean Length 59.65 - PG Loss 2e-05 - V Loss 5.72978 - Entropy 0.00066 - Time Delta 11.052 - Time 2026-04-13T01:51:01
Episode 9360 - Step 844128 - Mean Reward 230.08 - Mean Length 59.65 - PG Loss 2e-05 - V Loss 5.73029 - Entropy 0.00045 - Time Delta 10.808 - Time 2026-04-13T01:51:11
Episode 9380 - Step 849583 - Mean Reward 289.61 - Mean Length 106.2 - PG Loss 0.00047 - V Loss 19.72087 - Entropy 0.01362 - Time Delta 72.398 - Time 2026-04-13T01:52:24
Episode 9400 - Step 852120 - Mean Reward 368.6 - Mean Length 103.92 - PG Loss 0.00031 - V Loss 22.35656 - Entropy 0.02464 - Time Delta 33.802 - Time 2026-04-13T01:52:58
Episode 9420 - Step 855885 - Mean Reward 507.39 - Mean Length 133.57 - PG Loss 5e-05 - V Loss 33.20151 - Entropy 0.03911 - Time Delta 49.965 - Time 2026-04-13T01:53:48
Episode 9440 - Step 858834 - Mean Reward 630.36 - Mean Length 155.06 - PG Loss -0.00027 - V Loss 40.2209 - Entropy 0.04887 - Time Delta 39.417 - Time 2026-04-13T01:54:27
Episode 9460 - Step 863341 - Mean Reward 816.95 - Mean Length 192.13 - PG Loss -0.00036 - V Loss 48.7881 - Entropy 0.06511 - Time Delta 60.066 - Time 2026-04-13T01:55:27
Episode 9480 - Step 866929 - Mean Reward 936.23 - Mean Length 173.46 - PG Loss -0.00093 - V Loss 40.01797 - Entropy 0.06062 - Time Delta 47.865 - Time 2026-04-13T01:56:15
Episode 9500 - Step 872916 - Mean Reward 1154.19 - Mean Length 207.96 - PG Loss -0.00068 - V Loss 46.40812 - Entropy 0.06966 - Time Delta 79.129 - Time 2026-04-13T01:57:34
Checkpoint saved → checkpoints/2026-04-12T22-37-51/mario_ppo_ep9501.chkpt
Episode 9520 - Step 877443 - Mean Reward 1238.1 - Mean Length 215.58 - PG Loss -0.00045 - V Loss 44.78947 - Entropy 0.07364 - Time Delta 60.289 - Time 2026-04-13T01:58:34
Episode 9540 - Step 882001 - Mean Reward 1324.33 - Mean Length 231.67 - PG Loss -0.00039 - V Loss 51.72458 - Entropy 0.08244 - Time Delta 60.466 - Time 2026-04-13T01:59:35
Episode 9560 - Step 888617 - Mean Reward 1385.93 - Mean Length 252.76 - PG Loss -0.0003 - V Loss 54.54599 - Entropy 0.08331 - Time Delta 87.371 - Time 2026-04-13T02:01:02
Episode 9580 - Step 892361 - Mean Reward 1374.01 - Mean Length 254.32 - PG Loss -9e-05 - V Loss 57.48304 - Entropy 0.08874 - Time Delta 49.637 - Time 2026-04-13T02:01:52
Episode 9600 - Step 896851 - Mean Reward 1303.68 - Mean Length 239.35 - PG Loss -0.00063 - V Loss 50.00114 - Entropy 0.08482 - Time Delta 59.747 - Time 2026-04-13T02:02:52
Episode 9620 - Step 901326 - Mean Reward 1307.98 - Mean Length 238.83 - PG Loss -0.00072 - V Loss 47.0782 - Entropy 0.08213 - Time Delta 59.542 - Time 2026-04-13T02:03:51
Episode 9640 - Step 906573 - Mean Reward 1360.34 - Mean Length 245.72 - PG Loss -0.00063 - V Loss 39.96403 - Entropy 0.07702 - Time Delta 69.742 - Time 2026-04-13T02:05:01
Episode 9660 - Step 911982 - Mean Reward 1393.57 - Mean Length 233.65 - PG Loss -0.00016 - V Loss 36.87633 - Entropy 0.08053 - Time Delta 71.922 - Time 2026-04-13T02:06:13
Episode 9680 - Step 917225 - Mean Reward 1474.59 - Mean Length 248.64 - PG Loss -0.00047 - V Loss 39.32016 - Entropy 0.08441 - Time Delta 69.361 - Time 2026-04-13T02:07:22
Episode 9700 - Step 921313 - Mean Reward 1454.24 - Mean Length 244.62 - PG Loss -0.00022 - V Loss 39.91868 - Entropy 0.08123 - Time Delta 54.479 - Time 2026-04-13T02:08:17
Episode 9720 - Step 925293 - Mean Reward 1429.0 - Mean Length 239.67 - PG Loss 2e-05 - V Loss 40.30799 - Entropy 0.07594 - Time Delta 53.149 - Time 2026-04-13T02:09:10
Episode 9740 - Step 929980 - Mean Reward 1414.49 - Mean Length 234.07 - PG Loss 2e-05 - V Loss 40.69234 - Entropy 0.07649 - Time Delta 62.273 - Time 2026-04-13T02:10:12
Episode 9760 - Step 935439 - Mean Reward 1392.55 - Mean Length 234.57 - PG Loss -0.00053 - V Loss 44.23262 - Entropy 0.07604 - Time Delta 72.36 - Time 2026-04-13T02:11:24
Episode 9780 - Step 939850 - Mean Reward 1374.75 - Mean Length 226.25 - PG Loss 0.00038 - V Loss 39.15302 - Entropy 0.07061 - Time Delta 58.631 - Time 2026-04-13T02:12:23
Episode 9800 - Step 944213 - Mean Reward 1386.96 - Mean Length 229.0 - PG Loss 0.00022 - V Loss 39.57585 - Entropy 0.06998 - Time Delta 58.06 - Time 2026-04-13T02:13:21
Episode 9820 - Step 949211 - Mean Reward 1438.96 - Mean Length 239.18 - PG Loss 0.00018 - V Loss 43.01738 - Entropy 0.07363 - Time Delta 66.192 - Time 2026-04-13T02:14:27
Episode 9840 - Step 955051 - Mean Reward 1493.96 - Mean Length 250.71 - PG Loss 0.00055 - V Loss 46.65192 - Entropy 0.08115 - Time Delta 77.523 - Time 2026-04-13T02:15:45
Episode 9860 - Step 960412 - Mean Reward 1521.92 - Mean Length 249.73 - PG Loss 0.0004 - V Loss 41.4065 - Entropy 0.07633 - Time Delta 71.204 - Time 2026-04-13T02:16:56
Episode 9880 - Step 962612 - Mean Reward 1383.14 - Mean Length 227.62 - PG Loss -0.00032 - V Loss 41.67673 - Entropy 0.06927 - Time Delta 29.609 - Time 2026-04-13T02:17:26
Episode 9900 - Step 967711 - Mean Reward 1424.86 - Mean Length 234.98 - PG Loss -0.00056 - V Loss 42.96853 - Entropy 0.07175 - Time Delta 67.814 - Time 2026-04-13T02:18:33
Episode 9920 - Step 972044 - Mean Reward 1397.2 - Mean Length 228.33 - PG Loss -0.00082 - V Loss 38.58705 - Entropy 0.06759 - Time Delta 57.532 - Time 2026-04-13T02:19:31
Episode 9940 - Step 976655 - Mean Reward 1343.01 - Mean Length 216.04 - PG Loss -0.00098 - V Loss 33.41832 - Entropy 0.05567 - Time Delta 61.534 - Time 2026-04-13T02:20:33
Episode 9960 - Step 982387 - Mean Reward 1358.72 - Mean Length 219.75 - PG Loss -0.00051 - V Loss 35.85729 - Entropy 0.05655 - Time Delta 86.356 - Time 2026-04-13T02:21:59
Episode 9980 - Step 986955 - Mean Reward 1510.38 - Mean Length 243.43 - PG Loss -0.00043 - V Loss 35.62227 - Entropy 0.06311 - Time Delta 62.569 - Time 2026-04-13T02:23:01
Episode 9999 - Step 992691 - Mean Reward 1582.24 - Mean Length 255.07 - PG Loss 0.00032 - V Loss 36.65387 - Entropy 0.06934 - Time Delta 76.475 - Time 2026-04-13T02:24:18
Checkpoint saved → checkpoints/2026-04-12T22-37-51/mario_ppo_ep10000.chkpt
