Using device: cuda

=== mario_net_1 ===
  Loaded: mario_net_1.chkpt  (eps=0.8825)
  Running episode...
  Base env type: SuperMarioBrosEnv
  Frame diff check (frame 0 vs 10): 10.04  (0.0 = static = broken)
  Steps: 2005  |  Total reward: 267.0  |  Frames: 2006
  GIF saved → /scratch/project_2016769/super_mario/videos/mario_net_1_demo.gif  (2006 frames @ 30fps)

=== mario_net_2 ===
  Loaded: mario_net_2.chkpt  (eps=0.7788)
  Running episode...
  Base env type: SuperMarioBrosEnv
  Frame diff check (frame 0 vs 10): 10.16  (0.0 = static = broken)
  Steps: 2005  |  Total reward: 139.0  |  Frames: 2006
  GIF saved → /scratch/project_2016769/super_mario/videos/mario_net_2_demo.gif  (2006 frames @ 30fps)

=== mario_net_3 ===
  Loaded: mario_net_3.chkpt  (eps=0.6873)
  Running episode...
  Base env type: SuperMarioBrosEnv
  Frame diff check (frame 0 vs 10): 10.04  (0.0 = static = broken)
  Steps: 2005  |  Total reward: 267.0  |  Frames: 2006
  GIF saved → /scratch/project_2016769/super_mario/videos/mario_net_3_demo.gif  (2006 frames @ 30fps)

=== Reward Summary ===
  mario_net_1: 267.0
  mario_net_2: 139.0
  mario_net_3: 267.0
  Comparison plot → /scratch/project_2016769/super_mario/videos/checkpoint_comparison.jpg

Done! Fetch your videos locally with:
  scp -r <user>@mahti.csc.fi:/scratch/project_2016769/super_mario/videos/ ./mario_videos/
