State shape: (4, 84, 84), dtype: float32
Next state shape: (4, 84, 84)
Reward: 0.0, Done: False
Environment OK!
Using CUDA: True
Episode 0 - Step 98 - Epsilon 0.9999755002970567 - Mean Reward 626.0 - Mean Length 98.0 - Mean Loss 0.0 - Mean Q Value 0.0 - Time Delta 1.986 - Time 2026-04-12T10:38:08
Episode 20 - Step 3862 - Epsilon 0.9990349658244506 - Mean Reward 614.714 - Mean Length 183.905 - Mean Loss 1.369 - Mean Q Value 2.216 - Time Delta 86.518 - Time 2026-04-12T10:39:34
Episode 40 - Step 8276 - Epsilon 0.9979331386467328 - Mean Reward 692.585 - Mean Length 201.854 - Mean Loss 0.931 - Mean Q Value 2.788 - Time Delta 63.501 - Time 2026-04-12T10:40:38
Episode 60 - Step 11836 - Epsilon 0.9970453731564857 - Mean Reward 633.836 - Mean Length 194.033 - Mean Loss 0.8 - Mean Q Value 3.498 - Time Delta 50.915 - Time 2026-04-12T10:41:29
Episode 80 - Step 17410 - Epsilon 0.9956569578582778 - Mean Reward 645.617 - Mean Length 214.938 - Mean Loss 0.723 - Mean Q Value 4.078 - Time Delta 79.21 - Time 2026-04-12T10:42:48
Episode 100 - Step 21050 - Epsilon 0.9947513220400892 - Mean Reward 643.65 - Mean Length 209.52 - Mean Loss 0.69 - Mean Q Value 4.53 - Time Delta 51.91 - Time 2026-04-12T10:43:40
Episode 120 - Step 26584 - Epsilon 0.9933760349881279 - Mean Reward 660.18 - Mean Length 227.22 - Mean Loss 0.522 - Mean Q Value 5.739 - Time Delta 78.633 - Time 2026-04-12T10:44:58
Episode 140 - Step 30904 - Epsilon 0.99230376786463 - Mean Reward 643.83 - Mean Length 226.28 - Mean Loss 0.532 - Mean Q Value 6.707 - Time Delta 62.023 - Time 2026-04-12T10:46:00
Episode 160 - Step 34184 - Epsilon 0.9914904121945957 - Mean Reward 651.93 - Mean Length 223.48 - Mean Loss 0.545 - Mean Q Value 7.687 - Time Delta 47.594 - Time 2026-04-12T10:46:48
Episode 180 - Step 38183 - Epsilon 0.9904996648633606 - Mean Reward 629.61 - Mean Length 207.73 - Mean Loss 0.573 - Mean Q Value 8.719 - Time Delta 57.855 - Time 2026-04-12T10:47:46
Episode 200 - Step 43273 - Epsilon 0.989240055478631 - Mean Reward 658.31 - Mean Length 222.23 - Mean Loss 0.608 - Mean Q Value 9.953 - Time Delta 75.475 - Time 2026-04-12T10:49:01
Episode 220 - Step 46656 - Epsilon 0.9884037592956553 - Mean Reward 620.67 - Mean Length 200.72 - Mean Loss 0.629 - Mean Q Value 10.931 - Time Delta 49.84 - Time 2026-04-12T10:49:51
Episode 240 - Step 50603 - Epsilon 0.9874289327983036 - Mean Reward 607.21 - Mean Length 196.99 - Mean Loss 0.657 - Mean Q Value 11.932 - Time Delta 56.164 - Time 2026-04-12T10:50:47
Episode 260 - Step 56152 - Epsilon 0.9860600715358987 - Mean Reward 654.24 - Mean Length 219.68 - Mean Loss 0.681 - Mean Q Value 12.766 - Time Delta 79.049 - Time 2026-04-12T10:52:06
Episode 280 - Step 61062 - Epsilon 0.9848504252190273 - Mean Reward 674.07 - Mean Length 228.79 - Mean Loss 0.697 - Mean Q Value 13.263 - Time Delta 69.758 - Time 2026-04-12T10:53:16
Episode 300 - Step 65675 - Epsilon 0.9837153009909128 - Mean Reward 645.73 - Mean Length 224.02 - Mean Loss 0.692 - Mean Q Value 13.583 - Time Delta 70.859 - Time 2026-04-12T10:54:27
Episode 320 - Step 70557 - Epsilon 0.9825154086991198 - Mean Reward 683.3 - Mean Length 239.01 - Mean Loss 0.699 - Mean Q Value 14.02 - Time Delta 69.696 - Time 2026-04-12T10:55:37
Episode 340 - Step 73872 - Epsilon 0.9817014862680016 - Mean Reward 689.84 - Mean Length 232.69 - Mean Loss 0.731 - Mean Q Value 15.028 - Time Delta 50.783 - Time 2026-04-12T10:56:28
Episode 360 - Step 79165 - Epsilon 0.980403308709995 - Mean Reward 667.1 - Mean Length 230.13 - Mean Loss 0.754 - Mean Q Value 15.919 - Time Delta 81.859 - Time 2026-04-12T10:57:49
Episode 380 - Step 84056 - Epsilon 0.9792052530249086 - Mean Reward 678.93 - Mean Length 229.94 - Mean Loss 0.781 - Mean Q Value 16.838 - Time Delta 71.872 - Time 2026-04-12T10:59:01
Episode 400 - Step 87881 - Epsilon 0.978269335441498 - Mean Reward 651.43 - Mean Length 222.06 - Mean Loss 0.814 - Mean Q Value 17.486 - Time Delta 55.825 - Time 2026-04-12T10:59:57
Episode 420 - Step 91178 - Epsilon 0.9774633290619084 - Mean Reward 640.34 - Mean Length 206.21 - Mean Loss 0.861 - Mean Q Value 18.246 - Time Delta 48.011 - Time 2026-04-12T11:00:45
Episode 440 - Step 95358 - Epsilon 0.9764424132766876 - Mean Reward 638.29 - Mean Length 214.86 - Mean Loss 0.888 - Mean Q Value 18.784 - Time Delta 61.551 - Time 2026-04-12T11:01:47
Episode 460 - Step 98967 - Epsilon 0.9755618153186014 - Mean Reward 632.87 - Mean Length 198.02 - Mean Loss 0.911 - Mean Q Value 19.589 - Time Delta 52.717 - Time 2026-04-12T11:02:39
Episode 480 - Step 103894 - Epsilon 0.9743609066637557 - Mean Reward 634.0 - Mean Length 198.38 - Mean Loss 0.945 - Mean Q Value 20.69 - Time Delta 70.693 - Time 2026-04-12T11:03:50
Episode 500 - Step 108151 - Epsilon 0.9733244945377698 - Mean Reward 657.54 - Mean Length 202.7 - Mean Loss 0.945 - Mean Q Value 21.48 - Time Delta 64.207 - Time 2026-04-12T11:04:54
Episode 520 - Step 111843 - Epsilon 0.9724265303911444 - Mean Reward 653.53 - Mean Length 206.65 - Mean Loss 0.936 - Mean Q Value 21.739 - Time Delta 53.315 - Time 2026-04-12T11:05:48
Episode 540 - Step 117625 - Epsilon 0.9710219031046392 - Mean Reward 685.45 - Mean Length 222.67 - Mean Loss 0.919 - Mean Q Value 21.91 - Time Delta 81.864 - Time 2026-04-12T11:07:09
Episode 560 - Step 121325 - Epsilon 0.9701241230192232 - Mean Reward 682.71 - Mean Length 223.58 - Mean Loss 0.91 - Mean Q Value 21.959 - Time Delta 52.763 - Time 2026-04-12T11:08:02
Episode 580 - Step 126011 - Epsilon 0.9689882879122818 - Mean Reward 680.46 - Mean Length 221.17 - Mean Loss 0.895 - Mean Q Value 21.988 - Time Delta 66.787 - Time 2026-04-12T11:09:09
Episode 600 - Step 128858 - Epsilon 0.9682988557928444 - Mean Reward 655.04 - Mean Length 207.07 - Mean Loss 0.912 - Mean Q Value 22.698 - Time Delta 40.648 - Time 2026-04-12T11:09:50
Episode 620 - Step 133784 - Epsilon 0.9671071295588446 - Mean Reward 675.03 - Mean Length 219.41 - Mean Loss 0.924 - Mean Q Value 23.426 - Time Delta 70.072 - Time 2026-04-12T11:11:00
Episode 640 - Step 138695 - Epsilon 0.9659204922280809 - Mean Reward 660.32 - Mean Length 210.7 - Mean Loss 0.933 - Mean Q Value 23.713 - Time Delta 70.116 - Time 2026-04-12T11:12:10
Episode 660 - Step 142140 - Epsilon 0.9650889512338301 - Mean Reward 672.9 - Mean Length 208.15 - Mean Loss 0.952 - Mean Q Value 24.016 - Time Delta 49.179 - Time 2026-04-12T11:12:59
Episode 680 - Step 146856 - Epsilon 0.9639517817111803 - Mean Reward 666.94 - Mean Length 208.45 - Mean Loss 0.97 - Mean Q Value 24.578 - Time Delta 66.707 - Time 2026-04-12T11:14:06
Episode 700 - Step 151545 - Epsilon 0.962822451151943 - Mean Reward 706.47 - Mean Length 226.87 - Mean Loss 0.994 - Mean Q Value 24.671 - Time Delta 66.635 - Time 2026-04-12T11:15:12
Episode 720 - Step 155847 - Epsilon 0.9617874921251917 - Mean Reward 706.2 - Mean Length 220.63 - Mean Loss 1.023 - Mean Q Value 24.776 - Time Delta 61.315 - Time 2026-04-12T11:16:14
Episode 740 - Step 158628 - Epsilon 0.9611190416846521 - Mean Reward 675.47 - Mean Length 199.33 - Mean Loss 1.058 - Mean Q Value 25.446 - Time Delta 39.679 - Time 2026-04-12T11:16:53
Episode 760 - Step 163499 - Epsilon 0.9599493511651286 - Mean Reward 706.35 - Mean Length 213.59 - Mean Loss 1.118 - Mean Q Value 26.413 - Time Delta 69.378 - Time 2026-04-12T11:18:03
Episode 780 - Step 167726 - Epsilon 0.9589354603703036 - Mean Reward 715.28 - Mean Length 208.7 - Mean Loss 1.159 - Mean Q Value 26.849 - Time Delta 60.295 - Time 2026-04-12T11:19:03
Episode 800 - Step 170913 - Epsilon 0.9581717327370771 - Mean Reward 691.4 - Mean Length 193.68 - Mean Loss 1.213 - Mean Q Value 27.59 - Time Delta 45.636 - Time 2026-04-12T11:19:49
Episode 820 - Step 173815 - Epsilon 0.9574768311640434 - Mean Reward 669.38 - Mean Length 179.68 - Mean Loss 1.25 - Mean Q Value 28.763 - Time Delta 41.737 - Time 2026-04-12T11:20:30
Episode 840 - Step 177080 - Epsilon 0.9566956094823178 - Mean Reward 672.73 - Mean Length 184.52 - Mean Loss 1.284 - Mean Q Value 29.946 - Time Delta 46.575 - Time 2026-04-12T11:21:17
Episode 860 - Step 181049 - Epsilon 0.9557467989515473 - Mean Reward 614.14 - Mean Length 175.5 - Mean Loss 1.286 - Mean Q Value 30.273 - Time Delta 68.41 - Time 2026-04-12T11:22:25
Episode 880 - Step 184950 - Epsilon 0.9548151611330179 - Mean Reward 594.89 - Mean Length 172.24 - Mean Loss 1.316 - Mean Q Value 30.279 - Time Delta 58.962 - Time 2026-04-12T11:23:24
Episode 900 - Step 189672 - Epsilon 0.9536886667384701 - Mean Reward 632.24 - Mean Length 187.59 - Mean Loss 1.316 - Mean Q Value 30.1 - Time Delta 71.384 - Time 2026-04-12T11:24:36
Episode 920 - Step 193968 - Epsilon 0.9526649548139908 - Mean Reward 653.26 - Mean Length 201.53 - Mean Loss 1.3 - Mean Q Value 29.616 - Time Delta 63.275 - Time 2026-04-12T11:25:39
Episode 940 - Step 198750 - Epsilon 0.9515267242309717 - Mean Reward 665.14 - Mean Length 216.7 - Mean Loss 1.269 - Mean Q Value 28.476 - Time Delta 68.862 - Time 2026-04-12T11:26:48
Episode 960 - Step 203011 - Epsilon 0.9505136499456986 - Mean Reward 686.77 - Mean Length 219.62 - Mean Loss 1.251 - Mean Q Value 27.693 - Time Delta 61.157 - Time 2026-04-12T11:27:49
Episode 980 - Step 208456 - Epsilon 0.9492206433301905 - Mean Reward 697.48 - Mean Length 235.06 - Mean Loss 1.222 - Mean Q Value 26.948 - Time Delta 82.148 - Time 2026-04-12T11:29:11
Episode 1000 - Step 210713 - Epsilon 0.9486851965923032 - Mean Reward 640.45 - Mean Length 210.41 - Mean Loss 1.23 - Mean Q Value 26.518 - Time Delta 32.932 - Time 2026-04-12T11:29:44
Episode 1020 - Step 214021 - Epsilon 0.9479009581638668 - Mean Reward 619.34 - Mean Length 200.53 - Mean Loss 1.249 - Mean Q Value 26.459 - Time Delta 48.11 - Time 2026-04-12T11:30:32
Episode 1040 - Step 218740 - Epsilon 0.9467833312584106 - Mean Reward 637.78 - Mean Length 199.9 - Mean Loss 1.283 - Mean Q Value 27.264 - Time Delta 68.734 - Time 2026-04-12T11:31:41
Episode 1060 - Step 223449 - Epsilon 0.9456693862668132 - Mean Reward 645.45 - Mean Length 204.38 - Mean Loss 1.27 - Mean Q Value 27.589 - Time Delta 68.142 - Time 2026-04-12T11:32:49
Episode 1080 - Step 227661 - Epsilon 0.9446741203779747 - Mean Reward 642.36 - Mean Length 192.05 - Mean Loss 1.252 - Mean Q Value 28.285 - Time Delta 61.314 - Time 2026-04-12T11:33:50
Episode 1100 - Step 232434 - Epsilon 0.9435475601105484 - Mean Reward 706.4 - Mean Length 217.21 - Mean Loss 1.221 - Mean Q Value 28.873 - Time Delta 69.469 - Time 2026-04-12T11:35:00
Episode 1120 - Step 237785 - Epsilon 0.942286173102512 - Mean Reward 736.12 - Mean Length 237.64 - Mean Loss 1.159 - Mean Q Value 28.699 - Time Delta 77.864 - Time 2026-04-12T11:36:18
Episode 1140 - Step 241642 - Epsilon 0.9413780114642487 - Mean Reward 722.86 - Mean Length 229.02 - Mean Loss 1.129 - Mean Q Value 28.223 - Time Delta 56.228 - Time 2026-04-12T11:37:14
Episode 1160 - Step 246851 - Epsilon 0.9401528996695623 - Mean Reward 736.43 - Mean Length 234.02 - Mean Loss 1.128 - Mean Q Value 28.315 - Time Delta 75.72 - Time 2026-04-12T11:38:30
Episode 1180 - Step 250051 - Epsilon 0.9394010780244993 - Mean Reward 717.34 - Mean Length 223.9 - Mean Loss 1.147 - Mean Q Value 28.61 - Time Delta 46.374 - Time 2026-04-12T11:39:16
Episode 1200 - Step 256758 - Epsilon 0.9378272568910008 - Mean Reward 722.75 - Mean Length 243.24 - Mean Loss 1.127 - Mean Q Value 28.421 - Time Delta 96.826 - Time 2026-04-12T11:40:53
Episode 1220 - Step 260207 - Epsilon 0.9370189637630502 - Mean Reward 698.73 - Mean Length 224.22 - Mean Loss 1.139 - Mean Q Value 28.469 - Time Delta 50.386 - Time 2026-04-12T11:41:43
Episode 1240 - Step 263438 - Epsilon 0.9362623922018707 - Mean Reward 675.61 - Mean Length 217.96 - Mean Loss 1.156 - Mean Q Value 28.661 - Time Delta 46.977 - Time 2026-04-12T11:42:30
Episode 1260 - Step 269239 - Epsilon 0.9349055616073774 - Mean Reward 664.5 - Mean Length 223.88 - Mean Loss 1.16 - Mean Q Value 28.756 - Time Delta 84.294 - Time 2026-04-12T11:43:55
Episode 1280 - Step 273694 - Epsilon 0.9338648900394625 - Mean Reward 693.94 - Mean Length 236.43 - Mean Loss 1.152 - Mean Q Value 28.373 - Time Delta 64.933 - Time 2026-04-12T11:44:59
Episode 1300 - Step 278743 - Epsilon 0.9326868625735878 - Mean Reward 656.88 - Mean Length 219.85 - Mean Loss 1.184 - Mean Q Value 28.321 - Time Delta 73.087 - Time 2026-04-12T11:46:13
Episode 1320 - Step 283235 - Epsilon 0.931640042995126 - Mean Reward 682.64 - Mean Length 230.28 - Mean Loss 1.209 - Mean Q Value 28.32 - Time Delta 65.246 - Time 2026-04-12T11:47:18
Episode 1340 - Step 288374 - Epsilon 0.9304438868455381 - Mean Reward 709.13 - Mean Length 249.36 - Mean Loss 1.168 - Mean Q Value 27.85 - Time Delta 75.658 - Time 2026-04-12T11:48:33
Episode 1360 - Step 292169 - Epsilon 0.9295615467237573 - Mean Reward 683.71 - Mean Length 229.3 - Mean Loss 1.168 - Mean Q Value 27.672 - Time Delta 55.454 - Time 2026-04-12T11:49:29
Episode 1380 - Step 297127 - Epsilon 0.9284100688183494 - Mean Reward 670.17 - Mean Length 234.33 - Mean Loss 1.139 - Mean Q Value 27.561 - Time Delta 72.241 - Time 2026-04-12T11:50:41
Episode 1400 - Step 301674 - Epsilon 0.9273552981594801 - Mean Reward 678.07 - Mean Length 229.31 - Mean Loss 1.088 - Mean Q Value 27.564 - Time Delta 66.406 - Time 2026-04-12T11:51:48
Episode 1420 - Step 305736 - Epsilon 0.9264140467377081 - Mean Reward 663.25 - Mean Length 225.01 - Mean Loss 1.044 - Mean Q Value 27.948 - Time Delta 59.537 - Time 2026-04-12T11:52:47
Episode 1440 - Step 309089 - Epsilon 0.9256378054534736 - Mean Reward 649.23 - Mean Length 207.15 - Mean Loss 1.065 - Mean Q Value 28.861 - Time Delta 49.174 - Time 2026-04-12T11:53:36
Episode 1460 - Step 313415 - Epsilon 0.9246372691791751 - Mean Reward 700.46 - Mean Length 212.46 - Mean Loss 1.087 - Mean Q Value 29.93 - Time Delta 63.093 - Time 2026-04-12T11:54:39
Episode 1480 - Step 318413 - Epsilon 0.9234826562614896 - Mean Reward 690.1 - Mean Length 212.86 - Mean Loss 1.098 - Mean Q Value 30.68 - Time Delta 72.623 - Time 2026-04-12T11:55:52
Episode 1500 - Step 322879 - Epsilon 0.9224521631266582 - Mean Reward 690.67 - Mean Length 212.05 - Mean Loss 1.112 - Mean Q Value 31.026 - Time Delta 65.281 - Time 2026-04-12T11:56:57
Episode 1520 - Step 327827 - Epsilon 0.9213117951211931 - Mean Reward 695.2 - Mean Length 220.91 - Mean Loss 1.17 - Mean Q Value 31.026 - Time Delta 71.977 - Time 2026-04-12T11:58:09
Episode 1540 - Step 330790 - Epsilon 0.9206295860279733 - Mean Reward 678.34 - Mean Length 217.01 - Mean Loss 1.206 - Mean Q Value 30.538 - Time Delta 43.222 - Time 2026-04-12T11:58:52
Episode 1560 - Step 335396 - Epsilon 0.919570091048381 - Mean Reward 651.45 - Mean Length 219.81 - Mean Loss 1.23 - Mean Q Value 29.904 - Time Delta 67.595 - Time 2026-04-12T12:00:00
Episode 1580 - Step 340712 - Epsilon 0.9183487939762037 - Mean Reward 672.6 - Mean Length 222.99 - Mean Loss 1.272 - Mean Q Value 29.587 - Time Delta 77.871 - Time 2026-04-12T12:01:18
Episode 1600 - Step 344417 - Epsilon 0.9174985671214859 - Mean Reward 649.92 - Mean Length 215.38 - Mean Loss 1.297 - Mean Q Value 29.319 - Time Delta 53.944 - Time 2026-04-12T12:02:12
Episode 1620 - Step 348353 - Epsilon 0.9165961924596562 - Mean Reward 638.81 - Mean Length 205.26 - Mean Loss 1.26 - Mean Q Value 29.032 - Time Delta 57.488 - Time 2026-04-12T12:03:09
Episode 1640 - Step 352303 - Epsilon 0.9156915003716254 - Mean Reward 657.7 - Mean Length 215.13 - Mean Loss 1.23 - Mean Q Value 29.424 - Time Delta 58.066 - Time 2026-04-12T12:04:07
Episode 1660 - Step 355626 - Epsilon 0.9149311054553071 - Mean Reward 634.76 - Mean Length 202.3 - Mean Loss 1.201 - Mean Q Value 29.855 - Time Delta 48.875 - Time 2026-04-12T12:04:56
Episode 1680 - Step 359697 - Epsilon 0.9140004078953202 - Mean Reward 600.25 - Mean Length 189.85 - Mean Loss 1.167 - Mean Q Value 30.182 - Time Delta 59.261 - Time 2026-04-12T12:05:56
Episode 1700 - Step 365411 - Epsilon 0.9126956902658082 - Mean Reward 629.29 - Mean Length 209.94 - Mean Loss 1.158 - Mean Q Value 30.067 - Time Delta 83.509 - Time 2026-04-12T12:07:19
Episode 1720 - Step 369522 - Epsilon 0.9117581490143501 - Mean Reward 624.7 - Mean Length 211.69 - Mean Loss 1.169 - Mean Q Value 29.744 - Time Delta 59.737 - Time 2026-04-12T12:08:19
Episode 1740 - Step 372931 - Epsilon 0.9109814340593292 - Mean Reward 599.9 - Mean Length 206.28 - Mean Loss 1.149 - Mean Q Value 28.875 - Time Delta 49.746 - Time 2026-04-12T12:09:09
Episode 1760 - Step 377163 - Epsilon 0.9100181252617593 - Mean Reward 612.93 - Mean Length 215.37 - Mean Loss 1.122 - Mean Q Value 28.258 - Time Delta 61.857 - Time 2026-04-12T12:10:10
Episode 1780 - Step 382404 - Epsilon 0.9088265546621834 - Mean Reward 632.19 - Mean Length 227.07 - Mean Loss 1.107 - Mean Q Value 27.976 - Time Delta 76.277 - Time 2026-04-12T12:11:27
Episode 1800 - Step 387262 - Epsilon 0.9077234546665675 - Mean Reward 638.7 - Mean Length 218.51 - Mean Loss 1.045 - Mean Q Value 28.167 - Time Delta 71.063 - Time 2026-04-12T12:12:38
Episode 1820 - Step 391696 - Epsilon 0.906717800577979 - Mean Reward 657.29 - Mean Length 221.74 - Mean Loss 1.022 - Mean Q Value 28.581 - Time Delta 64.695 - Time 2026-04-12T12:13:42
Episode 1840 - Step 394474 - Epsilon 0.9060883036048287 - Mean Reward 664.93 - Mean Length 215.43 - Mean Loss 1.013 - Mean Q Value 29.473 - Time Delta 40.522 - Time 2026-04-12T12:14:23
Episode 1860 - Step 399848 - Epsilon 0.9048717911918985 - Mean Reward 676.57 - Mean Length 226.85 - Mean Loss 1.0 - Mean Q Value 30.009 - Time Delta 78.498 - Time 2026-04-12T12:15:41
Episode 1880 - Step 404874 - Epsilon 0.9037355336473716 - Mean Reward 706.89 - Mean Length 224.7 - Mean Loss 1.022 - Mean Q Value 29.835 - Time Delta 73.714 - Time 2026-04-12T12:16:55
Episode 1900 - Step 407962 - Epsilon 0.9030381189648254 - Mean Reward 665.2 - Mean Length 207.0 - Mean Loss 1.101 - Mean Q Value 29.876 - Time Delta 45.35 - Time 2026-04-12T12:17:41
Episode 1920 - Step 411973 - Epsilon 0.9021330512319481 - Mean Reward 662.58 - Mean Length 202.77 - Mean Loss 1.134 - Mean Q Value 30.599 - Time Delta 58.867 - Time 2026-04-12T12:18:39
Episode 1940 - Step 416663 - Epsilon 0.9010759199614048 - Mean Reward 717.23 - Mean Length 221.89 - Mean Loss 1.154 - Mean Q Value 30.92 - Time Delta 68.322 - Time 2026-04-12T12:19:48
Episode 1960 - Step 421828 - Epsilon 0.8999131564050273 - Mean Reward 732.48 - Mean Length 219.8 - Mean Loss 1.173 - Mean Q Value 30.778 - Time Delta 75.464 - Time 2026-04-12T12:21:03
Episode 1980 - Step 425083 - Epsilon 0.899181149857959 - Mean Reward 693.76 - Mean Length 202.09 - Mean Loss 1.177 - Mean Q Value 31.227 - Time Delta 47.616 - Time 2026-04-12T12:21:51
Episode 2000 - Step 431074 - Epsilon 0.8978354091654891 - Mean Reward 732.77 - Mean Length 231.12 - Mean Loss 1.133 - Mean Q Value 31.161 - Time Delta 87.092 - Time 2026-04-12T12:23:18
Episode 2020 - Step 436451 - Epsilon 0.8966293046004397 - Mean Reward 709.7 - Mean Length 244.78 - Mean Loss 1.114 - Mean Q Value 29.724 - Time Delta 78.89 - Time 2026-04-12T12:24:37
Episode 2040 - Step 439274 - Epsilon 0.8959967316349986 - Mean Reward 648.5 - Mean Length 226.11 - Mean Loss 1.147 - Mean Q Value 28.266 - Time Delta 41.358 - Time 2026-04-12T12:25:18
Episode 2060 - Step 442809 - Epsilon 0.8952052442143849 - Mean Reward 617.93 - Mean Length 209.81 - Mean Loss 1.134 - Mean Q Value 27.78 - Time Delta 51.878 - Time 2026-04-12T12:26:10
Episode 2080 - Step 447799 - Epsilon 0.894089171827454 - Mean Reward 652.82 - Mean Length 227.16 - Mean Loss 1.088 - Mean Q Value 27.806 - Time Delta 76.061 - Time 2026-04-12T12:27:26
Episode 2100 - Step 451993 - Epsilon 0.8931522105013517 - Mean Reward 645.82 - Mean Length 209.19 - Mean Loss 1.11 - Mean Q Value 28.46 - Time Delta 62.299 - Time 2026-04-12T12:28:28
Episode 2120 - Step 456633 - Epsilon 0.8921167544881907 - Mean Reward 663.32 - Mean Length 201.82 - Mean Loss 1.165 - Mean Q Value 29.621 - Time Delta 73.202 - Time 2026-04-12T12:29:42
Episode 2140 - Step 460495 - Epsilon 0.8912558313315299 - Mean Reward 697.0 - Mean Length 212.21 - Mean Loss 1.183 - Mean Q Value 30.437 - Time Delta 57.194 - Time 2026-04-12T12:30:39
Episode 2160 - Step 465117 - Epsilon 0.8902265798541878 - Mean Reward 717.2 - Mean Length 223.08 - Mean Loss 1.205 - Mean Q Value 30.662 - Time Delta 68.023 - Time 2026-04-12T12:31:47
Episode 2180 - Step 468189 - Epsilon 0.889543148226672 - Mean Reward 680.38 - Mean Length 203.9 - Mean Loss 1.249 - Mean Q Value 30.801 - Time Delta 46.245 - Time 2026-04-12T12:32:33
Episode 2200 - Step 472610 - Epsilon 0.8885605236620582 - Mean Reward 673.82 - Mean Length 206.17 - Mean Loss 1.243 - Mean Q Value 31.163 - Time Delta 64.895 - Time 2026-04-12T12:33:38
Episode 2220 - Step 475821 - Epsilon 0.8878475178334652 - Mean Reward 660.69 - Mean Length 191.88 - Mean Loss 1.203 - Mean Q Value 31.575 - Time Delta 47.349 - Time 2026-04-12T12:34:25
Episode 2240 - Step 479943 - Epsilon 0.8869330621061402 - Mean Reward 658.48 - Mean Length 194.48 - Mean Loss 1.152 - Mean Q Value 32.048 - Time Delta 61.071 - Time 2026-04-12T12:35:26
Episode 2260 - Step 484748 - Epsilon 0.8858682732988599 - Mean Reward 671.02 - Mean Length 196.31 - Mean Loss 1.152 - Mean Q Value 32.288 - Time Delta 74.076 - Time 2026-04-12T12:36:40
Episode 2280 - Step 489114 - Epsilon 0.8849018754651826 - Mean Reward 694.35 - Mean Length 209.25 - Mean Loss 1.151 - Mean Q Value 31.76 - Time Delta 66.85 - Time 2026-04-12T12:37:47
Episode 2300 - Step 494201 - Epsilon 0.8837772166583192 - Mean Reward 716.81 - Mean Length 215.91 - Mean Loss 1.187 - Mean Q Value 31.289 - Time Delta 74.531 - Time 2026-04-12T12:39:02
Episode 2320 - Step 499477 - Epsilon 0.8826122828065309 - Mean Reward 751.71 - Mean Length 236.56 - Mean Loss 1.191 - Mean Q Value 30.657 - Time Delta 80.525 - Time 2026-04-12T12:40:22
MarioNet saved to checkpoints/2026-04-12T10-38-02/mario_net_1.chkpt at step 500000
Episode 2340 - Step 502814 - Epsilon 0.8818762704693283 - Mean Reward 751.1 - Mean Length 228.71 - Mean Loss 1.206 - Mean Q Value 30.172 - Time Delta 50.141 - Time 2026-04-12T12:41:12
Episode 2360 - Step 506061 - Epsilon 0.8811606977895823 - Mean Reward 735.24 - Mean Length 213.13 - Mean Loss 1.207 - Mean Q Value 30.56 - Time Delta 48.018 - Time 2026-04-12T12:42:00
Episode 2380 - Step 509546 - Epsilon 0.8803933207727525 - Mean Reward 729.43 - Mean Length 204.32 - Mean Loss 1.245 - Mean Q Value 32.182 - Time Delta 51.099 - Time 2026-04-12T12:42:52
Episode 2400 - Step 513348 - Epsilon 0.8795569043865465 - Mean Reward 721.58 - Mean Length 191.47 - Mean Loss 1.316 - Mean Q Value 33.785 - Time Delta 55.859 - Time 2026-04-12T12:43:47
Episode 2420 - Step 516892 - Epsilon 0.8787779619942191 - Mean Reward 693.74 - Mean Length 174.15 - Mean Loss 1.377 - Mean Q Value 35.46 - Time Delta 52.019 - Time 2026-04-12T12:44:39
Episode 2440 - Step 520258 - Epsilon 0.8780387813005974 - Mean Reward 697.73 - Mean Length 174.44 - Mean Loss 1.423 - Mean Q Value 36.982 - Time Delta 49.49 - Time 2026-04-12T12:45:29
Episode 2460 - Step 525574 - Epsilon 0.8768726426850678 - Mean Reward 703.49 - Mean Length 195.13 - Mean Loss 1.464 - Mean Q Value 37.376 - Time Delta 77.65 - Time 2026-04-12T12:46:47
Episode 2480 - Step 529548 - Epsilon 0.8760019022175445 - Mean Reward 686.18 - Mean Length 200.02 - Mean Loss 1.423 - Mean Q Value 36.07 - Time Delta 58.5 - Time 2026-04-12T12:47:45
Episode 2500 - Step 533765 - Epsilon 0.875078863738774 - Mean Reward 674.22 - Mean Length 204.17 - Mean Loss 1.343 - Mean Q Value 33.993 - Time Delta 61.624 - Time 2026-04-12T12:48:47
Episode 2520 - Step 538136 - Epsilon 0.8741231434675891 - Mean Reward 662.31 - Mean Length 212.44 - Mean Loss 1.292 - Mean Q Value 32.429 - Time Delta 64.196 - Time 2026-04-12T12:49:51
Episode 2540 - Step 541390 - Epsilon 0.8734123333626355 - Mean Reward 650.91 - Mean Length 211.32 - Mean Loss 1.252 - Mean Q Value 31.001 - Time Delta 47.583 - Time 2026-04-12T12:50:38
Episode 2560 - Step 545059 - Epsilon 0.8726115631090523 - Mean Reward 620.64 - Mean Length 194.85 - Mean Loss 1.208 - Mean Q Value 30.361 - Time Delta 53.573 - Time 2026-04-12T12:51:32
Episode 2580 - Step 550658 - Epsilon 0.8713909793761786 - Mean Reward 653.5 - Mean Length 211.1 - Mean Loss 1.194 - Mean Q Value 30.404 - Time Delta 82.098 - Time 2026-04-12T12:52:54
Episode 2600 - Step 554656 - Epsilon 0.8705204590983351 - Mean Reward 656.38 - Mean Length 208.91 - Mean Loss 1.15 - Mean Q Value 30.374 - Time Delta 58.606 - Time 2026-04-12T12:53:53
Episode 2620 - Step 557855 - Epsilon 0.8698245385923888 - Mean Reward 656.48 - Mean Length 197.19 - Mean Loss 1.117 - Mean Q Value 30.428 - Time Delta 47.07 - Time 2026-04-12T12:54:40
Episode 2640 - Step 562495 - Epsilon 0.8688161269932337 - Mean Reward 671.14 - Mean Length 211.05 - Mean Loss 1.107 - Mean Q Value 30.985 - Time Delta 67.625 - Time 2026-04-12T12:55:47
Episode 2660 - Step 567819 - Epsilon 0.8676605018227501 - Mean Reward 694.29 - Mean Length 227.6 - Mean Loss 1.087 - Mean Q Value 30.43 - Time Delta 77.424 - Time 2026-04-12T12:57:05
Episode 2680 - Step 570945 - Epsilon 0.8669826899452435 - Mean Reward 667.99 - Mean Length 202.87 - Mean Loss 1.072 - Mean Q Value 29.986 - Time Delta 45.599 - Time 2026-04-12T12:57:50
Episode 2700 - Step 576658 - Epsilon 0.8657453056209116 - Mean Reward 669.98 - Mean Length 220.02 - Mean Loss 1.077 - Mean Q Value 30.426 - Time Delta 82.838 - Time 2026-04-12T12:59:13
Episode 2720 - Step 580004 - Epsilon 0.8650214123927283 - Mean Reward 649.39 - Mean Length 221.49 - Mean Loss 1.089 - Mean Q Value 30.0 - Time Delta 49.997 - Time 2026-04-12T13:00:03
Episode 2740 - Step 583995 - Epsilon 0.8641587675940499 - Mean Reward 635.23 - Mean Length 215.0 - Mean Loss 1.072 - Mean Q Value 28.919 - Time Delta 58.226 - Time 2026-04-12T13:01:02
Episode 2760 - Step 587462 - Epsilon 0.8634100823968649 - Mean Reward 619.18 - Mean Length 196.43 - Mean Loss 1.098 - Mean Q Value 29.248 - Time Delta 50.405 - Time 2026-04-12T13:01:52
Episode 2780 - Step 591894 - Epsilon 0.862453953699033 - Mean Reward 618.26 - Mean Length 209.49 - Mean Loss 1.142 - Mean Q Value 30.138 - Time Delta 66.856 - Time 2026-04-12T13:02:59
Episode 2800 - Step 595674 - Epsilon 0.8616393195860863 - Mean Reward 610.05 - Mean Length 190.16 - Mean Loss 1.146 - Mean Q Value 30.232 - Time Delta 55.045 - Time 2026-04-12T13:03:54
Episode 2820 - Step 599461 - Epsilon 0.8608239484954251 - Mean Reward 651.01 - Mean Length 194.57 - Mean Loss 1.126 - Mean Q Value 30.818 - Time Delta 55.432 - Time 2026-04-12T13:04:49
Episode 2840 - Step 603811 - Epsilon 0.8598883111793535 - Mean Reward 662.64 - Mean Length 198.16 - Mean Loss 1.144 - Mean Q Value 31.876 - Time Delta 63.359 - Time 2026-04-12T13:05:53
Episode 2860 - Step 607692 - Epsilon 0.8590544090532642 - Mean Reward 665.42 - Mean Length 202.3 - Mean Loss 1.13 - Mean Q Value 32.254 - Time Delta 56.546 - Time 2026-04-12T13:06:49
Episode 2880 - Step 610507 - Epsilon 0.8584500621167863 - Mean Reward 657.27 - Mean Length 186.13 - Mean Loss 1.121 - Mean Q Value 32.218 - Time Delta 41.282 - Time 2026-04-12T13:07:30
Episode 2900 - Step 613715 - Epsilon 0.857761861086346 - Mean Reward 653.87 - Mean Length 180.41 - Mean Loss 1.191 - Mean Q Value 32.812 - Time Delta 46.874 - Time 2026-04-12T13:08:17
Episode 2920 - Step 617272 - Epsilon 0.8569994352997732 - Mean Reward 655.77 - Mean Length 178.11 - Mean Loss 1.281 - Mean Q Value 34.39 - Time Delta 51.903 - Time 2026-04-12T13:09:09
Episode 2940 - Step 623605 - Epsilon 0.8556436643195848 - Mean Reward 678.72 - Mean Length 197.94 - Mean Loss 1.342 - Mean Q Value 35.329 - Time Delta 91.939 - Time 2026-04-12T13:10:41
Episode 2960 - Step 629265 - Epsilon 0.8544337845749593 - Mean Reward 686.65 - Mean Length 215.73 - Mean Loss 1.349 - Mean Q Value 33.957 - Time Delta 84.299 - Time 2026-04-12T13:12:05
Episode 2980 - Step 633761 - Epsilon 0.853473940414455 - Mean Reward 696.76 - Mean Length 232.54 - Mean Loss 1.282 - Mean Q Value 31.738 - Time Delta 69.004 - Time 2026-04-12T13:13:14
Episode 3000 - Step 638452 - Epsilon 0.852473615405881 - Mean Reward 718.27 - Mean Length 247.37 - Mean Loss 1.192 - Mean Q Value 30.071 - Time Delta 71.711 - Time 2026-04-12T13:14:26
Episode 3020 - Step 641813 - Epsilon 0.8517576252084424 - Mean Reward 714.23 - Mean Length 245.41 - Mean Loss 1.138 - Mean Q Value 28.864 - Time Delta 51.535 - Time 2026-04-12T13:15:18
Episode 3040 - Step 644780 - Epsilon 0.8511260681685835 - Mean Reward 669.79 - Mean Length 211.75 - Mean Loss 1.129 - Mean Q Value 28.583 - Time Delta 45.776 - Time 2026-04-12T13:16:04
Episode 3060 - Step 649111 - Epsilon 0.8502050100308444 - Mean Reward 672.72 - Mean Length 198.46 - Mean Loss 1.165 - Mean Q Value 30.982 - Time Delta 64.428 - Time 2026-04-12T13:17:08
Episode 3080 - Step 653789 - Epsilon 0.8492112763462947 - Mean Reward 679.54 - Mean Length 200.28 - Mean Loss 1.249 - Mean Q Value 32.912 - Time Delta 67.992 - Time 2026-04-12T13:18:16
Episode 3100 - Step 657905 - Epsilon 0.8483378872693872 - Mean Reward 669.96 - Mean Length 194.53 - Mean Loss 1.293 - Mean Q Value 33.452 - Time Delta 59.828 - Time 2026-04-12T13:19:16
Episode 3120 - Step 661989 - Epsilon 0.8474721761988561 - Mean Reward 670.28 - Mean Length 201.76 - Mean Loss 1.289 - Mean Q Value 33.118 - Time Delta 60.118 - Time 2026-04-12T13:20:16
Episode 3140 - Step 665821 - Epsilon 0.8466606865181284 - Mean Reward 702.06 - Mean Length 210.41 - Mean Loss 1.247 - Mean Q Value 32.641 - Time Delta 57.509 - Time 2026-04-12T13:21:13
Episode 3160 - Step 669248 - Epsilon 0.8459356205287103 - Mean Reward 680.07 - Mean Length 201.37 - Mean Loss 1.202 - Mean Q Value 32.213 - Time Delta 50.107 - Time 2026-04-12T13:22:04
Episode 3180 - Step 673047 - Epsilon 0.8451325744794748 - Mean Reward 687.37 - Mean Length 192.58 - Mean Loss 1.233 - Mean Q Value 32.965 - Time Delta 55.361 - Time 2026-04-12T13:22:59
Episode 3200 - Step 676778 - Epsilon 0.8443446445000005 - Mean Reward 690.59 - Mean Length 188.73 - Mean Loss 1.277 - Mean Q Value 34.358 - Time Delta 54.371 - Time 2026-04-12T13:23:53
Episode 3220 - Step 680628 - Epsilon 0.8435323536556991 - Mean Reward 696.11 - Mean Length 186.39 - Mean Loss 1.334 - Mean Q Value 35.4 - Time Delta 56.021 - Time 2026-04-12T13:24:49
Episode 3240 - Step 684899 - Epsilon 0.8426321525528196 - Mean Reward 695.08 - Mean Length 190.78 - Mean Loss 1.34 - Mean Q Value 36.049 - Time Delta 62.233 - Time 2026-04-12T13:25:51
Episode 3260 - Step 688411 - Epsilon 0.841892646121164 - Mean Reward 687.49 - Mean Length 191.63 - Mean Loss 1.345 - Mean Q Value 35.71 - Time Delta 50.994 - Time 2026-04-12T13:26:42
Episode 3280 - Step 692734 - Epsilon 0.8409832620270121 - Mean Reward 688.62 - Mean Length 196.87 - Mean Loss 1.3 - Mean Q Value 35.232 - Time Delta 63.196 - Time 2026-04-12T13:27:46
Episode 3300 - Step 698783 - Epsilon 0.8397124460678861 - Mean Reward 690.94 - Mean Length 220.05 - Mean Loss 1.253 - Mean Q Value 33.989 - Time Delta 88.307 - Time 2026-04-12T13:29:14
Episode 3320 - Step 701889 - Epsilon 0.8390606623597232 - Mean Reward 666.69 - Mean Length 212.61 - Mean Loss 1.163 - Mean Q Value 32.19 - Time Delta 45.367 - Time 2026-04-12T13:29:59
Episode 3340 - Step 705734 - Epsilon 0.8382545027196994 - Mean Reward 639.23 - Mean Length 208.35 - Mean Loss 1.135 - Mean Q Value 30.942 - Time Delta 55.961 - Time 2026-04-12T13:30:55
Episode 3360 - Step 710207 - Epsilon 0.8373176484210805 - Mean Reward 664.36 - Mean Length 217.96 - Mean Loss 1.154 - Mean Q Value 30.559 - Time Delta 65.01 - Time 2026-04-12T13:32:00
Episode 3380 - Step 713904 - Epsilon 0.8365441150119223 - Mean Reward 639.11 - Mean Length 211.7 - Mean Loss 1.147 - Mean Q Value 30.453 - Time Delta 54.023 - Time 2026-04-12T13:32:54
Episode 3400 - Step 719210 - Epsilon 0.8354351747718096 - Mean Reward 637.11 - Mean Length 204.27 - Mean Loss 1.142 - Mean Q Value 30.873 - Time Delta 80.496 - Time 2026-04-12T13:34:15
Episode 3420 - Step 724443 - Epsilon 0.8343429311873516 - Mean Reward 671.63 - Mean Length 225.54 - Mean Loss 1.185 - Mean Q Value 31.312 - Time Delta 77.891 - Time 2026-04-12T13:35:33
Episode 3440 - Step 728011 - Epsilon 0.8335990290293253 - Mean Reward 662.5 - Mean Length 222.77 - Mean Loss 1.192 - Mean Q Value 30.682 - Time Delta 54.483 - Time 2026-04-12T13:36:27
Episode 3460 - Step 731605 - Epsilon 0.8328503765905327 - Mean Reward 644.51 - Mean Length 213.98 - Mean Loss 1.19 - Mean Q Value 30.064 - Time Delta 52.977 - Time 2026-04-12T13:37:20
Episode 3480 - Step 735542 - Epsilon 0.832031046783666 - Mean Reward 653.81 - Mean Length 216.38 - Mean Loss 1.192 - Mean Q Value 29.466 - Time Delta 57.686 - Time 2026-04-12T13:38:18
Episode 3500 - Step 739064 - Epsilon 0.8312987657893548 - Mean Reward 628.55 - Mean Length 198.54 - Mean Loss 1.197 - Mean Q Value 29.744 - Time Delta 51.644 - Time 2026-04-12T13:39:10
Episode 3520 - Step 742812 - Epsilon 0.8305202035617495 - Mean Reward 602.85 - Mean Length 183.69 - Mean Loss 1.203 - Mean Q Value 30.335 - Time Delta 55.036 - Time 2026-04-12T13:40:05
Episode 3540 - Step 746872 - Epsilon 0.8296776531163836 - Mean Reward 639.64 - Mean Length 188.61 - Mean Loss 1.238 - Mean Q Value 31.701 - Time Delta 59.318 - Time 2026-04-12T13:41:04
Episode 3560 - Step 749302 - Epsilon 0.8291737769469407 - Mean Reward 628.7 - Mean Length 176.97 - Mean Loss 1.256 - Mean Q Value 32.983 - Time Delta 35.632 - Time 2026-04-12T13:41:40
Episode 3580 - Step 754830 - Epsilon 0.8280286501088013 - Mean Reward 660.52 - Mean Length 192.88 - Mean Loss 1.293 - Mean Q Value 34.42 - Time Delta 80.73 - Time 2026-04-12T13:43:00
Episode 3600 - Step 757792 - Epsilon 0.8274157217814128 - Mean Reward 656.89 - Mean Length 187.28 - Mean Loss 1.263 - Mean Q Value 34.539 - Time Delta 43.248 - Time 2026-04-12T13:43:43
Episode 3620 - Step 761759 - Epsilon 0.826595538912107 - Mean Reward 660.48 - Mean Length 189.47 - Mean Loss 1.239 - Mean Q Value 34.375 - Time Delta 62.007 - Time 2026-04-12T13:44:45
Episode 3640 - Step 765753 - Epsilon 0.8257705950850169 - Mean Reward 653.06 - Mean Length 188.81 - Mean Loss 1.216 - Mean Q Value 34.214 - Time Delta 58.401 - Time 2026-04-12T13:45:44
Episode 3660 - Step 768775 - Epsilon 0.825146960929855 - Mean Reward 656.7 - Mean Length 194.73 - Mean Loss 1.185 - Mean Q Value 34.158 - Time Delta 44.482 - Time 2026-04-12T13:46:28
Episode 3680 - Step 771325 - Epsilon 0.8246210973132923 - Mean Reward 617.27 - Mean Length 164.95 - Mean Loss 1.178 - Mean Q Value 34.278 - Time Delta 37.266 - Time 2026-04-12T13:47:06
Episode 3700 - Step 774732 - Epsilon 0.8239190252431886 - Mean Reward 626.46 - Mean Length 169.4 - Mean Loss 1.235 - Mean Q Value 35.504 - Time Delta 49.775 - Time 2026-04-12T13:47:55
Episode 3720 - Step 777755 - Epsilon 0.8232965835967321 - Mean Reward 619.63 - Mean Length 159.96 - Mean Loss 1.265 - Mean Q Value 37.153 - Time Delta 44.226 - Time 2026-04-12T13:48:40
Episode 3740 - Step 781217 - Epsilon 0.8225843285873174 - Mean Reward 606.71 - Mean Length 154.64 - Mean Loss 1.287 - Mean Q Value 38.274 - Time Delta 50.75 - Time 2026-04-12T13:49:30
Episode 3760 - Step 784820 - Epsilon 0.8218437192626558 - Mean Reward 641.09 - Mean Length 160.45 - Mean Loss 1.327 - Mean Q Value 39.029 - Time Delta 52.781 - Time 2026-04-12T13:50:23
Episode 3780 - Step 788274 - Epsilon 0.8211343634307605 - Mean Reward 652.99 - Mean Length 169.49 - Mean Loss 1.323 - Mean Q Value 39.524 - Time Delta 50.627 - Time 2026-04-12T13:51:14
Episode 3800 - Step 792323 - Epsilon 0.8203035906132412 - Mean Reward 672.39 - Mean Length 175.91 - Mean Loss 1.336 - Mean Q Value 39.355 - Time Delta 59.197 - Time 2026-04-12T13:52:13
Episode 3820 - Step 796326 - Epsilon 0.8194830823225698 - Mean Reward 672.17 - Mean Length 185.71 - Mean Loss 1.348 - Mean Q Value 38.503 - Time Delta 58.929 - Time 2026-04-12T13:53:12
Episode 3840 - Step 799598 - Epsilon 0.8188130191705704 - Mean Reward 677.24 - Mean Length 183.81 - Mean Loss 1.336 - Mean Q Value 37.406 - Time Delta 48.106 - Time 2026-04-12T13:54:00
Episode 3860 - Step 803423 - Epsilon 0.818030403370867 - Mean Reward 680.37 - Mean Length 186.03 - Mean Loss 1.334 - Mean Q Value 36.8 - Time Delta 56.128 - Time 2026-04-12T13:54:56
Episode 3880 - Step 807254 - Epsilon 0.8172473097178761 - Mean Reward 681.0 - Mean Length 189.8 - Mean Loss 1.343 - Mean Q Value 36.239 - Time Delta 56.027 - Time 2026-04-12T13:55:52
Episode 3900 - Step 810445 - Epsilon 0.8165956105760565 - Mean Reward 656.13 - Mean Length 181.22 - Mean Loss 1.325 - Mean Q Value 36.039 - Time Delta 46.725 - Time 2026-04-12T13:56:39
Episode 3920 - Step 814745 - Epsilon 0.8157182418550719 - Mean Reward 652.79 - Mean Length 184.19 - Mean Loss 1.317 - Mean Q Value 35.714 - Time Delta 63.006 - Time 2026-04-12T13:57:42
Episode 3940 - Step 818884 - Epsilon 0.8148746138460544 - Mean Reward 663.9 - Mean Length 192.86 - Mean Loss 1.344 - Mean Q Value 35.262 - Time Delta 60.701 - Time 2026-04-12T13:58:43
Episode 3960 - Step 823600 - Epsilon 0.813914442688295 - Mean Reward 662.04 - Mean Length 201.77 - Mean Loss 1.335 - Mean Q Value 34.115 - Time Delta 69.275 - Time 2026-04-12T13:59:52
Episode 3980 - Step 826385 - Epsilon 0.8133479519191656 - Mean Reward 646.73 - Mean Length 191.31 - Mean Loss 1.346 - Mean Q Value 33.231 - Time Delta 41.188 - Time 2026-04-12T14:00:33
Episode 4000 - Step 831205 - Epsilon 0.8123684577782716 - Mean Reward 679.49 - Mean Length 207.6 - Mean Loss 1.343 - Mean Q Value 32.526 - Time Delta 70.836 - Time 2026-04-12T14:01:44
Episode 4020 - Step 834662 - Epsilon 0.8116666715538718 - Mean Reward 693.08 - Mean Length 199.17 - Mean Loss 1.327 - Mean Q Value 32.73 - Time Delta 50.844 - Time 2026-04-12T14:02:35
Episode 4040 - Step 838575 - Epsilon 0.8108730467781193 - Mean Reward 681.56 - Mean Length 196.91 - Mean Loss 1.282 - Mean Q Value 33.368 - Time Delta 57.255 - Time 2026-04-12T14:03:32
Episode 4060 - Step 842193 - Epsilon 0.8101399436114568 - Mean Reward 660.78 - Mean Length 185.93 - Mean Loss 1.274 - Mean Q Value 34.347 - Time Delta 53.249 - Time 2026-04-12T14:04:25
Episode 4080 - Step 845540 - Epsilon 0.8094623424597626 - Mean Reward 672.43 - Mean Length 191.55 - Mean Loss 1.253 - Mean Q Value 34.78 - Time Delta 49.681 - Time 2026-04-12T14:05:15
Episode 4100 - Step 847949 - Epsilon 0.8089749904716281 - Mean Reward 638.56 - Mean Length 167.44 - Mean Loss 1.264 - Mean Q Value 35.322 - Time Delta 36.769 - Time 2026-04-12T14:05:52
Episode 4120 - Step 852451 - Epsilon 0.8080650011984966 - Mean Reward 670.4 - Mean Length 177.89 - Mean Loss 1.295 - Mean Q Value 36.137 - Time Delta 69.291 - Time 2026-04-12T14:07:01
Episode 4140 - Step 855808 - Epsilon 0.8073871170583314 - Mean Reward 663.1 - Mean Length 172.33 - Mean Loss 1.338 - Mean Q Value 37.164 - Time Delta 55.72 - Time 2026-04-12T14:07:57
Episode 4160 - Step 858743 - Epsilon 0.8067949139781541 - Mean Reward 650.58 - Mean Length 165.5 - Mean Loss 1.34 - Mean Q Value 37.685 - Time Delta 43.219 - Time 2026-04-12T14:08:40
Episode 4180 - Step 863544 - Epsilon 0.8058271391635904 - Mean Reward 669.45 - Mean Length 180.04 - Mean Loss 1.33 - Mean Q Value 37.667 - Time Delta 70.34 - Time 2026-04-12T14:09:50
Episode 4200 - Step 866461 - Epsilon 0.8052397038684719 - Mean Reward 668.98 - Mean Length 185.12 - Mean Loss 1.297 - Mean Q Value 37.15 - Time Delta 42.855 - Time 2026-04-12T14:10:33
Episode 4220 - Step 870707 - Epsilon 0.8043853953203908 - Mean Reward 652.3 - Mean Length 182.56 - Mean Loss 1.262 - Mean Q Value 36.017 - Time Delta 62.33 - Time 2026-04-12T14:11:35
Episode 4240 - Step 875412 - Epsilon 0.8034397931221284 - Mean Reward 698.77 - Mean Length 196.04 - Mean Loss 1.23 - Mean Q Value 35.24 - Time Delta 68.62 - Time 2026-04-12T14:12:44
Episode 4260 - Step 879486 - Epsilon 0.8026219061701181 - Mean Reward 732.74 - Mean Length 207.43 - Mean Loss 1.222 - Mean Q Value 34.554 - Time Delta 59.671 - Time 2026-04-12T14:13:44
Episode 4280 - Step 883911 - Epsilon 0.801734496514333 - Mean Reward 730.24 - Mean Length 203.67 - Mean Loss 1.235 - Mean Q Value 34.084 - Time Delta 64.724 - Time 2026-04-12T14:14:48
Episode 4300 - Step 886526 - Epsilon 0.8012105338106389 - Mean Reward 726.65 - Mean Length 200.65 - Mean Loss 1.278 - Mean Q Value 34.03 - Time Delta 38.435 - Time 2026-04-12T14:15:27
Episode 4320 - Step 889428 - Epsilon 0.8006294663033718 - Mean Reward 686.85 - Mean Length 187.21 - Mean Loss 1.324 - Mean Q Value 34.554 - Time Delta 42.543 - Time 2026-04-12T14:16:09
Episode 4340 - Step 892347 - Epsilon 0.8000454200070618 - Mean Reward 634.04 - Mean Length 169.35 - Mean Loss 1.365 - Mean Q Value 35.074 - Time Delta 42.954 - Time 2026-04-12T14:16:52
Episode 4360 - Step 896742 - Epsilon 0.7991668527431571 - Mean Reward 656.03 - Mean Length 172.56 - Mean Loss 1.4 - Mean Q Value 35.841 - Time Delta 64.478 - Time 2026-04-12T14:17:57
Episode 4380 - Step 900894 - Epsilon 0.7983377478261493 - Mean Reward 666.81 - Mean Length 169.83 - Mean Loss 1.423 - Mean Q Value 36.846 - Time Delta 60.785 - Time 2026-04-12T14:18:58
Episode 4400 - Step 904451 - Epsilon 0.7976281414505914 - Mean Reward 702.52 - Mean Length 179.25 - Mean Loss 1.44 - Mean Q Value 37.613 - Time Delta 52.351 - Time 2026-04-12T14:19:50
Episode 4420 - Step 907097 - Epsilon 0.7971006848445221 - Mean Reward 717.55 - Mean Length 176.69 - Mean Loss 1.43 - Mean Q Value 38.239 - Time Delta 38.957 - Time 2026-04-12T14:20:29
Episode 4440 - Step 910184 - Epsilon 0.7964857596288296 - Mean Reward 724.3 - Mean Length 178.37 - Mean Loss 1.439 - Mean Q Value 38.755 - Time Delta 45.266 - Time 2026-04-12T14:21:14
Episode 4460 - Step 914810 - Epsilon 0.7955651561741718 - Mean Reward 707.07 - Mean Length 180.68 - Mean Loss 1.456 - Mean Q Value 39.022 - Time Delta 67.898 - Time 2026-04-12T14:22:22
Episode 4480 - Step 918508 - Epsilon 0.7948299959754548 - Mean Reward 701.29 - Mean Length 176.14 - Mean Loss 1.45 - Mean Q Value 38.728 - Time Delta 54.401 - Time 2026-04-12T14:23:17
Episode 4500 - Step 922022 - Epsilon 0.7941320443567847 - Mean Reward 694.83 - Mean Length 175.71 - Mean Loss 1.445 - Mean Q Value 38.368 - Time Delta 51.541 - Time 2026-04-12T14:24:08
Episode 4520 - Step 925922 - Epsilon 0.7933581428549803 - Mean Reward 705.54 - Mean Length 188.25 - Mean Loss 1.451 - Mean Q Value 38.003 - Time Delta 57.46 - Time 2026-04-12T14:25:06
Episode 4540 - Step 929525 - Epsilon 0.792643847167631 - Mean Reward 716.85 - Mean Length 193.41 - Mean Loss 1.424 - Mean Q Value 37.232 - Time Delta 53.294 - Time 2026-04-12T14:25:59
Episode 4560 - Step 932697 - Epsilon 0.7920155296790105 - Mean Reward 705.64 - Mean Length 178.87 - Mean Loss 1.399 - Mean Q Value 36.88 - Time Delta 46.732 - Time 2026-04-12T14:26:46
Episode 4580 - Step 936524 - Epsilon 0.7912581311045274 - Mean Reward 695.32 - Mean Length 180.16 - Mean Loss 1.38 - Mean Q Value 37.448 - Time Delta 56.422 - Time 2026-04-12T14:27:42
Episode 4600 - Step 940552 - Epsilon 0.7904617351195179 - Mean Reward 717.93 - Mean Length 185.3 - Mean Loss 1.358 - Mean Q Value 37.975 - Time Delta 59.48 - Time 2026-04-12T14:28:41
Episode 4620 - Step 944331 - Epsilon 0.7897152989551582 - Mean Reward 708.06 - Mean Length 184.09 - Mean Loss 1.38 - Mean Q Value 38.006 - Time Delta 55.33 - Time 2026-04-12T14:29:37
Episode 4640 - Step 948107 - Epsilon 0.7889701593809115 - Mean Reward 706.57 - Mean Length 185.82 - Mean Loss 1.392 - Mean Q Value 37.881 - Time Delta 55.634 - Time 2026-04-12T14:30:32
Episode 4660 - Step 952066 - Epsilon 0.7881896623801593 - Mean Reward 714.41 - Mean Length 193.69 - Mean Loss 1.411 - Mean Q Value 37.322 - Time Delta 58.324 - Time 2026-04-12T14:31:31
Episode 4680 - Step 955034 - Epsilon 0.787605042498314 - Mean Reward 707.34 - Mean Length 185.1 - Mean Loss 1.411 - Mean Q Value 36.983 - Time Delta 43.715 - Time 2026-04-12T14:32:14
Episode 4700 - Step 958373 - Epsilon 0.7869478634351205 - Mean Reward 679.34 - Mean Length 178.21 - Mean Loss 1.39 - Mean Q Value 37.242 - Time Delta 49.155 - Time 2026-04-12T14:33:04
Episode 4720 - Step 961526 - Epsilon 0.7863277961203092 - Mean Reward 695.11 - Mean Length 171.95 - Mean Loss 1.376 - Mean Q Value 38.257 - Time Delta 47.875 - Time 2026-04-12T14:33:52
Episode 4740 - Step 966115 - Epsilon 0.785426198721081 - Mean Reward 724.08 - Mean Length 180.08 - Mean Loss 1.382 - Mean Q Value 38.941 - Time Delta 70.9 - Time 2026-04-12T14:35:02
Episode 4760 - Step 969514 - Epsilon 0.7847590662132947 - Mean Reward 709.3 - Mean Length 174.48 - Mean Loss 1.37 - Mean Q Value 39.848 - Time Delta 52.887 - Time 2026-04-12T14:35:55
Episode 4780 - Step 973008 - Epsilon 0.7840738783825645 - Mean Reward 723.16 - Mean Length 179.74 - Mean Loss 1.413 - Mean Q Value 40.214 - Time Delta 51.944 - Time 2026-04-12T14:36:47
Episode 4800 - Step 975441 - Epsilon 0.7835971103981373 - Mean Reward 693.47 - Mean Length 170.68 - Mean Loss 1.5 - Mean Q Value 40.769 - Time Delta 35.811 - Time 2026-04-12T14:37:23
Episode 4820 - Step 979655 - Epsilon 0.7827720254289005 - Mean Reward 703.29 - Mean Length 181.29 - Mean Loss 1.506 - Mean Q Value 40.542 - Time Delta 66.097 - Time 2026-04-12T14:38:29
Episode 4840 - Step 983222 - Epsilon 0.7820742995326829 - Mean Reward 686.0 - Mean Length 171.07 - Mean Loss 1.531 - Mean Q Value 40.701 - Time Delta 53.359 - Time 2026-04-12T14:39:23
Episode 4860 - Step 985065 - Epsilon 0.7817140417548494 - Mean Reward 634.71 - Mean Length 155.51 - Mean Loss 1.543 - Mean Q Value 40.847 - Time Delta 29.273 - Time 2026-04-12T14:39:52
Episode 4880 - Step 988343 - Epsilon 0.7810736894376995 - Mean Reward 621.8 - Mean Length 153.35 - Mean Loss 1.52 - Mean Q Value 41.313 - Time Delta 48.737 - Time 2026-04-12T14:40:41
Episode 4900 - Step 990526 - Epsilon 0.7806475347159058 - Mean Reward 621.91 - Mean Length 150.85 - Mean Loss 1.454 - Mean Q Value 41.35 - Time Delta 32.344 - Time 2026-04-12T14:41:13
Episode 4920 - Step 994399 - Epsilon 0.779892038459522 - Mean Reward 612.88 - Mean Length 147.44 - Mean Loss 1.433 - Mean Q Value 41.598 - Time Delta 59.241 - Time 2026-04-12T14:42:12
Episode 4940 - Step 999054 - Epsilon 0.7789849668908926 - Mean Reward 635.27 - Mean Length 158.32 - Mean Loss 1.414 - Mean Q Value 41.652 - Time Delta 69.47 - Time 2026-04-12T14:43:22
MarioNet saved to checkpoints/2026-04-12T10-38-02/mario_net_2.chkpt at step 1000000
Episode 4960 - Step 1003233 - Epsilon 0.7781715472290237 - Mean Reward 706.45 - Mean Length 181.68 - Mean Loss 1.474 - Mean Q Value 41.117 - Time Delta 62.413 - Time 2026-04-12T14:44:24
Episode 4980 - Step 1007168 - Epsilon 0.777406397293517 - Mean Reward 725.53 - Mean Length 188.25 - Mean Loss 1.542 - Mean Q Value 40.433 - Time Delta 57.53 - Time 2026-04-12T14:45:22
Episode 5000 - Step 1012352 - Epsilon 0.7763995310668685 - Mean Reward 810.67 - Mean Length 218.26 - Mean Loss 1.589 - Mean Q Value 39.45 - Time Delta 76.099 - Time 2026-04-12T14:46:38
Episode 5020 - Step 1015501 - Epsilon 0.7757885509881628 - Mean Reward 803.05 - Mean Length 211.02 - Mean Loss 1.618 - Mean Q Value 38.748 - Time Delta 46.236 - Time 2026-04-12T14:47:24
Episode 5040 - Step 1018314 - Epsilon 0.7752431694137045 - Mean Reward 744.53 - Mean Length 192.6 - Mean Loss 1.632 - Mean Q Value 38.62 - Time Delta 41.471 - Time 2026-04-12T14:48:05
Episode 5060 - Step 1021347 - Epsilon 0.7746555640110157 - Mean Reward 726.77 - Mean Length 181.14 - Mean Loss 1.6 - Mean Q Value 39.509 - Time Delta 44.551 - Time 2026-04-12T14:48:50
Episode 5080 - Step 1025851 - Epsilon 0.7737837926362374 - Mean Reward 760.37 - Mean Length 186.83 - Mean Loss 1.561 - Mean Q Value 40.565 - Time Delta 65.985 - Time 2026-04-12T14:49:56
Episode 5100 - Step 1030588 - Epsilon 0.7728679814469352 - Mean Reward 757.8 - Mean Length 182.36 - Mean Loss 1.579 - Mean Q Value 41.655 - Time Delta 69.264 - Time 2026-04-12T14:51:05
Episode 5120 - Step 1034537 - Epsilon 0.7721053439556909 - Mean Reward 774.58 - Mean Length 190.36 - Mean Loss 1.666 - Mean Q Value 42.158 - Time Delta 58.099 - Time 2026-04-12T14:52:03
Episode 5140 - Step 1037970 - Epsilon 0.7714429687437722 - Mean Reward 797.55 - Mean Length 196.56 - Mean Loss 1.745 - Mean Q Value 42.405 - Time Delta 50.517 - Time 2026-04-12T14:52:54
Episode 5160 - Step 1040797 - Epsilon 0.7708979439782208 - Mean Reward 785.24 - Mean Length 194.5 - Mean Loss 1.837 - Mean Q Value 42.365 - Time Delta 41.558 - Time 2026-04-12T14:53:35
Episode 5180 - Step 1045397 - Epsilon 0.7700119207927483 - Mean Reward 769.57 - Mean Length 195.46 - Mean Loss 1.914 - Mean Q Value 42.268 - Time Delta 67.526 - Time 2026-04-12T14:54:43
Episode 5200 - Step 1047553 - Epsilon 0.7695969961477547 - Mean Reward 683.12 - Mean Length 169.65 - Mean Loss 1.956 - Mean Q Value 41.989 - Time Delta 31.923 - Time 2026-04-12T14:55:15
Episode 5220 - Step 1051145 - Epsilon 0.768906208168993 - Mean Reward 665.65 - Mean Length 166.08 - Mean Loss 1.92 - Mean Q Value 42.004 - Time Delta 52.643 - Time 2026-04-12T14:56:07
Episode 5240 - Step 1055456 - Epsilon 0.7680779657987699 - Mean Reward 697.09 - Mean Length 174.86 - Mean Loss 1.904 - Mean Q Value 41.864 - Time Delta 63.837 - Time 2026-04-12T14:57:11
Episode 5260 - Step 1059365 - Epsilon 0.7673277281573778 - Mean Reward 710.24 - Mean Length 185.68 - Mean Loss 1.843 - Mean Q Value 41.641 - Time Delta 58.06 - Time 2026-04-12T14:58:09
Episode 5280 - Step 1061910 - Epsilon 0.7668396711088754 - Mean Reward 647.6 - Mean Length 165.13 - Mean Loss 1.773 - Mean Q Value 40.945 - Time Delta 37.63 - Time 2026-04-12T14:58:47
Episode 5300 - Step 1065085 - Epsilon 0.766231233549395 - Mean Reward 678.48 - Mean Length 175.32 - Mean Loss 1.711 - Mean Q Value 40.805 - Time Delta 46.719 - Time 2026-04-12T14:59:34
Episode 5320 - Step 1068641 - Epsilon 0.7655503565922156 - Mean Reward 662.96 - Mean Length 174.96 - Mean Loss 1.631 - Mean Q Value 40.383 - Time Delta 52.106 - Time 2026-04-12T15:00:26
Episode 5340 - Step 1073215 - Epsilon 0.7646754499731612 - Mean Reward 654.62 - Mean Length 177.59 - Mean Loss 1.546 - Mean Q Value 40.112 - Time Delta 67.376 - Time 2026-04-12T15:01:33
Episode 5360 - Step 1076494 - Epsilon 0.7640488640516275 - Mean Reward 648.81 - Mean Length 171.29 - Mean Loss 1.446 - Mean Q Value 39.491 - Time Delta 48.397 - Time 2026-04-12T15:02:22
Episode 5380 - Step 1080414 - Epsilon 0.7633004628476835 - Mean Reward 665.82 - Mean Length 185.04 - Mean Loss 1.401 - Mean Q Value 39.103 - Time Delta 57.821 - Time 2026-04-12T15:03:19
Episode 5400 - Step 1084704 - Epsilon 0.7624822618376087 - Mean Reward 670.14 - Mean Length 196.19 - Mean Loss 1.387 - Mean Q Value 38.039 - Time Delta 63.241 - Time 2026-04-12T15:04:23
Episode 5420 - Step 1087612 - Epsilon 0.7619281386121107 - Mean Reward 666.25 - Mean Length 189.71 - Mean Loss 1.365 - Mean Q Value 37.076 - Time Delta 43.407 - Time 2026-04-12T15:05:06
Episode 5440 - Step 1094495 - Epsilon 0.7606181779842712 - Mean Reward 692.77 - Mean Length 212.8 - Mean Loss 1.325 - Mean Q Value 36.132 - Time Delta 101.173 - Time 2026-04-12T15:06:47
Episode 5460 - Step 1099501 - Epsilon 0.7596668596271067 - Mean Reward 701.09 - Mean Length 230.07 - Mean Loss 1.267 - Mean Q Value 34.482 - Time Delta 73.632 - Time 2026-04-12T15:08:01
Episode 5480 - Step 1102447 - Epsilon 0.759107570898356 - Mean Reward 700.53 - Mean Length 220.33 - Mean Loss 1.218 - Mean Q Value 33.255 - Time Delta 43.339 - Time 2026-04-12T15:08:44
Episode 5500 - Step 1106878 - Epsilon 0.7582671349639191 - Mean Reward 693.58 - Mean Length 221.74 - Mean Loss 1.175 - Mean Q Value 33.025 - Time Delta 65.515 - Time 2026-04-12T15:09:50
Episode 5520 - Step 1110921 - Epsilon 0.7575011035597317 - Mean Reward 715.79 - Mean Length 233.09 - Mean Loss 1.176 - Mean Q Value 33.147 - Time Delta 59.904 - Time 2026-04-12T15:10:50
Episode 5540 - Step 1114356 - Epsilon 0.7568508786359669 - Mean Reward 675.18 - Mean Length 198.61 - Mean Loss 1.214 - Mean Q Value 33.336 - Time Delta 50.551 - Time 2026-04-12T15:11:40
Episode 5560 - Step 1118100 - Epsilon 0.7561427975585954 - Mean Reward 684.17 - Mean Length 185.99 - Mean Loss 1.282 - Mean Q Value 35.193 - Time Delta 55.053 - Time 2026-04-12T15:12:35
Episode 5580 - Step 1120797 - Epsilon 0.755633140051157 - Mean Reward 672.04 - Mean Length 183.5 - Mean Loss 1.318 - Mean Q Value 37.158 - Time Delta 39.804 - Time 2026-04-12T15:13:15
Episode 5600 - Step 1124511 - Epsilon 0.7549318602124091 - Mean Reward 679.28 - Mean Length 176.33 - Mean Loss 1.359 - Mean Q Value 38.375 - Time Delta 54.56 - Time 2026-04-12T15:14:10
Episode 5620 - Step 1128191 - Epsilon 0.754237642203388 - Mean Reward 701.36 - Mean Length 172.7 - Mean Loss 1.378 - Mean Q Value 39.311 - Time Delta 54.007 - Time 2026-04-12T15:15:04
Episode 5640 - Step 1132378 - Epsilon 0.7534485569122263 - Mean Reward 715.31 - Mean Length 180.22 - Mean Loss 1.397 - Mean Q Value 40.223 - Time Delta 61.377 - Time 2026-04-12T15:16:05
Episode 5660 - Step 1135363 - Epsilon 0.7528865055977724 - Mean Reward 702.73 - Mean Length 172.63 - Mean Loss 1.435 - Mean Q Value 40.77 - Time Delta 44.06 - Time 2026-04-12T15:16:49
Episode 5680 - Step 1138278 - Epsilon 0.7523380393598406 - Mean Reward 721.86 - Mean Length 174.81 - Mean Loss 1.463 - Mean Q Value 41.241 - Time Delta 42.953 - Time 2026-04-12T15:17:32
Episode 5700 - Step 1141969 - Epsilon 0.7516441395444506 - Mean Reward 732.03 - Mean Length 174.58 - Mean Loss 1.466 - Mean Q Value 41.827 - Time Delta 54.424 - Time 2026-04-12T15:18:26
Episode 5720 - Step 1144664 - Epsilon 0.7511378898041098 - Mean Reward 693.85 - Mean Length 164.73 - Mean Loss 1.48 - Mean Q Value 42.497 - Time Delta 39.757 - Time 2026-04-12T15:19:06
Episode 5740 - Step 1148390 - Epsilon 0.7504385305493805 - Mean Reward 677.09 - Mean Length 160.12 - Mean Loss 1.459 - Mean Q Value 43.01 - Time Delta 54.999 - Time 2026-04-12T15:20:01
Episode 5760 - Step 1152245 - Epsilon 0.7497156437221446 - Mean Reward 703.0 - Mean Length 168.82 - Mean Loss 1.443 - Mean Q Value 42.916 - Time Delta 56.938 - Time 2026-04-12T15:20:58
Episode 5780 - Step 1154560 - Epsilon 0.7492818712740708 - Mean Reward 690.55 - Mean Length 162.82 - Mean Loss 1.429 - Mean Q Value 42.673 - Time Delta 34.098 - Time 2026-04-12T15:21:32
Episode 5800 - Step 1158110 - Epsilon 0.7486171785311689 - Mean Reward 687.47 - Mean Length 161.41 - Mean Loss 1.401 - Mean Q Value 42.598 - Time Delta 52.243 - Time 2026-04-12T15:22:24
Episode 5820 - Step 1161433 - Epsilon 0.7479955229882334 - Mean Reward 687.76 - Mean Length 167.69 - Mean Loss 1.423 - Mean Q Value 42.672 - Time Delta 48.894 - Time 2026-04-12T15:23:13
Episode 5840 - Step 1164878 - Epsilon 0.7473515890973134 - Mean Reward 690.44 - Mean Length 164.88 - Mean Loss 1.466 - Mean Q Value 42.657 - Time Delta 50.929 - Time 2026-04-12T15:24:04
Episode 5860 - Step 1168676 - Epsilon 0.746642315455657 - Mean Reward 679.65 - Mean Length 164.31 - Mean Loss 1.477 - Mean Q Value 42.741 - Time Delta 55.805 - Time 2026-04-12T15:25:00
Episode 5880 - Step 1172421 - Epsilon 0.7459435986382201 - Mean Reward 703.5 - Mean Length 178.61 - Mean Loss 1.535 - Mean Q Value 42.521 - Time Delta 54.996 - Time 2026-04-12T15:25:55
Episode 5900 - Step 1175962 - Epsilon 0.7452835441846345 - Mean Reward 704.97 - Mean Length 178.52 - Mean Loss 1.587 - Mean Q Value 42.05 - Time Delta 52.02 - Time 2026-04-12T15:26:47
Episode 5920 - Step 1179551 - Epsilon 0.7446151383493806 - Mean Reward 721.85 - Mean Length 181.18 - Mean Loss 1.594 - Mean Q Value 41.403 - Time Delta 52.71 - Time 2026-04-12T15:27:40
Episode 5940 - Step 1182496 - Epsilon 0.744067117150245 - Mean Reward 699.54 - Mean Length 176.18 - Mean Loss 1.579 - Mean Q Value 41.153 - Time Delta 43.204 - Time 2026-04-12T15:28:23
Episode 5960 - Step 1184959 - Epsilon 0.7436090987924164 - Mean Reward 661.93 - Mean Length 162.83 - Mean Loss 1.608 - Mean Q Value 41.358 - Time Delta 36.307 - Time 2026-04-12T15:28:59
Episode 5980 - Step 1188412 - Epsilon 0.7429674551468722 - Mean Reward 664.66 - Mean Length 159.91 - Mean Loss 1.583 - Mean Q Value 41.911 - Time Delta 50.843 - Time 2026-04-12T15:29:50
Episode 6000 - Step 1192099 - Epsilon 0.742282940333659 - Mean Reward 665.81 - Mean Length 161.37 - Mean Loss 1.595 - Mean Q Value 42.597 - Time Delta 54.185 - Time 2026-04-12T15:30:44
Episode 6020 - Step 1195487 - Epsilon 0.7416544927896581 - Mean Reward 673.28 - Mean Length 159.36 - Mean Loss 1.607 - Mean Q Value 43.325 - Time Delta 50.164 - Time 2026-04-12T15:31:34
Episode 6040 - Step 1199765 - Epsilon 0.7408617172227148 - Mean Reward 708.44 - Mean Length 172.69 - Mean Loss 1.604 - Mean Q Value 43.384 - Time Delta 62.877 - Time 2026-04-12T15:32:37
Episode 6060 - Step 1203699 - Epsilon 0.7401334378227871 - Mean Reward 748.18 - Mean Length 187.4 - Mean Loss 1.611 - Mean Q Value 42.91 - Time Delta 57.8 - Time 2026-04-12T15:33:35
Episode 6080 - Step 1208192 - Epsilon 0.7393025495697487 - Mean Reward 759.71 - Mean Length 197.8 - Mean Loss 1.659 - Mean Q Value 42.194 - Time Delta 66.101 - Time 2026-04-12T15:34:41
Episode 6100 - Step 1212504 - Epsilon 0.7385060107332054 - Mean Reward 760.93 - Mean Length 204.05 - Mean Loss 1.707 - Mean Q Value 41.166 - Time Delta 63.655 - Time 2026-04-12T15:35:45
Episode 6120 - Step 1215424 - Epsilon 0.7379670980050096 - Mean Reward 736.18 - Mean Length 199.37 - Mean Loss 1.76 - Mean Q Value 39.898 - Time Delta 42.865 - Time 2026-04-12T15:36:28
Episode 6140 - Step 1219242 - Epsilon 0.7372630443849028 - Mean Reward 734.02 - Mean Length 194.77 - Mean Loss 1.798 - Mean Q Value 39.601 - Time Delta 56.075 - Time 2026-04-12T15:37:24
Episode 6160 - Step 1223330 - Epsilon 0.7365099463579349 - Mean Reward 735.66 - Mean Length 196.31 - Mean Loss 1.837 - Mean Q Value 39.79 - Time Delta 60.183 - Time 2026-04-12T15:38:24
Episode 6180 - Step 1226733 - Epsilon 0.7358836269011091 - Mean Reward 710.92 - Mean Length 185.41 - Mean Loss 1.832 - Mean Q Value 39.924 - Time Delta 50.19 - Time 2026-04-12T15:39:14
Episode 6200 - Step 1230047 - Epsilon 0.7352741997300256 - Mean Reward 699.96 - Mean Length 175.43 - Mean Loss 1.796 - Mean Q Value 40.359 - Time Delta 48.896 - Time 2026-04-12T15:40:03
Episode 6220 - Step 1234006 - Epsilon 0.7345468220202416 - Mean Reward 729.25 - Mean Length 185.82 - Mean Loss 1.753 - Mean Q Value 41.677 - Time Delta 58.419 - Time 2026-04-12T15:41:02
Episode 6240 - Step 1237763 - Epsilon 0.7338572227351251 - Mean Reward 706.77 - Mean Length 185.21 - Mean Loss 1.767 - Mean Q Value 42.207 - Time Delta 55.346 - Time 2026-04-12T15:41:57
Episode 6260 - Step 1241799 - Epsilon 0.7331171341422574 - Mean Reward 692.09 - Mean Length 184.69 - Mean Loss 1.784 - Mean Q Value 42.013 - Time Delta 59.487 - Time 2026-04-12T15:42:56
Episode 6280 - Step 1245810 - Epsilon 0.7323823692983387 - Mean Reward 697.92 - Mean Length 190.77 - Mean Loss 1.832 - Mean Q Value 41.426 - Time Delta 62.363 - Time 2026-04-12T15:43:59
Episode 6300 - Step 1250208 - Epsilon 0.7315775573090468 - Mean Reward 712.61 - Mean Length 201.61 - Mean Loss 1.862 - Mean Q Value 40.635 - Time Delta 65.446 - Time 2026-04-12T15:45:04
Episode 6320 - Step 1255304 - Epsilon 0.7306461208354921 - Mean Reward 729.15 - Mean Length 212.98 - Mean Loss 1.86 - Mean Q Value 39.241 - Time Delta 75.535 - Time 2026-04-12T15:46:20
Episode 6340 - Step 1257936 - Epsilon 0.7301655137649056 - Mean Reward 721.49 - Mean Length 201.73 - Mean Loss 1.825 - Mean Q Value 38.406 - Time Delta 39.043 - Time 2026-04-12T15:46:59
Episode 6360 - Step 1261716 - Epsilon 0.7294758331934832 - Mean Reward 726.8 - Mean Length 199.17 - Mean Loss 1.746 - Mean Q Value 38.529 - Time Delta 55.598 - Time 2026-04-12T15:47:54
Episode 6380 - Step 1265655 - Epsilon 0.7287578353591013 - Mean Reward 753.32 - Mean Length 198.45 - Mean Loss 1.631 - Mean Q Value 39.566 - Time Delta 59.64 - Time 2026-04-12T15:48:54
Episode 6400 - Step 1269016 - Epsilon 0.7281457536981651 - Mean Reward 725.37 - Mean Length 188.08 - Mean Loss 1.536 - Mean Q Value 40.661 - Time Delta 50.594 - Time 2026-04-12T15:49:45
Episode 6420 - Step 1272540 - Epsilon 0.7275045397051524 - Mean Reward 676.56 - Mean Length 172.36 - Mean Loss 1.474 - Mean Q Value 41.102 - Time Delta 51.927 - Time 2026-04-12T15:50:36
Episode 6440 - Step 1276820 - Epsilon 0.7267265260618362 - Mean Reward 693.14 - Mean Length 188.84 - Mean Loss 1.413 - Mean Q Value 40.966 - Time Delta 62.998 - Time 2026-04-12T15:51:39
Episode 6460 - Step 1281977 - Epsilon 0.7257901974814469 - Mean Reward 690.71 - Mean Length 202.61 - Mean Loss 1.383 - Mean Q Value 40.028 - Time Delta 76.095 - Time 2026-04-12T15:52:56
Episode 6480 - Step 1285090 - Epsilon 0.725225570928406 - Mean Reward 653.49 - Mean Length 194.35 - Mean Loss 1.402 - Mean Q Value 38.635 - Time Delta 46.562 - Time 2026-04-12T15:53:42
Episode 6500 - Step 1287663 - Epsilon 0.7247592195278965 - Mean Reward 635.57 - Mean Length 186.47 - Mean Loss 1.415 - Mean Q Value 37.6 - Time Delta 38.021 - Time 2026-04-12T15:54:20
Episode 6520 - Step 1291807 - Epsilon 0.7240087576889063 - Mean Reward 679.43 - Mean Length 192.67 - Mean Loss 1.458 - Mean Q Value 37.886 - Time Delta 63.878 - Time 2026-04-12T15:55:24
Episode 6540 - Step 1295415 - Epsilon 0.7233559961474979 - Mean Reward 684.34 - Mean Length 185.95 - Mean Loss 1.501 - Mean Q Value 38.744 - Time Delta 58.663 - Time 2026-04-12T15:56:23
Episode 6560 - Step 1299772 - Epsilon 0.7225685094929308 - Mean Reward 691.69 - Mean Length 177.95 - Mean Loss 1.53 - Mean Q Value 40.021 - Time Delta 71.616 - Time 2026-04-12T15:57:34
Episode 6580 - Step 1304594 - Epsilon 0.7216979778641623 - Mean Reward 708.66 - Mean Length 195.04 - Mean Loss 1.546 - Mean Q Value 40.321 - Time Delta 85.648 - Time 2026-04-12T15:59:00
Episode 6600 - Step 1308472 - Epsilon 0.7209986306504425 - Mean Reward 743.26 - Mean Length 208.09 - Mean Loss 1.542 - Mean Q Value 40.142 - Time Delta 63.708 - Time 2026-04-12T16:00:04
Episode 6620 - Step 1313310 - Epsilon 0.7201271098560529 - Mean Reward 753.04 - Mean Length 215.03 - Mean Loss 1.481 - Mean Q Value 39.529 - Time Delta 78.26 - Time 2026-04-12T16:01:22
Episode 6640 - Step 1317254 - Epsilon 0.7194174143742912 - Mean Reward 751.38 - Mean Length 218.39 - Mean Loss 1.422 - Mean Q Value 38.857 - Time Delta 73.25 - Time 2026-04-12T16:02:35
Episode 6660 - Step 1323484 - Epsilon 0.7182977937421939 - Mean Reward 746.64 - Mean Length 237.12 - Mean Loss 1.36 - Mean Q Value 37.777 - Time Delta 107.691 - Time 2026-04-12T16:04:23
Episode 6680 - Step 1327597 - Epsilon 0.7175595835407591 - Mean Reward 725.49 - Mean Length 230.03 - Mean Loss 1.262 - Mean Q Value 36.663 - Time Delta 75.621 - Time 2026-04-12T16:05:38
Episode 6700 - Step 1331847 - Epsilon 0.7167975812732829 - Mean Reward 720.71 - Mean Length 233.75 - Mean Loss 1.161 - Mean Q Value 35.51 - Time Delta 65.035 - Time 2026-04-12T16:06:44
Episode 6720 - Step 1336501 - Epsilon 0.7159640721711144 - Mean Reward 686.96 - Mean Length 231.91 - Mean Loss 1.083 - Mean Q Value 34.655 - Time Delta 77.357 - Time 2026-04-12T16:08:01
Episode 6740 - Step 1339919 - Epsilon 0.7153525421083503 - Mean Reward 673.33 - Mean Length 226.65 - Mean Loss 1.025 - Mean Q Value 34.089 - Time Delta 59.933 - Time 2026-04-12T16:09:01
Episode 6760 - Step 1345047 - Epsilon 0.7144360476331598 - Mean Reward 685.21 - Mean Length 215.63 - Mean Loss 0.986 - Mean Q Value 34.098 - Time Delta 81.569 - Time 2026-04-12T16:10:23
Episode 6780 - Step 1348880 - Epsilon 0.7137517671131532 - Mean Reward 712.1 - Mean Length 212.83 - Mean Loss 0.975 - Mean Q Value 35.305 - Time Delta 66.698 - Time 2026-04-12T16:11:29
Episode 6800 - Step 1353132 - Epsilon 0.7129934520057014 - Mean Reward 721.91 - Mean Length 212.85 - Mean Loss 1.04 - Mean Q Value 36.625 - Time Delta 79.676 - Time 2026-04-12T16:12:49
Episode 6820 - Step 1357602 - Epsilon 0.7121971267530408 - Mean Reward 749.79 - Mean Length 211.01 - Mean Loss 1.116 - Mean Q Value 37.602 - Time Delta 72.748 - Time 2026-04-12T16:14:02
Episode 6840 - Step 1361330 - Epsilon 0.7115336681676078 - Mean Reward 766.1 - Mean Length 214.11 - Mean Loss 1.216 - Mean Q Value 38.275 - Time Delta 66.202 - Time 2026-04-12T16:15:08
Episode 6860 - Step 1364520 - Epsilon 0.7109664462060835 - Mean Reward 743.83 - Mean Length 194.73 - Mean Loss 1.26 - Mean Q Value 39.257 - Time Delta 49.315 - Time 2026-04-12T16:15:57
Episode 6880 - Step 1368235 - Epsilon 0.7103064425732064 - Mean Reward 730.29 - Mean Length 193.55 - Mean Loss 1.26 - Mean Q Value 39.979 - Time Delta 59.232 - Time 2026-04-12T16:16:56
Episode 6900 - Step 1371822 - Epsilon 0.7096697607060538 - Mean Reward 733.12 - Mean Length 186.9 - Mean Loss 1.235 - Mean Q Value 40.736 - Time Delta 64.566 - Time 2026-04-12T16:18:01
Episode 6920 - Step 1376540 - Epsilon 0.7088331985781149 - Mean Reward 716.53 - Mean Length 189.38 - Mean Loss 1.231 - Mean Q Value 41.13 - Time Delta 80.196 - Time 2026-04-12T16:19:21
Episode 6940 - Step 1379520 - Epsilon 0.7083053144403684 - Mean Reward 693.59 - Mean Length 181.9 - Mean Loss 1.205 - Mean Q Value 41.127 - Time Delta 54.01 - Time 2026-04-12T16:20:15
Episode 6960 - Step 1383375 - Epsilon 0.7076230139445566 - Mean Reward 698.91 - Mean Length 188.55 - Mean Loss 1.232 - Mean Q Value 40.483 - Time Delta 60.912 - Time 2026-04-12T16:21:16
Episode 6980 - Step 1387272 - Epsilon 0.706933947852816 - Mean Reward 705.49 - Mean Length 190.37 - Mean Loss 1.276 - Mean Q Value 40.115 - Time Delta 68.799 - Time 2026-04-12T16:22:25
Episode 7000 - Step 1391509 - Epsilon 0.7061855244286308 - Mean Reward 707.71 - Mean Length 196.87 - Mean Loss 1.318 - Mean Q Value 39.675 - Time Delta 69.291 - Time 2026-04-12T16:23:34
Episode 7020 - Step 1395218 - Epsilon 0.7055310173119574 - Mean Reward 684.19 - Mean Length 186.78 - Mean Loss 1.356 - Mean Q Value 39.234 - Time Delta 63.909 - Time 2026-04-12T16:24:38
Episode 7040 - Step 1399045 - Epsilon 0.704856323234957 - Mean Reward 709.7 - Mean Length 195.25 - Mean Loss 1.38 - Mean Q Value 38.81 - Time Delta 64.416 - Time 2026-04-12T16:25:42
Episode 7060 - Step 1402635 - Epsilon 0.7042239984039372 - Mean Reward 703.0 - Mean Length 192.6 - Mean Loss 1.411 - Mean Q Value 38.775 - Time Delta 67.241 - Time 2026-04-12T16:26:50
Episode 7080 - Step 1405733 - Epsilon 0.7036787880089258 - Mean Reward 683.53 - Mean Length 184.61 - Mean Loss 1.463 - Mean Q Value 38.976 - Time Delta 51.941 - Time 2026-04-12T16:27:42
Episode 7100 - Step 1409464 - Epsilon 0.703022737550405 - Mean Reward 686.95 - Mean Length 179.55 - Mean Loss 1.496 - Mean Q Value 39.3 - Time Delta 60.792 - Time 2026-04-12T16:28:43
Episode 7120 - Step 1414100 - Epsilon 0.702208406091916 - Mean Reward 718.09 - Mean Length 188.82 - Mean Loss 1.556 - Mean Q Value 39.76 - Time Delta 86.701 - Time 2026-04-12T16:30:09
Episode 7140 - Step 1417909 - Epsilon 0.7015400463268759 - Mean Reward 708.75 - Mean Length 188.64 - Mean Loss 1.617 - Mean Q Value 40.063 - Time Delta 68.09 - Time 2026-04-12T16:31:17
Episode 7160 - Step 1420889 - Epsilon 0.701017593564801 - Mean Reward 697.8 - Mean Length 182.54 - Mean Loss 1.667 - Mean Q Value 40.192 - Time Delta 49.496 - Time 2026-04-12T16:32:07
Episode 7180 - Step 1424481 - Epsilon 0.7003883622541816 - Mean Reward 737.69 - Mean Length 187.48 - Mean Loss 1.691 - Mean Q Value 40.359 - Time Delta 60.397 - Time 2026-04-12T16:33:07
Episode 7200 - Step 1428327 - Epsilon 0.6997152624042482 - Mean Reward 734.49 - Mean Length 188.63 - Mean Loss 1.705 - Mean Q Value 41.006 - Time Delta 76.248 - Time 2026-04-12T16:34:23
Episode 7220 - Step 1431550 - Epsilon 0.6991516938392175 - Mean Reward 704.25 - Mean Length 174.5 - Mean Loss 1.689 - Mean Q Value 41.679 - Time Delta 64.017 - Time 2026-04-12T16:35:27
Episode 7240 - Step 1436089 - Epsilon 0.6983587813192328 - Mean Reward 718.21 - Mean Length 181.8 - Mean Loss 1.696 - Mean Q Value 42.185 - Time Delta 69.689 - Time 2026-04-12T16:36:37
Episode 7260 - Step 1440306 - Epsilon 0.6976229244386509 - Mean Reward 742.16 - Mean Length 194.17 - Mean Loss 1.72 - Mean Q Value 42.03 - Time Delta 68.884 - Time 2026-04-12T16:37:46
Episode 7280 - Step 1443684 - Epsilon 0.6970340305007334 - Mean Reward 708.53 - Mean Length 192.03 - Mean Loss 1.778 - Mean Q Value 41.339 - Time Delta 61.4 - Time 2026-04-12T16:38:47
Episode 7300 - Step 1447288 - Epsilon 0.6964062856022399 - Mean Reward 696.22 - Mean Length 189.61 - Mean Loss 1.847 - Mean Q Value 40.483 - Time Delta 63.41 - Time 2026-04-12T16:39:51
Episode 7320 - Step 1452179 - Epsilon 0.6955552751025992 - Mean Reward 739.79 - Mean Length 206.29 - Mean Loss 1.894 - Mean Q Value 39.602 - Time Delta 78.202 - Time 2026-04-12T16:41:09
Episode 7340 - Step 1457141 - Epsilon 0.6946929736289941 - Mean Reward 723.09 - Mean Length 210.52 - Mean Loss 1.948 - Mean Q Value 38.777 - Time Delta 84.104 - Time 2026-04-12T16:42:33
Episode 7360 - Step 1462226 - Epsilon 0.693810406176622 - Mean Reward 720.68 - Mean Length 219.2 - Mean Loss 1.972 - Mean Q Value 37.494 - Time Delta 83.263 - Time 2026-04-12T16:43:56
Episode 7380 - Step 1465596 - Epsilon 0.6932261170026767 - Mean Reward 728.34 - Mean Length 219.12 - Mean Loss 1.954 - Mean Q Value 36.392 - Time Delta 58.348 - Time 2026-04-12T16:44:55
Episode 7400 - Step 1469533 - Epsilon 0.6925441447823063 - Mean Reward 722.4 - Mean Length 222.45 - Mean Loss 1.933 - Mean Q Value 35.955 - Time Delta 64.664 - Time 2026-04-12T16:45:59
Episode 7420 - Step 1473525 - Epsilon 0.6918533304130736 - Mean Reward 695.71 - Mean Length 213.46 - Mean Loss 1.926 - Mean Q Value 35.87 - Time Delta 70.266 - Time 2026-04-12T16:47:10
Episode 7440 - Step 1480678 - Epsilon 0.6906172290987685 - Mean Reward 728.7 - Mean Length 235.37 - Mean Loss 1.903 - Mean Q Value 35.611 - Time Delta 121.249 - Time 2026-04-12T16:49:11
Episode 7460 - Step 1484628 - Epsilon 0.6899355811188154 - Mean Reward 715.97 - Mean Length 224.02 - Mean Loss 1.832 - Mean Q Value 35.476 - Time Delta 66.275 - Time 2026-04-12T16:50:17
Episode 7480 - Step 1487315 - Epsilon 0.6894722724654346 - Mean Reward 701.62 - Mean Length 217.19 - Mean Loss 1.796 - Mean Q Value 35.388 - Time Delta 44.037 - Time 2026-04-12T16:51:01
Episode 7500 - Step 1490240 - Epsilon 0.6889682800977948 - Mean Reward 677.52 - Mean Length 207.07 - Mean Loss 1.745 - Mean Q Value 35.196 - Time Delta 47.991 - Time 2026-04-12T16:51:49
Episode 7520 - Step 1493517 - Epsilon 0.6884040739082375 - Mean Reward 677.88 - Mean Length 199.92 - Mean Loss 1.611 - Mean Q Value 35.557 - Time Delta 53.255 - Time 2026-04-12T16:52:42
MarioNet saved to checkpoints/2026-04-12T10-38-02/mario_net_3.chkpt at step 1500000
Episode 7540 - Step 1500593 - Epsilon 0.6871873634469343 - Mean Reward 674.0 - Mean Length 199.15 - Mean Loss 1.447 - Mean Q Value 35.618 - Time Delta 118.376 - Time 2026-04-12T16:54:41
Episode 7560 - Step 1504108 - Epsilon 0.6865837627216802 - Mean Reward 684.67 - Mean Length 194.8 - Mean Loss 1.287 - Mean Q Value 35.595 - Time Delta 61.898 - Time 2026-04-12T16:55:43
Episode 7580 - Step 1507692 - Epsilon 0.6859688591112904 - Mean Reward 700.41 - Mean Length 203.77 - Mean Loss 1.123 - Mean Q Value 36.184 - Time Delta 57.782 - Time 2026-04-12T16:56:40
Episode 7600 - Step 1513055 - Epsilon 0.6850497625254792 - Mean Reward 745.52 - Mean Length 228.15 - Mean Loss 0.985 - Mean Q Value 36.386 - Time Delta 86.635 - Time 2026-04-12T16:58:07
Episode 7620 - Step 1516043 - Epsilon 0.6845382213732639 - Mean Reward 723.04 - Mean Length 225.26 - Mean Loss 0.93 - Mean Q Value 35.25 - Time Delta 48.748 - Time 2026-04-12T16:58:56
Episode 7640 - Step 1520428 - Epsilon 0.6837882074307294 - Mean Reward 695.73 - Mean Length 198.35 - Mean Loss 0.894 - Mean Q Value 35.003 - Time Delta 70.867 - Time 2026-04-12T17:00:07
Episode 7660 - Step 1524853 - Epsilon 0.6830321848837227 - Mean Reward 677.31 - Mean Length 207.45 - Mean Loss 0.885 - Mean Q Value 35.477 - Time Delta 70.745 - Time 2026-04-12T17:01:17
Episode 7680 - Step 1530423 - Epsilon 0.682081724359046 - Mean Reward 677.24 - Mean Length 227.31 - Mean Loss 0.856 - Mean Q Value 34.33 - Time Delta 89.029 - Time 2026-04-12T17:02:46
Episode 7700 - Step 1533902 - Epsilon 0.6814887416158303 - Mean Reward 664.19 - Mean Length 208.47 - Mean Loss 0.849 - Mean Q Value 33.016 - Time Delta 67.367 - Time 2026-04-12T17:03:54
Episode 7720 - Step 1537209 - Epsilon 0.680925553568161 - Mean Reward 680.05 - Mean Length 211.66 - Mean Loss 0.858 - Mean Q Value 33.179 - Time Delta 51.232 - Time 2026-04-12T17:04:45
Episode 7740 - Step 1541470 - Epsilon 0.6802005837371079 - Mean Reward 696.67 - Mean Length 210.42 - Mean Loss 0.917 - Mean Q Value 34.349 - Time Delta 70.387 - Time 2026-04-12T17:05:55
Episode 7760 - Step 1545895 - Epsilon 0.6794485278048713 - Mean Reward 732.53 - Mean Length 210.42 - Mean Loss 0.945 - Mean Q Value 35.77 - Time Delta 78.058 - Time 2026-04-12T17:07:13
Episode 7780 - Step 1550735 - Epsilon 0.6786268921732107 - Mean Reward 763.67 - Mean Length 203.12 - Mean Loss 1.013 - Mean Q Value 37.627 - Time Delta 75.521 - Time 2026-04-12T17:08:29
Episode 7800 - Step 1554576 - Epsilon 0.6779755533925755 - Mean Reward 765.73 - Mean Length 206.74 - Mean Loss 1.126 - Mean Q Value 38.878 - Time Delta 60.962 - Time 2026-04-12T17:09:30
Episode 7820 - Step 1557779 - Epsilon 0.6774328817014611 - Mean Reward 774.5 - Mean Length 205.7 - Mean Loss 1.2 - Mean Q Value 39.447 - Time Delta 51.52 - Time 2026-04-12T17:10:22
Episode 7840 - Step 1561685 - Epsilon 0.6767716912884985 - Mean Reward 769.4 - Mean Length 202.15 - Mean Loss 1.211 - Mean Q Value 39.656 - Time Delta 64.009 - Time 2026-04-12T17:11:25
Episode 7860 - Step 1564134 - Epsilon 0.6763574645867583 - Mean Reward 708.06 - Mean Length 182.39 - Mean Loss 1.306 - Mean Q Value 40.137 - Time Delta 39.778 - Time 2026-04-12T17:12:05
Episode 7880 - Step 1567756 - Epsilon 0.6757453000253002 - Mean Reward 665.48 - Mean Length 170.21 - Mean Loss 1.352 - Mean Q Value 40.789 - Time Delta 64.57 - Time 2026-04-12T17:13:10
Episode 7900 - Step 1570861 - Epsilon 0.6752209562078135 - Mean Reward 644.55 - Mean Length 162.85 - Mean Loss 1.334 - Mean Q Value 41.173 - Time Delta 54.695 - Time 2026-04-12T17:14:04
Episode 7920 - Step 1575022 - Epsilon 0.6745189227287404 - Mean Reward 646.01 - Mean Length 172.43 - Mean Loss 1.328 - Mean Q Value 41.273 - Time Delta 63.12 - Time 2026-04-12T17:15:08
Episode 7940 - Step 1579058 - Epsilon 0.6738386762926181 - Mean Reward 649.75 - Mean Length 173.73 - Mean Loss 1.302 - Mean Q Value 40.529 - Time Delta 62.871 - Time 2026-04-12T17:16:10
Episode 7960 - Step 1581784 - Epsilon 0.673379611621331 - Mean Reward 675.17 - Mean Length 176.5 - Mean Loss 1.28 - Mean Q Value 39.92 - Time Delta 48.686 - Time 2026-04-12T17:16:59
Episode 7980 - Step 1584773 - Epsilon 0.6728766165985267 - Mean Reward 682.77 - Mean Length 170.17 - Mean Loss 1.283 - Mean Q Value 39.793 - Time Delta 51.505 - Time 2026-04-12T17:17:51
Episode 8000 - Step 1589114 - Epsilon 0.6721467732619043 - Mean Reward 721.07 - Mean Length 182.53 - Mean Loss 1.27 - Mean Q Value 40.585 - Time Delta 76.996 - Time 2026-04-12T17:19:08
Episode 8020 - Step 1594126 - Epsilon 0.6713051006676825 - Mean Reward 755.19 - Mean Length 191.04 - Mean Loss 1.295 - Mean Q Value 40.715 - Time Delta 82.376 - Time 2026-04-12T17:20:30
Episode 8040 - Step 1596843 - Epsilon 0.6708492714495341 - Mean Reward 725.0 - Mean Length 177.85 - Mean Loss 1.37 - Mean Q Value 40.769 - Time Delta 47.469 - Time 2026-04-12T17:21:18
Episode 8060 - Step 1600648 - Epsilon 0.6702114294219588 - Mean Reward 729.72 - Mean Length 188.64 - Mean Loss 1.415 - Mean Q Value 40.607 - Time Delta 59.255 - Time 2026-04-12T17:22:17
Episode 8080 - Step 1604205 - Epsilon 0.6696157087453611 - Mean Reward 703.6 - Mean Length 194.32 - Mean Loss 1.467 - Mean Q Value 40.083 - Time Delta 62.207 - Time 2026-04-12T17:23:19
Episode 8100 - Step 1608326 - Epsilon 0.6689261923232748 - Mean Reward 685.51 - Mean Length 192.12 - Mean Loss 1.509 - Mean Q Value 38.66 - Time Delta 67.527 - Time 2026-04-12T17:24:27
Episode 8120 - Step 1612532 - Epsilon 0.6682231860144136 - Mean Reward 670.31 - Mean Length 184.06 - Mean Loss 1.561 - Mean Q Value 37.772 - Time Delta 71.497 - Time 2026-04-12T17:25:38
Episode 8140 - Step 1616264 - Epsilon 0.6676000244539514 - Mean Reward 683.24 - Mean Length 194.21 - Mean Loss 1.592 - Mean Q Value 37.656 - Time Delta 60.785 - Time 2026-04-12T17:26:39
Episode 8160 - Step 1621881 - Epsilon 0.6666632049207362 - Mean Reward 715.29 - Mean Length 212.33 - Mean Loss 1.604 - Mean Q Value 37.155 - Time Delta 93.356 - Time 2026-04-12T17:28:12
Episode 8180 - Step 1625378 - Epsilon 0.6660806292364355 - Mean Reward 740.12 - Mean Length 211.73 - Mean Loss 1.638 - Mean Q Value 36.315 - Time Delta 59.396 - Time 2026-04-12T17:29:12
Episode 8200 - Step 1629266 - Epsilon 0.6654335133331161 - Mean Reward 732.86 - Mean Length 209.4 - Mean Loss 1.664 - Mean Q Value 36.206 - Time Delta 62.173 - Time 2026-04-12T17:30:14
Episode 8220 - Step 1632266 - Epsilon 0.6649346252421053 - Mean Reward 687.07 - Mean Length 197.34 - Mean Loss 1.653 - Mean Q Value 36.735 - Time Delta 54.499 - Time 2026-04-12T17:31:08
Episode 8240 - Step 1636617 - Epsilon 0.6642117357458399 - Mean Reward 711.57 - Mean Length 203.53 - Mean Loss 1.637 - Mean Q Value 36.891 - Time Delta 70.922 - Time 2026-04-12T17:32:19
Episode 8260 - Step 1640591 - Epsilon 0.6635521689978721 - Mean Reward 701.03 - Mean Length 187.1 - Mean Loss 1.644 - Mean Q Value 37.328 - Time Delta 72.55 - Time 2026-04-12T17:33:32
Episode 8280 - Step 1643887 - Epsilon 0.6630056271483866 - Mean Reward 709.68 - Mean Length 185.09 - Mean Loss 1.648 - Mean Q Value 38.162 - Time Delta 58.901 - Time 2026-04-12T17:34:31
Episode 8300 - Step 1647023 - Epsilon 0.6624860343786567 - Mean Reward 697.39 - Mean Length 177.57 - Mean Loss 1.644 - Mean Q Value 38.849 - Time Delta 49.557 - Time 2026-04-12T17:35:20
Episode 8320 - Step 1651410 - Epsilon 0.6617598510231667 - Mean Reward 723.41 - Mean Length 191.44 - Mean Loss 1.638 - Mean Q Value 39.007 - Time Delta 81.636 - Time 2026-04-12T17:36:42
Episode 8340 - Step 1654524 - Epsilon 0.6612448713965308 - Mean Reward 682.74 - Mean Length 179.07 - Mean Loss 1.598 - Mean Q Value 38.681 - Time Delta 51.805 - Time 2026-04-12T17:37:34
Episode 8360 - Step 1658180 - Epsilon 0.660640769625043 - Mean Reward 669.68 - Mean Length 175.89 - Mean Loss 1.527 - Mean Q Value 38.253 - Time Delta 59.499 - Time 2026-04-12T17:38:33
Episode 8380 - Step 1662353 - Epsilon 0.6599519154419683 - Mean Reward 667.22 - Mean Length 184.66 - Mean Loss 1.47 - Mean Q Value 37.984 - Time Delta 71.59 - Time 2026-04-12T17:39:45
Episode 8400 - Step 1665523 - Epsilon 0.6594291106723105 - Mean Reward 681.59 - Mean Length 185.0 - Mean Loss 1.449 - Mean Q Value 37.766 - Time Delta 54.445 - Time 2026-04-12T17:40:39
Episode 8420 - Step 1668964 - Epsilon 0.6588620806376588 - Mean Reward 651.08 - Mean Length 175.54 - Mean Loss 1.396 - Mean Q Value 37.413 - Time Delta 59.614 - Time 2026-04-12T17:41:39
Episode 8440 - Step 1673258 - Epsilon 0.6581551716069415 - Mean Reward 690.73 - Mean Length 187.34 - Mean Loss 1.38 - Mean Q Value 37.573 - Time Delta 73.128 - Time 2026-04-12T17:42:52
Episode 8460 - Step 1676447 - Epsilon 0.6576306664393952 - Mean Reward 685.22 - Mean Length 182.67 - Mean Loss 1.361 - Mean Q Value 37.97 - Time Delta 59.147 - Time 2026-04-12T17:43:51
Episode 8480 - Step 1680246 - Epsilon 0.657006378141652 - Mean Reward 693.56 - Mean Length 178.93 - Mean Loss 1.337 - Mean Q Value 38.355 - Time Delta 61.146 - Time 2026-04-12T17:44:52
Episode 8500 - Step 1683981 - Epsilon 0.6563931846885728 - Mean Reward 705.01 - Mean Length 184.58 - Mean Loss 1.375 - Mean Q Value 39.04 - Time Delta 65.129 - Time 2026-04-12T17:45:57
Episode 8520 - Step 1687710 - Epsilon 0.6557815472094239 - Mean Reward 716.21 - Mean Length 187.46 - Mean Loss 1.439 - Mean Q Value 39.453 - Time Delta 62.061 - Time 2026-04-12T17:46:59
Episode 8540 - Step 1691569 - Epsilon 0.6551491869664418 - Mean Reward 695.9 - Mean Length 183.11 - Mean Loss 1.483 - Mean Q Value 39.441 - Time Delta 63.234 - Time 2026-04-12T17:48:03
Episode 8560 - Step 1695024 - Epsilon 0.6545835461067284 - Mean Reward 700.78 - Mean Length 185.77 - Mean Loss 1.512 - Mean Q Value 39.152 - Time Delta 57.846 - Time 2026-04-12T17:49:00
Episode 8580 - Step 1698197 - Epsilon 0.654064503536303 - Mean Reward 692.32 - Mean Length 179.51 - Mean Loss 1.501 - Mean Q Value 39.06 - Time Delta 58.691 - Time 2026-04-12T17:49:59
Episode 8600 - Step 1702779 - Epsilon 0.6533157015120337 - Mean Reward 695.3 - Mean Length 187.98 - Mean Loss 1.443 - Mean Q Value 38.892 - Time Delta 79.012 - Time 2026-04-12T17:51:18
Episode 8620 - Step 1706312 - Epsilon 0.652738915107287 - Mean Reward 708.66 - Mean Length 186.02 - Mean Loss 1.377 - Mean Q Value 38.99 - Time Delta 63.121 - Time 2026-04-12T17:52:21
Episode 8640 - Step 1710564 - Epsilon 0.652045422210522 - Mean Reward 743.19 - Mean Length 189.95 - Mean Loss 1.346 - Mean Q Value 39.273 - Time Delta 68.17 - Time 2026-04-12T17:53:29
Episode 8660 - Step 1715104 - Epsilon 0.651305770395555 - Mean Reward 758.03 - Mean Length 200.8 - Mean Loss 1.377 - Mean Q Value 39.714 - Time Delta 78.588 - Time 2026-04-12T17:54:48
Episode 8680 - Step 1719161 - Epsilon 0.6506455183222405 - Mean Reward 771.83 - Mean Length 209.64 - Mean Loss 1.383 - Mean Q Value 39.616 - Time Delta 69.398 - Time 2026-04-12T17:55:57
Episode 8700 - Step 1721820 - Epsilon 0.6502131453857057 - Mean Reward 740.64 - Mean Length 190.41 - Mean Loss 1.407 - Mean Q Value 39.017 - Time Delta 43.75 - Time 2026-04-12T17:56:41
Episode 8720 - Step 1724839 - Epsilon 0.6497225821024448 - Mean Reward 739.0 - Mean Length 185.27 - Mean Loss 1.434 - Mean Q Value 39.154 - Time Delta 55.54 - Time 2026-04-12T17:57:37
Episode 8740 - Step 1728465 - Epsilon 0.6491338753797339 - Mean Reward 705.85 - Mean Length 179.01 - Mean Loss 1.43 - Mean Q Value 39.777 - Time Delta 66.233 - Time 2026-04-12T17:58:43
Episode 8760 - Step 1731521 - Epsilon 0.6486381264371173 - Mean Reward 675.14 - Mean Length 164.17 - Mean Loss 1.422 - Mean Q Value 40.697 - Time Delta 46.956 - Time 2026-04-12T17:59:30
Episode 8780 - Step 1734976 - Epsilon 0.6480781070785041 - Mean Reward 675.86 - Mean Length 158.15 - Mean Loss 1.455 - Mean Q Value 41.625 - Time Delta 55.964 - Time 2026-04-12T18:00:26
Episode 8800 - Step 1738403 - Epsilon 0.6475231038742576 - Mean Reward 706.19 - Mean Length 165.83 - Mean Loss 1.461 - Mean Q Value 42.787 - Time Delta 57.294 - Time 2026-04-12T18:01:23
Episode 8820 - Step 1742154 - Epsilon 0.6469161736265454 - Mean Reward 706.72 - Mean Length 173.15 - Mean Loss 1.519 - Mean Q Value 43.227 - Time Delta 60.638 - Time 2026-04-12T18:02:24
Episode 8840 - Step 1745650 - Epsilon 0.6463510158299995 - Mean Reward 718.22 - Mean Length 171.85 - Mean Loss 1.578 - Mean Q Value 43.321 - Time Delta 59.233 - Time 2026-04-12T18:03:23
Episode 8860 - Step 1750562 - Epsilon 0.645557783827428 - Mean Reward 748.48 - Mean Length 190.41 - Mean Loss 1.586 - Mean Q Value 42.247 - Time Delta 88.567 - Time 2026-04-12T18:04:52
Episode 8880 - Step 1753991 - Epsilon 0.6450046164832469 - Mean Reward 742.62 - Mean Length 190.15 - Mean Loss 1.613 - Mean Q Value 41.248 - Time Delta 56.804 - Time 2026-04-12T18:05:48
Episode 8900 - Step 1757395 - Epsilon 0.6444559509762485 - Mean Reward 742.69 - Mean Length 189.92 - Mean Loss 1.619 - Mean Q Value 40.156 - Time Delta 55.416 - Time 2026-04-12T18:06:44
Episode 8920 - Step 1760871 - Epsilon 0.6438961619483593 - Mean Reward 765.24 - Mean Length 187.17 - Mean Loss 1.631 - Mean Q Value 40.462 - Time Delta 59.775 - Time 2026-04-12T18:07:44
Episode 8940 - Step 1764419 - Epsilon 0.6433252792051979 - Mean Reward 762.81 - Mean Length 187.69 - Mean Loss 1.648 - Mean Q Value 40.991 - Time Delta 59.816 - Time 2026-04-12T18:08:43
Episode 8960 - Step 1768253 - Epsilon 0.6427089472722153 - Mean Reward 759.73 - Mean Length 176.91 - Mean Loss 1.669 - Mean Q Value 42.252 - Time Delta 57.13 - Time 2026-04-12T18:09:41
Episode 8980 - Step 1772429 - Epsilon 0.642038309181335 - Mean Reward 740.72 - Mean Length 184.38 - Mean Loss 1.667 - Mean Q Value 42.9 - Time Delta 71.266 - Time 2026-04-12T18:10:52
Episode 9000 - Step 1777057 - Epsilon 0.6412959003310458 - Mean Reward 748.66 - Mean Length 196.62 - Mean Loss 1.638 - Mean Q Value 42.652 - Time Delta 79.171 - Time 2026-04-12T18:12:11
Episode 9020 - Step 1780606 - Epsilon 0.6407271628157971 - Mean Reward 721.54 - Mean Length 197.35 - Mean Loss 1.549 - Mean Q Value 40.431 - Time Delta 63.264 - Time 2026-04-12T18:13:14
Episode 9040 - Step 1783798 - Epsilon 0.640216066430489 - Mean Reward 687.81 - Mean Length 193.79 - Mean Loss 1.485 - Mean Q Value 38.696 - Time Delta 56.949 - Time 2026-04-12T18:14:11
Episode 9060 - Step 1788920 - Epsilon 0.639396794305823 - Mean Reward 708.66 - Mean Length 206.67 - Mean Loss 1.452 - Mean Q Value 37.073 - Time Delta 76.854 - Time 2026-04-12T18:15:28
Episode 9080 - Step 1792390 - Epsilon 0.6388423580388819 - Mean Reward 719.51 - Mean Length 199.61 - Mean Loss 1.479 - Mean Q Value 36.141 - Time Delta 55.802 - Time 2026-04-12T18:16:24
Episode 9100 - Step 1797530 - Epsilon 0.6380219727165962 - Mean Reward 716.42 - Mean Length 204.73 - Mean Loss 1.571 - Mean Q Value 35.893 - Time Delta 81.26 - Time 2026-04-12T18:17:45
Episode 9120 - Step 1802485 - Epsilon 0.6372321122198987 - Mean Reward 740.6 - Mean Length 218.79 - Mean Loss 1.62 - Mean Q Value 36.159 - Time Delta 89.115 - Time 2026-04-12T18:19:14
Episode 9140 - Step 1805612 - Epsilon 0.636734150619956 - Mean Reward 765.72 - Mean Length 218.14 - Mean Loss 1.604 - Mean Q Value 36.207 - Time Delta 49.743 - Time 2026-04-12T18:20:04
Episode 9160 - Step 1808591 - Epsilon 0.6362601193412679 - Mean Reward 739.1 - Mean Length 196.71 - Mean Loss 1.556 - Mean Q Value 37.049 - Time Delta 49.292 - Time 2026-04-12T18:20:53
Episode 9180 - Step 1811992 - Epsilon 0.6357193690261866 - Mean Reward 743.16 - Mean Length 196.02 - Mean Loss 1.481 - Mean Q Value 38.543 - Time Delta 53.301 - Time 2026-04-12T18:21:47
Episode 9200 - Step 1815378 - Epsilon 0.635181460215017 - Mean Reward 737.59 - Mean Length 178.48 - Mean Loss 1.377 - Mean Q Value 40.657 - Time Delta 59.804 - Time 2026-04-12T18:22:46
Episode 9220 - Step 1820681 - Epsilon 0.6343399262439166 - Mean Reward 764.45 - Mean Length 181.96 - Mean Loss 1.298 - Mean Q Value 42.542 - Time Delta 94.407 - Time 2026-04-12T18:24:21
Episode 9240 - Step 1823547 - Epsilon 0.6338855844173049 - Mean Reward 757.37 - Mean Length 179.35 - Mean Loss 1.294 - Mean Q Value 43.311 - Time Delta 45.807 - Time 2026-04-12T18:25:07
Episode 9260 - Step 1826505 - Epsilon 0.6334169992497091 - Mean Reward 752.66 - Mean Length 179.14 - Mean Loss 1.309 - Mean Q Value 43.177 - Time Delta 43.957 - Time 2026-04-12T18:25:51
Episode 9280 - Step 1829986 - Epsilon 0.6328660078220808 - Mean Reward 757.72 - Mean Length 179.94 - Mean Loss 1.28 - Mean Q Value 42.866 - Time Delta 55.651 - Time 2026-04-12T18:26:46
Episode 9300 - Step 1834384 - Epsilon 0.6321705539552741 - Mean Reward 755.87 - Mean Length 190.06 - Mean Loss 1.272 - Mean Q Value 42.18 - Time Delta 79.719 - Time 2026-04-12T18:28:06
Episode 9320 - Step 1838060 - Epsilon 0.6315898560150938 - Mean Reward 724.92 - Mean Length 173.79 - Mean Loss 1.281 - Mean Q Value 41.243 - Time Delta 60.371 - Time 2026-04-12T18:29:06
Episode 9340 - Step 1841821 - Epsilon 0.6309962826760921 - Mean Reward 730.23 - Mean Length 182.74 - Mean Loss 1.256 - Mean Q Value 40.586 - Time Delta 57.849 - Time 2026-04-12T18:30:04
Episode 9360 - Step 1846267 - Epsilon 0.6302953198524355 - Mean Reward 744.98 - Mean Length 197.62 - Mean Loss 1.215 - Mean Q Value 39.888 - Time Delta 77.401 - Time 2026-04-12T18:31:22
Episode 9380 - Step 1850299 - Epsilon 0.6296603021932281 - Mean Reward 746.98 - Mean Length 203.13 - Mean Loss 1.214 - Mean Q Value 38.624 - Time Delta 65.908 - Time 2026-04-12T18:32:27
Episode 9400 - Step 1853847 - Epsilon 0.6291020410607383 - Mean Reward 743.96 - Mean Length 194.63 - Mean Loss 1.249 - Mean Q Value 37.85 - Time Delta 54.116 - Time 2026-04-12T18:33:22
Episode 9420 - Step 1858614 - Epsilon 0.6283527551789468 - Mean Reward 728.95 - Mean Length 205.54 - Mean Loss 1.238 - Mean Q Value 37.584 - Time Delta 83.485 - Time 2026-04-12T18:34:45
Episode 9440 - Step 1862912 - Epsilon 0.6276779526616403 - Mean Reward 720.84 - Mean Length 210.91 - Mean Loss 1.225 - Mean Q Value 36.815 - Time Delta 76.2 - Time 2026-04-12T18:36:01
Episode 9460 - Step 1868566 - Epsilon 0.6267913565140524 - Mean Reward 723.87 - Mean Length 222.99 - Mean Loss 1.326 - Mean Q Value 35.736 - Time Delta 93.916 - Time 2026-04-12T18:37:35
Episode 9480 - Step 1872355 - Epsilon 0.6261979094430722 - Mean Reward 729.83 - Mean Length 220.56 - Mean Loss 1.475 - Mean Q Value 35.334 - Time Delta 60.213 - Time 2026-04-12T18:38:35
Episode 9500 - Step 1878002 - Epsilon 0.6253144981585287 - Mean Reward 734.29 - Mean Length 241.55 - Mean Loss 1.512 - Mean Q Value 34.798 - Time Delta 97.896 - Time 2026-04-12T18:40:13
Episode 9520 - Step 1882498 - Epsilon 0.624612039430456 - Mean Reward 751.39 - Mean Length 238.84 - Mean Loss 1.583 - Mean Q Value 33.854 - Time Delta 73.427 - Time 2026-04-12T18:41:27
Episode 9540 - Step 1886575 - Epsilon 0.6239757278650088 - Mean Reward 780.02 - Mean Length 236.63 - Mean Loss 1.654 - Mean Q Value 33.936 - Time Delta 64.545 - Time 2026-04-12T18:42:31
Episode 9560 - Step 1889862 - Epsilon 0.6234631863658224 - Mean Reward 763.36 - Mean Length 212.96 - Mean Loss 1.631 - Mean Q Value 35.376 - Time Delta 52.819 - Time 2026-04-12T18:43:24
Episode 9580 - Step 1894716 - Epsilon 0.6227070725593883 - Mean Reward 767.38 - Mean Length 223.61 - Mean Loss 1.549 - Mean Q Value 36.668 - Time Delta 80.04 - Time 2026-04-12T18:44:44
Episode 9600 - Step 1897757 - Epsilon 0.6222338393588178 - Mean Reward 744.76 - Mean Length 197.55 - Mean Loss 1.481 - Mean Q Value 37.433 - Time Delta 48.644 - Time 2026-04-12T18:45:33
Episode 9620 - Step 1904122 - Epsilon 0.6212444969924104 - Mean Reward 725.81 - Mean Length 216.24 - Mean Loss 1.413 - Mean Q Value 37.783 - Time Delta 96.431 - Time 2026-04-12T18:47:09
Episode 9640 - Step 1908232 - Epsilon 0.6206064960210413 - Mean Reward 711.49 - Mean Length 216.57 - Mean Loss 1.361 - Mean Q Value 37.225 - Time Delta 67.675 - Time 2026-04-12T18:48:17
Episode 9660 - Step 1910541 - Epsilon 0.6202483542550071 - Mean Reward 671.6 - Mean Length 206.79 - Mean Loss 1.32 - Mean Q Value 36.017 - Time Delta 41.706 - Time 2026-04-12T18:48:59
Episode 9680 - Step 1914350 - Epsilon 0.6196580038110053 - Mean Reward 662.42 - Mean Length 196.34 - Mean Loss 1.333 - Mean Q Value 35.987 - Time Delta 60.785 - Time 2026-04-12T18:49:59
Episode 9700 - Step 1917616 - Epsilon 0.6191522594858222 - Mean Reward 660.51 - Mean Length 198.59 - Mean Loss 1.401 - Mean Q Value 36.476 - Time Delta 55.273 - Time 2026-04-12T18:50:55
Episode 9720 - Step 1921191 - Epsilon 0.6185991392970918 - Mean Reward 662.23 - Mean Length 170.69 - Mean Loss 1.536 - Mean Q Value 37.92 - Time Delta 58.476 - Time 2026-04-12T18:51:53
Episode 9740 - Step 1925684 - Epsilon 0.6179046878212993 - Mean Reward 660.38 - Mean Length 174.52 - Mean Loss 1.678 - Mean Q Value 39.501 - Time Delta 72.515 - Time 2026-04-12T18:53:06
Episode 9760 - Step 1929528 - Epsilon 0.6173111665746677 - Mean Reward 698.54 - Mean Length 189.87 - Mean Loss 1.832 - Mean Q Value 40.324 - Time Delta 64.29 - Time 2026-04-12T18:54:10
Episode 9780 - Step 1934048 - Epsilon 0.6166139988431485 - Mean Reward 708.33 - Mean Length 196.98 - Mean Loss 1.825 - Mean Q Value 39.212 - Time Delta 75.561 - Time 2026-04-12T18:55:25
Episode 9800 - Step 1937364 - Epsilon 0.6161030375968664 - Mean Reward 717.19 - Mean Length 197.48 - Mean Loss 1.776 - Mean Q Value 38.071 - Time Delta 59.139 - Time 2026-04-12T18:56:25
Episode 9820 - Step 1940498 - Epsilon 0.615620509861449 - Mean Reward 708.15 - Mean Length 193.07 - Mean Loss 1.69 - Mean Q Value 37.391 - Time Delta 52.815 - Time 2026-04-12T18:57:17
Episode 9840 - Step 1943913 - Epsilon 0.6150951480811331 - Mean Reward 702.61 - Mean Length 182.29 - Mean Loss 1.614 - Mean Q Value 37.942 - Time Delta 56.376 - Time 2026-04-12T18:58:14
Episode 9860 - Step 1946363 - Epsilon 0.6147185176106592 - Mean Reward 679.36 - Mean Length 168.35 - Mean Loss 1.497 - Mean Q Value 39.297 - Time Delta 42.702 - Time 2026-04-12T18:58:56
Episode 9880 - Step 1950630 - Epsilon 0.6140631161868622 - Mean Reward 663.92 - Mean Length 165.82 - Mean Loss 1.467 - Mean Q Value 40.92 - Time Delta 69.841 - Time 2026-04-12T19:00:06
Episode 9900 - Step 1953815 - Epsilon 0.6135743629801306 - Mean Reward 673.61 - Mean Length 164.51 - Mean Loss 1.49 - Mean Q Value 41.715 - Time Delta 57.52 - Time 2026-04-12T19:01:04
Episode 9920 - Step 1957502 - Epsilon 0.6130090613137393 - Mean Reward 693.36 - Mean Length 170.04 - Mean Loss 1.495 - Mean Q Value 42.037 - Time Delta 57.932 - Time 2026-04-12T19:02:02
Episode 9940 - Step 1962695 - Epsilon 0.6122137385759373 - Mean Reward 737.87 - Mean Length 187.82 - Mean Loss 1.515 - Mean Q Value 41.789 - Time Delta 84.664 - Time 2026-04-12T19:03:26
Episode 9960 - Step 1966830 - Epsilon 0.6115811895496377 - Mean Reward 765.41 - Mean Length 204.67 - Mean Loss 1.56 - Mean Q Value 41.076 - Time Delta 65.158 - Time 2026-04-12T19:04:32
Episode 9980 - Step 1971412 - Epsilon 0.6108810243055954 - Mean Reward 773.04 - Mean Length 207.82 - Mean Loss 1.648 - Mean Q Value 39.903 - Time Delta 83.291 - Time 2026-04-12T19:05:55
Episode 9999 - Step 1975532 - Epsilon 0.6102521407025168 - Mean Reward 774.19 - Mean Length 219.66 - Mean Loss 1.678 - Mean Q Value 38.58 - Time Delta 67.564 - Time 2026-04-12T19:07:02
