[Worker 0] Episode 0 Reward 231.0
[Worker 0] Episode 10 Reward 231.0
[Worker 0] Episode 20 Reward 231.0
[Worker 0] Episode 30 Reward 588.0
[Worker 0] Episode 40 Reward 231.0
[Worker 0] Episode 50 Reward 615.0
[Worker 0] Episode 60 Reward 1813.0
[Worker 0] Episode 70 Reward 231.0
[Worker 0] Episode 80 Reward 231.0
[Worker 0] Episode 90 Reward 231.0
[Worker 0] Episode 100 Reward 231.0
[Worker 0] Episode 110 Reward 231.0
[Worker 0] Episode 120 Reward 231.0
[Worker 0] Episode 130 Reward 600.0
[Worker 0] Episode 140 Reward 601.0
[Worker 0] Episode 150 Reward 609.0
[Worker 0] Episode 160 Reward 231.0
[Worker 0] Episode 170 Reward 633.0
[Worker 0] Episode 180 Reward 1292.0
[Worker 0] Episode 190 Reward 635.0
[Worker 0] Episode 200 Reward 616.0
[Worker 0] Episode 210 Reward 628.0
[Worker 0] Episode 220 Reward 231.0
[Worker 0] Episode 230 Reward 1298.0
[Worker 0] Episode 240 Reward 1005.0
[Worker 0] Episode 250 Reward 809.0
[Worker 0] Episode 260 Reward 231.0
[Worker 0] Episode 270 Reward 1309.0
[Worker 0] Episode 280 Reward 622.0
[Worker 0] Episode 290 Reward 231.0
[Worker 0] Episode 300 Reward 709.0
[Worker 0] Episode 310 Reward 231.0
[Worker 0] Episode 320 Reward 810.0
[Worker 0] Episode 330 Reward 231.0
[Worker 0] Episode 340 Reward 231.0
[Worker 0] Episode 350 Reward 226.0
[Worker 0] Episode 360 Reward 633.0
[Worker 0] Episode 370 Reward 223.0
[Worker 0] Episode 380 Reward 231.0
[Worker 0] Episode 390 Reward 1380.0
[Worker 0] Episode 400 Reward 1027.0
[Worker 0] Episode 410 Reward 614.0
[Worker 0] Episode 420 Reward 600.0
[Worker 0] Episode 430 Reward 1123.0
[Worker 0] Episode 440 Reward 627.0
[Worker 0] Episode 450 Reward 231.0
[Worker 0] Episode 460 Reward 231.0
[Worker 0] Episode 470 Reward 810.0
[Worker 0] Episode 480 Reward 1228.0
[Worker 0] Episode 490 Reward 231.0
[Worker 0] Episode 500 Reward 585.0
[Worker 0] Episode 510 Reward 774.0
[Worker 0] Episode 520 Reward 1290.0
[Worker 0] Episode 530 Reward 636.0
[Worker 0] Episode 540 Reward 223.0
[Worker 0] Episode 550 Reward 808.0
[Worker 0] Episode 560 Reward 231.0
[Worker 0] Episode 570 Reward 1298.0
[Worker 0] Episode 580 Reward 742.0
[Worker 0] Episode 590 Reward 1031.0
[Worker 0] Episode 600 Reward 231.0
[Worker 0] Episode 610 Reward 606.0
[Worker 0] Episode 620 Reward 215.0
[Worker 0] Episode 630 Reward 614.0
[Worker 0] Episode 640 Reward 1033.0
[Worker 0] Episode 650 Reward 804.0
[Worker 0] Episode 660 Reward 222.0
[Worker 0] Episode 670 Reward 231.0
[Worker 0] Episode 680 Reward 726.0
[Worker 0] Episode 690 Reward 231.0
[Worker 0] Episode 700 Reward 609.0
[Worker 0] Episode 710 Reward 1023.0
[Worker 0] Episode 720 Reward 231.0
[Worker 0] Episode 730 Reward 612.0
[Worker 0] Episode 740 Reward 1307.0
[Worker 0] Episode 750 Reward 588.0
[Worker 0] Episode 760 Reward 627.0
[Worker 0] Episode 770 Reward 729.0
[Worker 0] Episode 780 Reward 628.0
[Worker 0] Episode 790 Reward 231.0
[Worker 0] Episode 800 Reward 783.0
[Worker 0] Episode 810 Reward 627.0
[Worker 0] Episode 820 Reward 610.0
[Worker 0] Episode 830 Reward 611.0
[Worker 0] Episode 840 Reward 626.0
[Worker 0] Episode 850 Reward 1036.0
[Worker 0] Episode 860 Reward 1040.0
[Worker 0] Episode 870 Reward 226.0
[Worker 0] Episode 880 Reward 589.0
[Worker 0] Episode 890 Reward 601.0
[Worker 0] Episode 900 Reward 226.0
[Worker 0] Episode 910 Reward 231.0
[Worker 0] Episode 920 Reward 626.0
[Worker 0] Episode 930 Reward 231.0
[Worker 0] Episode 940 Reward 231.0
[Worker 0] Episode 950 Reward 231.0
[Worker 0] Episode 960 Reward 231.0
[Worker 0] Episode 970 Reward 231.0
[Worker 0] Episode 980 Reward 231.0
[Worker 0] Episode 990 Reward 231.0
